<?xml version="1.0" encoding="UTF-8"?>
<coverage generated="1702126586193" clover="3.2.0">
  <project timestamp="1702126586193" name="All files">
    <metrics statements="903" coveredstatements="724" conditionals="399" coveredconditionals="250" methods="212" coveredmethods="174" elements="1514" coveredelements="1148" complexity="0" loc="903" ncloc="903" packages="22" files="25" classes="25"/>
    <package name="src">
      <metrics statements="3" coveredstatements="3" conditionals="0" coveredconditionals="0" methods="1" coveredmethods="1"/>
      <file name="App.js" path="/Users/alkhalifas/Documents/Github/cs5500-final-project-saleh-vidhi/client/src/App.js">
        <metrics statements="1" coveredstatements="1" conditionals="0" coveredconditionals="0" methods="1" coveredmethods="1"/>
        <line num="8" count="179" type="stmt"/>
      </file>
      <file name="index.js" path="/Users/alkhalifas/Documents/Github/cs5500-final-project-saleh-vidhi/client/src/index.js">
        <metrics statements="2" coveredstatements="2" conditionals="0" coveredconditionals="0" methods="0" coveredmethods="0"/>
        <line num="5" count="86" type="stmt"/>
        <line num="6" count="86" type="stmt"/>
      </file>
    </package>
    <package name="src.components">
      <metrics statements="39" coveredstatements="34" conditionals="18" coveredconditionals="14" methods="11" coveredmethods="8"/>
      <file name="fakestackoverflow.js" path="/Users/alkhalifas/Documents/Github/cs5500-final-project-saleh-vidhi/client/src/components/fakestackoverflow.js">
        <metrics statements="39" coveredstatements="34" conditionals="18" coveredconditionals="14" methods="11" coveredmethods="8"/>
        <line num="14" count="471" type="stmt"/>
        <line num="15" count="464" type="stmt"/>
        <line num="16" count="464" type="stmt"/>
        <line num="17" count="464" type="stmt"/>
        <line num="18" count="464" type="stmt"/>
        <line num="19" count="464" type="stmt"/>
        <line num="20" count="464" type="stmt"/>
        <line num="21" count="464" type="stmt"/>
        <line num="24" count="464" type="stmt"/>
        <line num="25" count="172" type="stmt"/>
        <line num="27" count="172" type="cond" truecount="2" falsecount="0"/>
        <line num="28" count="4" type="stmt"/>
        <line num="29" count="4" type="stmt"/>
        <line num="31" count="168" type="stmt"/>
        <line num="32" count="168" type="stmt"/>
        <line num="36" count="0" type="stmt"/>
        <line num="40" count="464" type="stmt"/>
        <line num="41" count="0" type="stmt"/>
        <line num="42" count="0" type="stmt"/>
        <line num="45" count="464" type="stmt"/>
        <line num="46" count="172" type="stmt"/>
        <line num="49" count="464" type="cond" truecount="1" falsecount="0"/>
        <line num="50" count="39" type="cond" truecount="2" falsecount="0"/>
        <line num="51" count="31" type="stmt"/>
        <line num="52" count="31" type="stmt"/>
        <line num="54" count="39" type="stmt"/>
        <line num="55" count="70" type="stmt"/>
        <line num="58" count="464" type="stmt"/>
        <line num="59" count="266" type="cond" truecount="3" falsecount="2"/>
        <line num="61" count="192" type="stmt"/>
        <line num="63" count="22" type="stmt"/>
        <line num="65" count="0" type="cond" truecount="0" falsecount="2"/>
        <line num="67" count="52" type="stmt"/>
        <line num="69" count="0" type="stmt"/>
        <line num="73" count="464" type="stmt"/>
        <line num="74" count="464" type="cond" truecount="4" falsecount="0"/>
        <line num="75" count="274" type="stmt"/>
        <line num="85" count="190" type="stmt"/>
        <line num="89" count="464" type="stmt"/>
      </file>
    </package>
    <package name="src.components.header">
      <metrics statements="28" coveredstatements="25" conditionals="11" coveredconditionals="11" methods="13" coveredmethods="10"/>
      <file name="header.js" path="/Users/alkhalifas/Documents/Github/cs5500-final-project-saleh-vidhi/client/src/components/header/header.js">
        <metrics statements="28" coveredstatements="25" conditionals="11" coveredconditionals="11" methods="13" coveredmethods="10"/>
        <line num="13" count="546" type="stmt"/>
        <line num="14" count="546" type="stmt"/>
        <line num="17" count="546" type="stmt"/>
        <line num="18" count="176" type="stmt"/>
        <line num="20" count="176" type="cond" truecount="2" falsecount="0"/>
        <line num="21" count="8" type="stmt"/>
        <line num="22" count="8" type="stmt"/>
        <line num="23" count="8" type="stmt"/>
        <line num="26" count="168" type="stmt"/>
        <line num="27" count="168" type="stmt"/>
        <line num="31" count="0" type="stmt"/>
        <line num="36" count="546" type="stmt"/>
        <line num="37" count="4" type="stmt"/>
        <line num="38" count="4" type="stmt"/>
        <line num="41" count="546" type="stmt"/>
        <line num="42" count="9" type="stmt"/>
        <line num="44" count="9" type="stmt"/>
        <line num="45" count="9" type="stmt"/>
        <line num="48" count="0" type="stmt"/>
        <line num="52" count="546" type="stmt"/>
        <line num="53" count="176" type="stmt"/>
        <line num="56" count="546" type="stmt"/>
        <line num="68" count="41" type="stmt"/>
        <line num="70" count="45" type="cond" truecount="2" falsecount="0"/>
        <line num="71" count="4" type="stmt"/>
        <line num="81" count="9" type="stmt"/>
        <line num="88" count="0" type="stmt"/>
        <line num="96" count="86" type="stmt"/>
      </file>
    </package>
    <package name="src.components.login">
      <metrics statements="14" coveredstatements="14" conditionals="6" coveredconditionals="4" methods="3" coveredmethods="3"/>
      <file name="login.js" path="/Users/alkhalifas/Documents/Github/cs5500-final-project-saleh-vidhi/client/src/components/login/login.js">
        <metrics statements="14" coveredstatements="14" conditionals="6" coveredconditionals="4" methods="3" coveredmethods="3"/>
        <line num="7" count="3030" type="stmt"/>
        <line num="11" count="3030" type="stmt"/>
        <line num="13" count="3030" type="stmt"/>
        <line num="14" count="1417" type="stmt"/>
        <line num="17" count="3030" type="stmt"/>
        <line num="18" count="70" type="stmt"/>
        <line num="19" count="70" type="stmt"/>
        <line num="20" count="70" type="stmt"/>
        <line num="21" count="68" type="stmt"/>
        <line num="22" count="68" type="stmt"/>
        <line num="24" count="2" type="cond" truecount="1" falsecount="1"/>
        <line num="25" count="2" type="cond" truecount="1" falsecount="1"/>
        <line num="29" count="3030" type="stmt"/>
        <line num="46" count="86" type="stmt"/>
      </file>
    </package>
    <package name="src.components.main">
      <metrics statements="5" coveredstatements="5" conditionals="2" coveredconditionals="1" methods="1" coveredmethods="1"/>
      <file name="utils.js" path="/Users/alkhalifas/Documents/Github/cs5500-final-project-saleh-vidhi/client/src/components/main/utils.js">
        <metrics statements="5" coveredstatements="5" conditionals="2" coveredconditionals="1" methods="1" coveredmethods="1"/>
        <line num="1" count="86" type="stmt"/>
        <line num="2" count="3848" type="stmt"/>
        <line num="3" count="3848" type="cond" truecount="1" falsecount="1"/>
        <line num="4" count="3848" type="stmt"/>
        <line num="7" count="86" type="stmt"/>
      </file>
    </package>
    <package name="src.components.main.Answers">
      <metrics statements="132" coveredstatements="98" conditionals="67" coveredconditionals="44" methods="32" coveredmethods="25"/>
      <file name="AnswerCardTiming.js" path="/Users/alkhalifas/Documents/Github/cs5500-final-project-saleh-vidhi/client/src/components/main/Answers/AnswerCardTiming.js">
        <metrics statements="31" coveredstatements="9" conditionals="17" coveredconditionals="1" methods="3" coveredmethods="1"/>
        <line num="4" count="86" type="stmt"/>
        <line num="10" count="0" type="stmt"/>
        <line num="11" count="0" type="stmt"/>
        <line num="13" count="0" type="stmt"/>
        <line num="17" count="0" type="stmt"/>
        <line num="18" count="0" type="stmt"/>
        <line num="19" count="0" type="stmt"/>
        <line num="23" count="570" type="stmt"/>
        <line num="24" count="570" type="stmt"/>
        <line num="26" count="570" type="stmt"/>
        <line num="28" count="570" type="stmt"/>
        <line num="29" count="570" type="cond" truecount="1" falsecount="1"/>
        <line num="30" count="570" type="stmt"/>
        <line num="31" count="0" type="cond" truecount="0" falsecount="2"/>
        <line num="32" count="0" type="stmt"/>
        <line num="33" count="0" type="cond" truecount="0" falsecount="2"/>
        <line num="34" count="0" type="cond" truecount="0" falsecount="2"/>
        <line num="35" count="0" type="stmt"/>
        <line num="36" count="0" type="cond" truecount="0" falsecount="2"/>
        <line num="37" count="0" type="cond" truecount="0" falsecount="5"/>
        <line num="38" count="0" type="stmt"/>
        <line num="39" count="0" type="stmt"/>
        <line num="40" count="0" type="cond" truecount="0" falsecount="2"/>
        <line num="41" count="0" type="stmt"/>
        <line num="42" count="0" type="stmt"/>
        <line num="43" count="0" type="stmt"/>
        <line num="45" count="0" type="stmt"/>
        <line num="46" count="0" type="stmt"/>
        <line num="47" count="0" type="stmt"/>
        <line num="50" count="570" type="stmt"/>
        <line num="57" count="86" type="stmt"/>
      </file>
      <file name="AnswersPage.js" path="/Users/alkhalifas/Documents/Github/cs5500-final-project-saleh-vidhi/client/src/components/main/Answers/AnswersPage.js">
        <metrics statements="101" coveredstatements="89" conditionals="50" coveredconditionals="43" methods="29" coveredmethods="24"/>
        <line num="12" count="342" type="stmt"/>
        <line num="13" count="342" type="stmt"/>
        <line num="14" count="342" type="stmt"/>
        <line num="15" count="342" type="stmt"/>
        <line num="16" count="342" type="stmt"/>
        <line num="17" count="342" type="stmt"/>
        <line num="18" count="342" type="stmt"/>
        <line num="19" count="342" type="stmt"/>
        <line num="20" count="342" type="stmt"/>
        <line num="21" count="342" type="stmt"/>
        <line num="23" count="342" type="stmt"/>
        <line num="24" count="54" type="stmt"/>
        <line num="25" count="54" type="stmt"/>
        <line num="33" count="54" type="cond" truecount="2" falsecount="0"/>
        <line num="34" count="4" type="stmt"/>
        <line num="37" count="50" type="stmt"/>
        <line num="38" count="50" type="stmt"/>
        <line num="39" count="50" type="stmt"/>
        <line num="41" count="4" type="stmt"/>
        <line num="42" count="4" type="stmt"/>
        <line num="46" count="342" type="stmt"/>
        <line num="47" count="64" type="stmt"/>
        <line num="48" count="64" type="stmt"/>
        <line num="50" count="64" type="stmt"/>
        <line num="51" count="64" type="stmt"/>
        <line num="52" count="64" type="stmt"/>
        <line num="53" count="64" type="stmt"/>
        <line num="56" count="0" type="stmt"/>
        <line num="60" count="342" type="stmt"/>
        <line num="61" count="59" type="stmt"/>
        <line num="62" count="59" type="stmt"/>
        <line num="64" count="1" type="stmt"/>
        <line num="67" count="58" type="stmt"/>
        <line num="71" count="342" type="stmt"/>
        <line num="73" count="54" type="stmt"/>
        <line num="74" count="54" type="stmt"/>
        <line num="76" count="54" type="stmt"/>
        <line num="77" count="54" type="stmt"/>
        <line num="78" count="54" type="stmt"/>
        <line num="81" count="0" type="stmt"/>
        <line num="84" count="54" type="stmt"/>
        <line num="85" count="54" type="stmt"/>
        <line num="86" count="54" type="stmt"/>
        <line num="90" count="342" type="stmt"/>
        <line num="91" count="12" type="stmt"/>
        <line num="94" count="342" type="stmt"/>
        <line num="95" count="8" type="stmt"/>
        <line num="96" count="8" type="stmt"/>
        <line num="97" count="8" type="stmt"/>
        <line num="98" count="8" type="stmt"/>
        <line num="100" count="8" type="stmt"/>
        <line num="101" count="8" type="stmt"/>
        <line num="103" count="0" type="stmt"/>
        <line num="107" count="342" type="stmt"/>
        <line num="108" count="1" type="cond" truecount="1" falsecount="1"/>
        <line num="109" count="1" type="stmt"/>
        <line num="110" count="0" type="cond" truecount="0" falsecount="2"/>
        <line num="111" count="0" type="stmt"/>
        <line num="115" count="342" type="stmt"/>
        <line num="116" count="0" type="cond" truecount="0" falsecount="2"/>
        <line num="117" count="0" type="stmt"/>
        <line num="121" count="342" type="stmt"/>
        <line num="122" count="3" type="stmt"/>
        <line num="123" count="3" type="stmt"/>
        <line num="124" count="3" type="stmt"/>
        <line num="128" count="3" type="stmt"/>
        <line num="129" count="3" type="stmt"/>
        <line num="131" count="0" type="stmt"/>
        <line num="135" count="342" type="stmt"/>
        <line num="136" count="4" type="stmt"/>
        <line num="137" count="8" type="cond" truecount="2" falsecount="0"/>
        <line num="138" count="4" type="stmt"/>
        <line num="143" count="4" type="stmt"/>
        <line num="145" count="4" type="stmt"/>
        <line num="148" count="342" type="stmt"/>
        <line num="149" count="4" type="stmt"/>
        <line num="150" count="4" type="stmt"/>
        <line num="151" count="4" type="stmt"/>
        <line num="155" count="4" type="stmt"/>
        <line num="156" count="4" type="stmt"/>
        <line num="157" count="4" type="stmt"/>
        <line num="159" count="0" type="stmt"/>
        <line num="163" count="342" type="stmt"/>
        <line num="164" count="1" type="stmt"/>
        <line num="165" count="1" type="stmt"/>
        <line num="166" count="1" type="stmt"/>
        <line num="170" count="1" type="stmt"/>
        <line num="172" count="1" type="stmt"/>
        <line num="173" count="1" type="stmt"/>
        <line num="175" count="0" type="stmt"/>
        <line num="179" count="342" type="stmt"/>
        <line num="206" count="636" type="stmt"/>
        <line num="224" count="2" type="stmt"/>
        <line num="225" count="1" type="stmt"/>
        <line num="259" count="0" type="stmt"/>
        <line num="260" count="0" type="stmt"/>
        <line num="277" count="566" type="stmt"/>
        <line num="300" count="3" type="stmt"/>
        <line num="301" count="1" type="stmt"/>
        <line num="306" count="1" type="stmt"/>
        <line num="347" count="86" type="stmt"/>
      </file>
    </package>
    <package name="src.components.main.TagQuestionsList">
      <metrics statements="31" coveredstatements="22" conditionals="16" coveredconditionals="4" methods="9" coveredmethods="5"/>
      <file name="TagQuestionsList.js" path="/Users/alkhalifas/Documents/Github/cs5500-final-project-saleh-vidhi/client/src/components/main/TagQuestionsList/TagQuestionsList.js">
        <metrics statements="31" coveredstatements="22" conditionals="16" coveredconditionals="4" methods="9" coveredmethods="5"/>
        <line num="9" count="24" type="stmt"/>
        <line num="10" count="24" type="stmt"/>
        <line num="11" count="24" type="stmt"/>
        <line num="12" count="24" type="stmt"/>
        <line num="13" count="24" type="stmt"/>
        <line num="15" count="24" type="stmt"/>
        <line num="16" count="0" type="stmt"/>
        <line num="19" count="24" type="stmt"/>
        <line num="20" count="8" type="stmt"/>
        <line num="21" count="8" type="stmt"/>
        <line num="22" count="8" type="stmt"/>
        <line num="23" count="8" type="stmt"/>
        <line num="24" count="8" type="stmt"/>
        <line num="25" count="8" type="stmt"/>
        <line num="26" count="8" type="stmt"/>
        <line num="28" count="0" type="stmt"/>
        <line num="32" count="24" type="stmt"/>
        <line num="33" count="0" type="cond" truecount="0" falsecount="2"/>
        <line num="34" count="0" type="stmt"/>
        <line num="35" count="0" type="cond" truecount="0" falsecount="2"/>
        <line num="36" count="0" type="stmt"/>
        <line num="40" count="24" type="stmt"/>
        <line num="41" count="0" type="cond" truecount="0" falsecount="2"/>
        <line num="42" count="0" type="stmt"/>
        <line num="46" count="24" type="stmt"/>
        <line num="47" count="8" type="stmt"/>
        <line num="50" count="24" type="stmt"/>
        <line num="68" count="48" type="stmt"/>
        <line num="79" count="0" type="stmt"/>
        <line num="85" count="96" type="stmt"/>
        <line num="117" count="86" type="stmt"/>
      </file>
    </package>
    <package name="src.components.main.answerForm">
      <metrics statements="42" coveredstatements="40" conditionals="13" coveredconditionals="11" methods="6" coveredmethods="6"/>
      <file name="answerForm.js" path="/Users/alkhalifas/Documents/Github/cs5500-final-project-saleh-vidhi/client/src/components/main/answerForm/answerForm.js">
        <metrics statements="42" coveredstatements="40" conditionals="13" coveredconditionals="11" methods="6" coveredmethods="6"/>
        <line num="7" count="496" type="stmt"/>
        <line num="12" count="496" type="stmt"/>
        <line num="13" count="496" type="stmt"/>
        <line num="14" count="496" type="stmt"/>
        <line num="16" count="496" type="stmt"/>
        <line num="17" count="203" type="stmt"/>
        <line num="18" count="203" type="stmt"/>
        <line num="20" count="203" type="stmt"/>
        <line num="23" count="496" type="stmt"/>
        <line num="24" count="24" type="stmt"/>
        <line num="25" count="24" type="stmt"/>
        <line num="26" count="24" type="stmt"/>
        <line num="34" count="24" type="cond" truecount="1" falsecount="1"/>
        <line num="35" count="0" type="stmt"/>
        <line num="38" count="24" type="stmt"/>
        <line num="39" count="24" type="stmt"/>
        <line num="40" count="24" type="stmt"/>
        <line num="42" count="0" type="stmt"/>
        <line num="46" count="24" type="stmt"/>
        <line num="49" count="496" type="stmt"/>
        <line num="50" count="10" type="stmt"/>
        <line num="51" count="10" type="stmt"/>
        <line num="52" count="10" type="cond" truecount="2" falsecount="0"/>
        <line num="54" count="8" type="stmt"/>
        <line num="55" count="8" type="stmt"/>
        <line num="56" count="8" type="stmt"/>
        <line num="58" count="2" type="stmt"/>
        <line num="62" count="496" type="stmt"/>
        <line num="63" count="10" type="stmt"/>
        <line num="66" count="10" type="cond" truecount="2" falsecount="0"/>
        <line num="67" count="1" type="stmt"/>
        <line num="70" count="9" type="stmt"/>
        <line num="71" count="9" type="stmt"/>
        <line num="73" count="9" type="stmt"/>
        <line num="74" count="1" type="stmt"/>
        <line num="75" count="1" type="stmt"/>
        <line num="76" count="1" type="cond" truecount="4" falsecount="1"/>
        <line num="77" count="1" type="stmt"/>
        <line num="78" count="1" type="stmt"/>
        <line num="82" count="10" type="stmt"/>
        <line num="85" count="496" type="stmt"/>
        <line num="111" count="86" type="stmt"/>
      </file>
    </package>
    <package name="src.components.main.comments">
      <metrics statements="77" coveredstatements="58" conditionals="38" coveredconditionals="25" methods="12" coveredmethods="9"/>
      <file name="commentsSection.js" path="/Users/alkhalifas/Documents/Github/cs5500-final-project-saleh-vidhi/client/src/components/main/comments/commentsSection.js">
        <metrics statements="77" coveredstatements="58" conditionals="38" coveredconditionals="25" methods="12" coveredmethods="9"/>
        <line num="5" count="86" type="stmt"/>
        <line num="6" count="2598" type="stmt"/>
        <line num="7" count="2598" type="stmt"/>
        <line num="8" count="2598" type="stmt"/>
        <line num="9" count="2598" type="stmt"/>
        <line num="10" count="2598" type="stmt"/>
        <line num="11" count="2598" type="stmt"/>
        <line num="12" count="2598" type="stmt"/>
        <line num="14" count="2598" type="stmt"/>
        <line num="15" count="278" type="stmt"/>
        <line num="16" count="278" type="stmt"/>
        <line num="17" count="278" type="stmt"/>
        <line num="18" count="278" type="stmt"/>
        <line num="19" count="278" type="stmt"/>
        <line num="20" count="278" type="stmt"/>
        <line num="21" count="278" type="stmt"/>
        <line num="23" count="0" type="stmt"/>
        <line num="25" count="278" type="stmt"/>
        <line num="29" count="2598" type="stmt"/>
        <line num="30" count="486" type="cond" truecount="4" falsecount="0"/>
        <line num="31" count="13" type="stmt"/>
        <line num="32" count="13" type="stmt"/>
        <line num="36" count="2598" type="stmt"/>
        <line num="37" count="267" type="stmt"/>
        <line num="38" count="267" type="stmt"/>
        <line num="46" count="267" type="cond" truecount="2" falsecount="0"/>
        <line num="47" count="12" type="stmt"/>
        <line num="50" count="255" type="stmt"/>
        <line num="52" count="12" type="stmt"/>
        <line num="53" count="12" type="stmt"/>
        <line num="57" count="2598" type="stmt"/>
        <line num="58" count="267" type="stmt"/>
        <line num="59" count="267" type="stmt"/>
        <line num="64" count="2598" type="stmt"/>
        <line num="65" count="0" type="stmt"/>
        <line num="66" count="0" type="stmt"/>
        <line num="75" count="0" type="stmt"/>
        <line num="77" count="0" type="cond" truecount="0" falsecount="2"/>
        <line num="78" count="0" type="cond" truecount="0" falsecount="2"/>
        <line num="82" count="0" type="stmt"/>
        <line num="84" count="0" type="stmt"/>
        <line num="85" count="0" type="cond" truecount="0" falsecount="2"/>
        <line num="89" count="2598" type="stmt"/>
        <line num="91" count="13" type="stmt"/>
        <line num="93" count="13" type="cond" truecount="1" falsecount="1"/>
        <line num="94" count="0" type="stmt"/>
        <line num="95" count="0" type="stmt"/>
        <line num="98" count="13" type="cond" truecount="2" falsecount="0"/>
        <line num="99" count="1" type="stmt"/>
        <line num="100" count="1" type="stmt"/>
        <line num="103" count="12" type="cond" truecount="2" falsecount="0"/>
        <line num="104" count="1" type="stmt"/>
        <line num="105" count="1" type="stmt"/>
        <line num="108" count="11" type="stmt"/>
        <line num="109" count="11" type="stmt"/>
        <line num="114" count="11" type="stmt"/>
        <line num="122" count="11" type="cond" truecount="1" falsecount="1"/>
        <line num="123" count="0" type="stmt"/>
        <line num="126" count="11" type="stmt"/>
        <line num="127" count="11" type="stmt"/>
        <line num="128" count="11" type="stmt"/>
        <line num="130" count="0" type="stmt"/>
        <line num="131" count="0" type="stmt"/>
        <line num="135" count="2598" type="stmt"/>
        <line num="136" count="1" type="cond" truecount="1" falsecount="1"/>
        <line num="137" count="1" type="stmt"/>
        <line num="138" count="0" type="cond" truecount="0" falsecount="2"/>
        <line num="139" count="0" type="stmt"/>
        <line num="143" count="2598" type="stmt"/>
        <line num="144" count="0" type="cond" truecount="0" falsecount="2"/>
        <line num="145" count="0" type="stmt"/>
        <line num="149" count="2598" type="cond" truecount="2" falsecount="0"/>
        <line num="151" count="1882" type="stmt"/>
        <line num="157" count="696" type="stmt"/>
        <line num="161" count="0" type="stmt"/>
        <line num="181" count="473" type="stmt"/>
        <line num="195" count="86" type="stmt"/>
      </file>
    </package>
    <package name="src.components.main.questionForm">
      <metrics statements="69" coveredstatements="66" conditionals="31" coveredconditionals="29" methods="8" coveredmethods="8"/>
      <file name="questionForm.js" path="/Users/alkhalifas/Documents/Github/cs5500-final-project-saleh-vidhi/client/src/components/main/questionForm/questionForm.js">
        <metrics statements="69" coveredstatements="66" conditionals="31" coveredconditionals="29" methods="8" coveredmethods="8"/>
        <line num="8" count="3412" type="stmt"/>
        <line num="14" count="3412" type="stmt"/>
        <line num="15" count="3412" type="stmt"/>
        <line num="16" count="3412" type="stmt"/>
        <line num="17" count="3412" type="stmt"/>
        <line num="19" count="3412" type="stmt"/>
        <line num="20" count="48" type="stmt"/>
        <line num="21" count="48" type="stmt"/>
        <line num="22" count="48" type="stmt"/>
        <line num="30" count="48" type="cond" truecount="1" falsecount="1"/>
        <line num="31" count="0" type="stmt"/>
        <line num="34" count="48" type="stmt"/>
        <line num="35" count="48" type="stmt"/>
        <line num="36" count="48" type="stmt"/>
        <line num="38" count="0" type="stmt"/>
        <line num="42" count="48" type="stmt"/>
        <line num="43" count="48" type="stmt"/>
        <line num="46" count="3412" type="stmt"/>
        <line num="47" count="1578" type="stmt"/>
        <line num="48" count="1578" type="stmt"/>
        <line num="50" count="1578" type="stmt"/>
        <line num="53" count="3412" type="stmt"/>
        <line num="54" count="24" type="stmt"/>
        <line num="55" count="24" type="stmt"/>
        <line num="56" count="24" type="cond" truecount="2" falsecount="0"/>
        <line num="58" count="13" type="stmt"/>
        <line num="59" count="13" type="stmt"/>
        <line num="60" count="13" type="stmt"/>
        <line num="62" count="11" type="stmt"/>
        <line num="66" count="3412" type="stmt"/>
        <line num="67" count="48" type="stmt"/>
        <line num="68" count="48" type="stmt"/>
        <line num="69" count="48" type="stmt"/>
        <line num="70" count="384" type="stmt"/>
        <line num="71" count="48" type="stmt"/>
        <line num="73" count="0" type="stmt"/>
        <line num="77" count="3412" type="stmt"/>
        <line num="78" count="24" type="stmt"/>
        <line num="81" count="24" type="cond" truecount="2" falsecount="0"/>
        <line num="82" count="1" type="stmt"/>
        <line num="83" count="23" type="cond" truecount="2" falsecount="0"/>
        <line num="84" count="1" type="stmt"/>
        <line num="88" count="24" type="cond" truecount="2" falsecount="0"/>
        <line num="89" count="1" type="stmt"/>
        <line num="92" count="23" type="stmt"/>
        <line num="93" count="23" type="stmt"/>
        <line num="95" count="23" type="stmt"/>
        <line num="96" count="5" type="stmt"/>
        <line num="97" count="5" type="stmt"/>
        <line num="98" count="5" type="cond" truecount="5" falsecount="0"/>
        <line num="99" count="4" type="stmt"/>
        <line num="100" count="4" type="stmt"/>
        <line num="106" count="24" type="cond" truecount="2" falsecount="0"/>
        <line num="107" count="1" type="stmt"/>
        <line num="109" count="23" type="stmt"/>
        <line num="110" count="23" type="cond" truecount="2" falsecount="0"/>
        <line num="111" count="1" type="stmt"/>
        <line num="114" count="23" type="cond" truecount="2" falsecount="0"/>
        <line num="115" count="1" type="stmt"/>
        <line num="116" count="1" type="cond" truecount="1" falsecount="1"/>
        <line num="117" count="1" type="stmt"/>
        <line num="118" count="1" type="stmt"/>
        <line num="122" count="22" type="stmt"/>
        <line num="123" count="31" type="cond" truecount="2" falsecount="0"/>
        <line num="124" count="1" type="stmt"/>
        <line num="125" count="1" type="stmt"/>
        <line num="130" count="24" type="stmt"/>
        <line num="133" count="3412" type="stmt"/>
        <line num="185" count="86" type="stmt"/>
      </file>
    </package>
    <package name="src.components.main.questionList">
      <metrics statements="94" coveredstatements="65" conditionals="45" coveredconditionals="22" methods="20" coveredmethods="17"/>
      <file name="QuestionCardTiming.js" path="/Users/alkhalifas/Documents/Github/cs5500-final-project-saleh-vidhi/client/src/components/main/questionList/QuestionCardTiming.js">
        <metrics statements="31" coveredstatements="9" conditionals="17" coveredconditionals="1" methods="3" coveredmethods="1"/>
        <line num="4" count="86" type="stmt"/>
        <line num="10" count="0" type="stmt"/>
        <line num="11" count="0" type="stmt"/>
        <line num="13" count="0" type="stmt"/>
        <line num="17" count="0" type="stmt"/>
        <line num="18" count="0" type="stmt"/>
        <line num="19" count="0" type="stmt"/>
        <line num="23" count="3176" type="stmt"/>
        <line num="24" count="3176" type="stmt"/>
        <line num="26" count="3176" type="stmt"/>
        <line num="28" count="3176" type="stmt"/>
        <line num="29" count="3176" type="cond" truecount="1" falsecount="1"/>
        <line num="30" count="3176" type="stmt"/>
        <line num="31" count="0" type="cond" truecount="0" falsecount="2"/>
        <line num="32" count="0" type="stmt"/>
        <line num="33" count="0" type="cond" truecount="0" falsecount="2"/>
        <line num="34" count="0" type="cond" truecount="0" falsecount="2"/>
        <line num="35" count="0" type="stmt"/>
        <line num="36" count="0" type="cond" truecount="0" falsecount="2"/>
        <line num="37" count="0" type="cond" truecount="0" falsecount="5"/>
        <line num="38" count="0" type="stmt"/>
        <line num="39" count="0" type="stmt"/>
        <line num="40" count="0" type="cond" truecount="0" falsecount="2"/>
        <line num="41" count="0" type="stmt"/>
        <line num="42" count="0" type="stmt"/>
        <line num="43" count="0" type="stmt"/>
        <line num="45" count="0" type="stmt"/>
        <line num="46" count="0" type="stmt"/>
        <line num="47" count="0" type="stmt"/>
        <line num="50" count="3176" type="stmt"/>
        <line num="57" count="86" type="stmt"/>
      </file>
      <file name="questionsList.js" path="/Users/alkhalifas/Documents/Github/cs5500-final-project-saleh-vidhi/client/src/components/main/questionList/questionsList.js">
        <metrics statements="63" coveredstatements="56" conditionals="28" coveredconditionals="21" methods="17" coveredmethods="16"/>
        <line num="10" count="858" type="stmt"/>
        <line num="11" count="858" type="stmt"/>
        <line num="12" count="858" type="stmt"/>
        <line num="13" count="858" type="stmt"/>
        <line num="14" count="858" type="stmt"/>
        <line num="15" count="858" type="stmt"/>
        <line num="16" count="858" type="stmt"/>
        <line num="17" count="858" type="stmt"/>
        <line num="19" count="858" type="stmt"/>
        <line num="20" count="168" type="stmt"/>
        <line num="21" count="168" type="stmt"/>
        <line num="29" count="168" type="cond" truecount="2" falsecount="0"/>
        <line num="30" count="20" type="stmt"/>
        <line num="33" count="148" type="stmt"/>
        <line num="34" count="148" type="stmt"/>
        <line num="35" count="148" type="stmt"/>
        <line num="36" count="148" type="stmt"/>
        <line num="38" count="20" type="stmt"/>
        <line num="39" count="20" type="stmt"/>
        <line num="43" count="858" type="stmt"/>
        <line num="44" count="23" type="stmt"/>
        <line num="47" count="858" type="stmt"/>
        <line num="48" count="12" type="stmt"/>
        <line num="49" count="12" type="stmt"/>
        <line num="50" count="12" type="stmt"/>
        <line num="51" count="12" type="stmt"/>
        <line num="53" count="12" type="stmt"/>
        <line num="54" count="12" type="stmt"/>
        <line num="56" count="0" type="stmt"/>
        <line num="60" count="858" type="stmt"/>
        <line num="61" count="27" type="stmt"/>
        <line num="64" count="858" type="stmt"/>
        <line num="65" count="194" type="stmt"/>
        <line num="66" count="194" type="stmt"/>
        <line num="67" count="194" type="stmt"/>
        <line num="68" count="194" type="stmt"/>
        <line num="69" count="194" type="stmt"/>
        <line num="70" count="194" type="stmt"/>
        <line num="71" count="194" type="stmt"/>
        <line num="73" count="0" type="stmt"/>
        <line num="77" count="858" type="stmt"/>
        <line num="78" count="24" type="stmt"/>
        <line num="81" count="858" type="stmt"/>
        <line num="82" count="2" type="cond" truecount="1" falsecount="1"/>
        <line num="83" count="2" type="stmt"/>
        <line num="84" count="0" type="cond" truecount="0" falsecount="2"/>
        <line num="85" count="0" type="stmt"/>
        <line num="89" count="858" type="stmt"/>
        <line num="90" count="0" type="cond" truecount="0" falsecount="2"/>
        <line num="91" count="0" type="stmt"/>
        <line num="95" count="858" type="stmt"/>
        <line num="96" count="168" type="stmt"/>
        <line num="97" count="168" type="stmt"/>
        <line num="101" count="2796" type="cond" truecount="1" falsecount="1"/>
        <line num="102" count="0" type="stmt"/>
        <line num="104" count="2796" type="stmt"/>
        <line num="107" count="858" type="stmt"/>
        <line num="135" count="4" type="stmt"/>
        <line num="136" count="2" type="stmt"/>
        <line num="137" count="6" type="stmt"/>
        <line num="143" count="2796" type="stmt"/>
        <line num="160" count="27" type="stmt"/>
        <line num="166" count="5572" type="stmt"/>
      </file>
    </package>
    <package name="src.components.main.searchResults">
      <metrics statements="46" coveredstatements="26" conditionals="20" coveredconditionals="7" methods="15" coveredmethods="5"/>
      <file name="searchResultsList.js" path="/Users/alkhalifas/Documents/Github/cs5500-final-project-saleh-vidhi/client/src/components/main/searchResults/searchResultsList.js">
        <metrics statements="46" coveredstatements="26" conditionals="20" coveredconditionals="7" methods="15" coveredmethods="5"/>
        <line num="10" count="24" type="stmt"/>
        <line num="11" count="24" type="stmt"/>
        <line num="12" count="24" type="stmt"/>
        <line num="13" count="24" type="stmt"/>
        <line num="14" count="24" type="stmt"/>
        <line num="15" count="24" type="stmt"/>
        <line num="17" count="24" type="stmt"/>
        <line num="18" count="0" type="stmt"/>
        <line num="21" count="24" type="stmt"/>
        <line num="22" count="0" type="stmt"/>
        <line num="23" count="0" type="stmt"/>
        <line num="24" count="0" type="stmt"/>
        <line num="25" count="0" type="stmt"/>
        <line num="26" count="0" type="stmt"/>
        <line num="28" count="0" type="stmt"/>
        <line num="32" count="24" type="stmt"/>
        <line num="33" count="0" type="stmt"/>
        <line num="36" count="24" type="stmt"/>
        <line num="37" count="8" type="stmt"/>
        <line num="38" count="8" type="stmt"/>
        <line num="39" count="8" type="stmt"/>
        <line num="40" count="8" type="stmt"/>
        <line num="41" count="8" type="stmt"/>
        <line num="42" count="8" type="stmt"/>
        <line num="43" count="8" type="stmt"/>
        <line num="45" count="0" type="stmt"/>
        <line num="49" count="24" type="stmt"/>
        <line num="50" count="0" type="stmt"/>
        <line num="53" count="24" type="stmt"/>
        <line num="54" count="0" type="cond" truecount="0" falsecount="2"/>
        <line num="55" count="0" type="stmt"/>
        <line num="56" count="0" type="cond" truecount="0" falsecount="2"/>
        <line num="57" count="0" type="stmt"/>
        <line num="61" count="24" type="stmt"/>
        <line num="62" count="0" type="cond" truecount="0" falsecount="2"/>
        <line num="63" count="0" type="stmt"/>
        <line num="67" count="24" type="stmt"/>
        <line num="68" count="8" type="stmt"/>
        <line num="71" count="24" type="stmt"/>
        <line num="92" count="0" type="stmt"/>
        <line num="93" count="0" type="stmt"/>
        <line num="94" count="0" type="stmt"/>
        <line num="105" count="24" type="stmt"/>
        <line num="112" count="0" type="stmt"/>
        <line num="116" count="48" type="stmt"/>
        <line num="149" count="86" type="stmt"/>
      </file>
    </package>
    <package name="src.components.main.tagsList">
      <metrics statements="24" coveredstatements="21" conditionals="6" coveredconditionals="6" methods="10" coveredmethods="8"/>
      <file name="tagsList.js" path="/Users/alkhalifas/Documents/Github/cs5500-final-project-saleh-vidhi/client/src/components/main/tagsList/tagsList.js">
        <metrics statements="24" coveredstatements="21" conditionals="6" coveredconditionals="6" methods="10" coveredmethods="8"/>
        <line num="9" count="78" type="stmt"/>
        <line num="10" count="78" type="stmt"/>
        <line num="11" count="78" type="stmt"/>
        <line num="13" count="78" type="stmt"/>
        <line num="14" count="22" type="stmt"/>
        <line num="15" count="22" type="stmt"/>
        <line num="17" count="22" type="stmt"/>
        <line num="20" count="0" type="stmt"/>
        <line num="24" count="78" type="stmt"/>
        <line num="25" count="1" type="stmt"/>
        <line num="28" count="78" type="stmt"/>
        <line num="29" count="4" type="stmt"/>
        <line num="32" count="78" type="stmt"/>
        <line num="33" count="1" type="stmt"/>
        <line num="34" count="1" type="stmt"/>
        <line num="35" count="1" type="stmt"/>
        <line num="36" count="1" type="stmt"/>
        <line num="38" count="1" type="stmt"/>
        <line num="40" count="0" type="stmt"/>
        <line num="44" count="78" type="stmt"/>
        <line num="47" count="0" type="stmt"/>
        <line num="65" count="376" type="stmt"/>
        <line num="67" count="4" type="stmt"/>
        <line num="81" count="86" type="stmt"/>
      </file>
    </package>
    <package name="src.components.menubar">
      <metrics statements="9" coveredstatements="9" conditionals="8" coveredconditionals="8" methods="5" coveredmethods="5"/>
      <file name="menubar.js" path="/Users/alkhalifas/Documents/Github/cs5500-final-project-saleh-vidhi/client/src/components/menubar/menubar.js">
        <metrics statements="9" coveredstatements="9" conditionals="8" coveredconditionals="8" methods="5" coveredmethods="5"/>
        <line num="6" count="250" type="stmt"/>
        <line num="8" count="250" type="stmt"/>
        <line num="9" count="39" type="stmt"/>
        <line num="10" count="39" type="stmt"/>
        <line num="13" count="250" type="stmt"/>
        <line num="17" count="6" type="stmt"/>
        <line num="23" count="11" type="stmt"/>
        <line num="31" count="22" type="stmt"/>
        <line num="41" count="86" type="stmt"/>
      </file>
    </package>
    <package name="src.components.profile">
      <metrics statements="35" coveredstatements="32" conditionals="16" coveredconditionals="14" methods="10" coveredmethods="10"/>
      <file name="profile.js" path="/Users/alkhalifas/Documents/Github/cs5500-final-project-saleh-vidhi/client/src/components/profile/profile.js">
        <metrics statements="35" coveredstatements="32" conditionals="16" coveredconditionals="14" methods="10" coveredmethods="10"/>
        <line num="7" count="86" type="stmt"/>
        <line num="8" count="152" type="cond" truecount="2" falsecount="0"/>
        <line num="9" count="108" type="stmt"/>
        <line num="10" count="108" type="stmt"/>
        <line num="11" count="108" type="stmt"/>
        <line num="12" count="108" type="stmt"/>
        <line num="13" count="108" type="stmt"/>
        <line num="17" count="152" type="stmt"/>
        <line num="18" count="152" type="stmt"/>
        <line num="19" count="152" type="stmt"/>
        <line num="21" count="152" type="stmt"/>
        <line num="22" count="44" type="stmt"/>
        <line num="23" count="44" type="stmt"/>
        <line num="31" count="44" type="cond" truecount="1" falsecount="1"/>
        <line num="32" count="0" type="stmt"/>
        <line num="35" count="44" type="stmt"/>
        <line num="36" count="44" type="stmt"/>
        <line num="37" count="44" type="stmt"/>
        <line num="39" count="0" type="stmt"/>
        <line num="43" count="152" type="stmt"/>
        <line num="44" count="44" type="stmt"/>
        <line num="47" count="152" type="stmt"/>
        <line num="48" count="9" type="cond" truecount="2" falsecount="0"/>
        <line num="49" count="6" type="stmt"/>
        <line num="51" count="16" type="stmt"/>
        <line num="54" count="152" type="stmt"/>
        <line num="55" count="152" type="cond" truecount="3" falsecount="1"/>
        <line num="57" count="140" type="stmt"/>
        <line num="63" count="6" type="stmt"/>
        <line num="71" count="6" type="stmt"/>
        <line num="77" count="0" type="stmt"/>
        <line num="81" count="152" type="stmt"/>
        <line num="106" count="3" type="stmt"/>
        <line num="112" count="3" type="stmt"/>
        <line num="118" count="3" type="stmt"/>
      </file>
    </package>
    <package name="src.components.profile.answerForm">
      <metrics statements="32" coveredstatements="25" conditionals="15" coveredconditionals="5" methods="6" coveredmethods="6"/>
      <file name="answerForm.js" path="/Users/alkhalifas/Documents/Github/cs5500-final-project-saleh-vidhi/client/src/components/profile/answerForm/answerForm.js">
        <metrics statements="32" coveredstatements="25" conditionals="15" coveredconditionals="5" methods="6" coveredmethods="6"/>
        <line num="7" count="18" type="stmt"/>
        <line num="8" count="18" type="stmt"/>
        <line num="10" count="18" type="stmt"/>
        <line num="11" count="1" type="stmt"/>
        <line num="12" count="1" type="stmt"/>
        <line num="14" count="1" type="stmt"/>
        <line num="17" count="18" type="stmt"/>
        <line num="19" count="8" type="cond" truecount="1" falsecount="1"/>
        <line num="20" count="8" type="stmt"/>
        <line num="26" count="18" type="stmt"/>
        <line num="27" count="2" type="stmt"/>
        <line num="28" count="2" type="stmt"/>
        <line num="29" count="2" type="cond" truecount="1" falsecount="1"/>
        <line num="30" count="2" type="stmt"/>
        <line num="32" count="0" type="stmt"/>
        <line num="36" count="18" type="stmt"/>
        <line num="37" count="1" type="stmt"/>
        <line num="40" count="18" type="stmt"/>
        <line num="41" count="2" type="stmt"/>
        <line num="44" count="2" type="cond" truecount="1" falsecount="1"/>
        <line num="45" count="0" type="stmt"/>
        <line num="48" count="2" type="stmt"/>
        <line num="49" count="2" type="stmt"/>
        <line num="51" count="2" type="stmt"/>
        <line num="52" count="0" type="stmt"/>
        <line num="53" count="0" type="stmt"/>
        <line num="54" count="0" type="cond" truecount="0" falsecount="5"/>
        <line num="55" count="0" type="stmt"/>
        <line num="56" count="0" type="stmt"/>
        <line num="61" count="2" type="stmt"/>
        <line num="64" count="18" type="stmt"/>
        <line num="91" count="86" type="stmt"/>
      </file>
    </package>
    <package name="src.components.profile.answers">
      <metrics statements="36" coveredstatements="31" conditionals="8" coveredconditionals="6" methods="9" coveredmethods="9"/>
      <file name="answersList.js" path="/Users/alkhalifas/Documents/Github/cs5500-final-project-saleh-vidhi/client/src/components/profile/answers/answersList.js">
        <metrics statements="36" coveredstatements="31" conditionals="8" coveredconditionals="6" methods="9" coveredmethods="9"/>
        <line num="8" count="38" type="stmt"/>
        <line num="9" count="38" type="stmt"/>
        <line num="11" count="38" type="stmt"/>
        <line num="12" count="9" type="stmt"/>
        <line num="13" count="9" type="stmt"/>
        <line num="21" count="9" type="cond" truecount="1" falsecount="1"/>
        <line num="22" count="0" type="stmt"/>
        <line num="25" count="9" type="stmt"/>
        <line num="26" count="9" type="stmt"/>
        <line num="28" count="0" type="stmt"/>
        <line num="32" count="38" type="stmt"/>
        <line num="33" count="4" type="stmt"/>
        <line num="36" count="38" type="stmt"/>
        <line num="37" count="2" type="stmt"/>
        <line num="38" count="2" type="stmt"/>
        <line num="39" count="2" type="stmt"/>
        <line num="40" count="2" type="stmt"/>
        <line num="42" count="2" type="stmt"/>
        <line num="43" count="2" type="stmt"/>
        <line num="45" count="0" type="stmt"/>
        <line num="49" count="38" type="stmt"/>
        <line num="50" count="1" type="stmt"/>
        <line num="51" count="1" type="stmt"/>
        <line num="52" count="1" type="stmt"/>
        <line num="53" count="1" type="stmt"/>
        <line num="55" count="1" type="stmt"/>
        <line num="56" count="1" type="stmt"/>
        <line num="58" count="0" type="stmt"/>
        <line num="62" count="38" type="stmt"/>
        <line num="63" count="6" type="stmt"/>
        <line num="67" count="92" type="cond" truecount="1" falsecount="1"/>
        <line num="68" count="0" type="stmt"/>
        <line num="70" count="92" type="stmt"/>
        <line num="73" count="38" type="stmt"/>
        <line num="84" count="92" type="stmt"/>
        <line num="88" count="4" type="stmt"/>
      </file>
    </package>
    <package name="src.components.profile.questionForm">
      <metrics statements="71" coveredstatements="51" conditionals="39" coveredconditionals="16" methods="10" coveredmethods="10"/>
      <file name="questionForm.js" path="/Users/alkhalifas/Documents/Github/cs5500-final-project-saleh-vidhi/client/src/components/profile/questionForm/questionForm.js">
        <metrics statements="71" coveredstatements="51" conditionals="39" coveredconditionals="16" methods="10" coveredmethods="10"/>
        <line num="8" count="56" type="stmt"/>
        <line num="9" count="56" type="stmt"/>
        <line num="10" count="56" type="stmt"/>
        <line num="11" count="56" type="stmt"/>
        <line num="13" count="56" type="stmt"/>
        <line num="15" count="8" type="cond" truecount="1" falsecount="1"/>
        <line num="16" count="8" type="stmt"/>
        <line num="24" count="56" type="stmt"/>
        <line num="25" count="8" type="stmt"/>
        <line num="26" count="8" type="stmt"/>
        <line num="27" count="8" type="stmt"/>
        <line num="35" count="8" type="cond" truecount="1" falsecount="1"/>
        <line num="36" count="0" type="stmt"/>
        <line num="39" count="8" type="stmt"/>
        <line num="40" count="8" type="stmt"/>
        <line num="41" count="8" type="stmt"/>
        <line num="43" count="0" type="stmt"/>
        <line num="47" count="8" type="stmt"/>
        <line num="48" count="8" type="stmt"/>
        <line num="51" count="56" type="stmt"/>
        <line num="52" count="8" type="stmt"/>
        <line num="53" count="8" type="stmt"/>
        <line num="55" count="8" type="stmt"/>
        <line num="58" count="56" type="stmt"/>
        <line num="59" count="2" type="stmt"/>
        <line num="60" count="2" type="stmt"/>
        <line num="61" count="2" type="cond" truecount="1" falsecount="1"/>
        <line num="62" count="2" type="stmt"/>
        <line num="64" count="0" type="stmt"/>
        <line num="68" count="56" type="stmt"/>
        <line num="69" count="1" type="stmt"/>
        <line num="72" count="56" type="stmt"/>
        <line num="73" count="8" type="stmt"/>
        <line num="74" count="8" type="stmt"/>
        <line num="75" count="8" type="stmt"/>
        <line num="76" count="66" type="stmt"/>
        <line num="77" count="8" type="stmt"/>
        <line num="79" count="0" type="stmt"/>
        <line num="83" count="56" type="stmt"/>
        <line num="84" count="2" type="stmt"/>
        <line num="87" count="2" type="cond" truecount="1" falsecount="1"/>
        <line num="88" count="0" type="stmt"/>
        <line num="89" count="2" type="cond" truecount="1" falsecount="1"/>
        <line num="90" count="0" type="stmt"/>
        <line num="94" count="2" type="cond" truecount="1" falsecount="1"/>
        <line num="95" count="0" type="stmt"/>
        <line num="98" count="2" type="stmt"/>
        <line num="99" count="2" type="stmt"/>
        <line num="101" count="2" type="stmt"/>
        <line num="102" count="0" type="stmt"/>
        <line num="103" count="0" type="stmt"/>
        <line num="104" count="0" type="cond" truecount="0" falsecount="5"/>
        <line num="105" count="0" type="stmt"/>
        <line num="106" count="0" type="stmt"/>
        <line num="112" count="2" type="cond" truecount="1" falsecount="1"/>
        <line num="113" count="0" type="stmt"/>
        <line num="115" count="2" type="stmt"/>
        <line num="116" count="2" type="cond" truecount="1" falsecount="1"/>
        <line num="117" count="0" type="stmt"/>
        <line num="120" count="2" type="cond" truecount="1" falsecount="1"/>
        <line num="121" count="0" type="stmt"/>
        <line num="122" count="0" type="cond" truecount="0" falsecount="2"/>
        <line num="123" count="0" type="stmt"/>
        <line num="124" count="0" type="stmt"/>
        <line num="128" count="2" type="stmt"/>
        <line num="129" count="5" type="cond" truecount="1" falsecount="1"/>
        <line num="130" count="0" type="stmt"/>
        <line num="131" count="0" type="stmt"/>
        <line num="136" count="2" type="stmt"/>
        <line num="139" count="56" type="stmt"/>
        <line num="195" count="86" type="stmt"/>
      </file>
    </package>
    <package name="src.components.profile.questions">
      <metrics statements="47" coveredstatements="37" conditionals="18" coveredconditionals="6" methods="10" coveredmethods="8"/>
      <file name="questionsList.js" path="/Users/alkhalifas/Documents/Github/cs5500-final-project-saleh-vidhi/client/src/components/profile/questions/questionsList.js">
        <metrics statements="47" coveredstatements="37" conditionals="18" coveredconditionals="6" methods="10" coveredmethods="8"/>
        <line num="7" count="230" type="stmt"/>
        <line num="8" count="230" type="stmt"/>
        <line num="9" count="230" type="stmt"/>
        <line num="10" count="230" type="stmt"/>
        <line num="11" count="230" type="stmt"/>
        <line num="13" count="230" type="stmt"/>
        <line num="14" count="4" type="stmt"/>
        <line num="17" count="230" type="stmt"/>
        <line num="18" count="2" type="stmt"/>
        <line num="19" count="2" type="stmt"/>
        <line num="20" count="2" type="stmt"/>
        <line num="21" count="2" type="stmt"/>
        <line num="23" count="2" type="stmt"/>
        <line num="24" count="2" type="stmt"/>
        <line num="26" count="0" type="stmt"/>
        <line num="30" count="230" type="stmt"/>
        <line num="31" count="1" type="stmt"/>
        <line num="32" count="1" type="stmt"/>
        <line num="33" count="1" type="stmt"/>
        <line num="34" count="1" type="stmt"/>
        <line num="36" count="1" type="stmt"/>
        <line num="37" count="1" type="stmt"/>
        <line num="39" count="0" type="stmt"/>
        <line num="43" count="230" type="stmt"/>
        <line num="44" count="53" type="stmt"/>
        <line num="45" count="53" type="stmt"/>
        <line num="53" count="53" type="cond" truecount="1" falsecount="1"/>
        <line num="54" count="0" type="stmt"/>
        <line num="57" count="53" type="stmt"/>
        <line num="58" count="53" type="stmt"/>
        <line num="59" count="53" type="stmt"/>
        <line num="60" count="53" type="stmt"/>
        <line num="61" count="53" type="stmt"/>
        <line num="63" count="0" type="stmt"/>
        <line num="67" count="230" type="stmt"/>
        <line num="68" count="0" type="cond" truecount="0" falsecount="2"/>
        <line num="69" count="0" type="stmt"/>
        <line num="70" count="0" type="cond" truecount="0" falsecount="2"/>
        <line num="71" count="0" type="stmt"/>
        <line num="75" count="230" type="stmt"/>
        <line num="76" count="0" type="cond" truecount="0" falsecount="2"/>
        <line num="77" count="0" type="stmt"/>
        <line num="81" count="230" type="stmt"/>
        <line num="82" count="50" type="stmt"/>
        <line num="85" count="230" type="stmt"/>
        <line num="98" count="266" type="stmt"/>
        <line num="105" count="4" type="stmt"/>
      </file>
    </package>
    <package name="src.components.profile.tags">
      <metrics statements="40" coveredstatements="36" conditionals="6" coveredconditionals="4" methods="12" coveredmethods="12"/>
      <file name="tagsList.js" path="/Users/alkhalifas/Documents/Github/cs5500-final-project-saleh-vidhi/client/src/components/profile/tags/tagsList.js">
        <metrics statements="40" coveredstatements="36" conditionals="6" coveredconditionals="4" methods="12" coveredmethods="12"/>
        <line num="6" count="30" type="stmt"/>
        <line num="7" count="30" type="stmt"/>
        <line num="8" count="30" type="stmt"/>
        <line num="10" count="30" type="stmt"/>
        <line num="11" count="7" type="stmt"/>
        <line num="12" count="7" type="stmt"/>
        <line num="20" count="7" type="cond" truecount="1" falsecount="1"/>
        <line num="21" count="0" type="stmt"/>
        <line num="24" count="7" type="stmt"/>
        <line num="25" count="7" type="stmt"/>
        <line num="27" count="0" type="stmt"/>
        <line num="31" count="30" type="stmt"/>
        <line num="32" count="1" type="stmt"/>
        <line num="33" count="1" type="stmt"/>
        <line num="34" count="1" type="stmt"/>
        <line num="35" count="1" type="stmt"/>
        <line num="37" count="1" type="stmt"/>
        <line num="39" count="0" type="stmt"/>
        <line num="43" count="30" type="stmt"/>
        <line num="44" count="1" type="stmt"/>
        <line num="45" count="1" type="stmt"/>
        <line num="46" count="1" type="stmt"/>
        <line num="49" count="30" type="stmt"/>
        <line num="50" count="1" type="stmt"/>
        <line num="51" count="1" type="stmt"/>
        <line num="52" count="1" type="stmt"/>
        <line num="53" count="1" type="stmt"/>
        <line num="56" count="1" type="stmt"/>
        <line num="57" count="1" type="cond" truecount="1" falsecount="1"/>
        <line num="60" count="1" type="stmt"/>
        <line num="61" count="1" type="stmt"/>
        <line num="62" count="1" type="stmt"/>
        <line num="64" count="0" type="stmt"/>
        <line num="68" count="30" type="stmt"/>
        <line num="69" count="6" type="stmt"/>
        <line num="72" count="30" type="stmt"/>
        <line num="79" count="22" type="stmt"/>
        <line num="86" count="3" type="stmt"/>
        <line num="94" count="1" type="stmt"/>
        <line num="95" count="1" type="stmt"/>
      </file>
    </package>
    <package name="src.components.register">
      <metrics statements="18" coveredstatements="16" conditionals="12" coveredconditionals="9" methods="3" coveredmethods="3"/>
      <file name="register.js" path="/Users/alkhalifas/Documents/Github/cs5500-final-project-saleh-vidhi/client/src/components/register/register.js">
        <metrics statements="18" coveredstatements="16" conditionals="12" coveredconditionals="9" methods="3" coveredmethods="3"/>
        <line num="7" count="630" type="stmt"/>
        <line num="13" count="630" type="stmt"/>
        <line num="16" count="630" type="stmt"/>
        <line num="17" count="306" type="stmt"/>
        <line num="21" count="630" type="stmt"/>
        <line num="22" count="5" type="stmt"/>
        <line num="24" count="5" type="cond" truecount="1" falsecount="1"/>
        <line num="25" count="0" type="stmt"/>
        <line num="26" count="0" type="stmt"/>
        <line num="29" count="5" type="stmt"/>
        <line num="30" count="5" type="stmt"/>
        <line num="31" count="1" type="stmt"/>
        <line num="32" count="1" type="stmt"/>
        <line num="33" count="1" type="stmt"/>
        <line num="35" count="2" type="cond" truecount="1" falsecount="1"/>
        <line num="36" count="2" type="cond" truecount="1" falsecount="1"/>
        <line num="40" count="630" type="stmt"/>
        <line num="70" count="86" type="stmt"/>
      </file>
    </package>
    <package name="src.components.welcome">
      <metrics statements="11" coveredstatements="10" conditionals="4" coveredconditionals="4" methods="6" coveredmethods="5"/>
      <file name="welcome.js" path="/Users/alkhalifas/Documents/Github/cs5500-final-project-saleh-vidhi/client/src/components/welcome/welcome.js">
        <metrics statements="11" coveredstatements="10" conditionals="4" coveredconditionals="4" methods="6" coveredmethods="5"/>
        <line num="8" count="206" type="stmt"/>
        <line num="9" count="206" type="stmt"/>
        <line num="11" count="206" type="stmt"/>
        <line num="12" count="7" type="stmt"/>
        <line num="15" count="206" type="stmt"/>
        <line num="16" count="10" type="stmt"/>
        <line num="19" count="206" type="stmt"/>
        <line num="38" count="0" type="stmt"/>
        <line num="39" count="7" type="stmt"/>
        <line num="40" count="10" type="stmt"/>
        <line num="47" count="86" type="stmt"/>
      </file>
    </package>
  </project>
</coverage>
