{"total": {"lines":{"total":903,"covered":724,"skipped":0,"pct":80.17},"statements":{"total":911,"covered":731,"skipped":0,"pct":80.24},"functions":{"total":212,"covered":174,"skipped":0,"pct":82.07},"branches":{"total":399,"covered":250,"skipped":0,"pct":62.65},"branchesTrue":{"total":0,"covered":0,"skipped":0,"pct":100}}
,"/Users/alkhalifas/Documents/Github/cs5500-final-project-saleh-vidhi/client/src/App.js": {"lines":{"total":1,"covered":1,"skipped":0,"pct":100},"functions":{"total":1,"covered":1,"skipped":0,"pct":100},"statements":{"total":1,"covered":1,"skipped":0,"pct":100},"branches":{"total":0,"covered":0,"skipped":0,"pct":100}}
,"/Users/alkhalifas/Documents/Github/cs5500-final-project-saleh-vidhi/client/src/index.js": {"lines":{"total":2,"covered":2,"skipped":0,"pct":100},"functions":{"total":0,"covered":0,"skipped":0,"pct":100},"statements":{"total":2,"covered":2,"skipped":0,"pct":100},"branches":{"total":0,"covered":0,"skipped":0,"pct":100}}
,"/Users/alkhalifas/Documents/Github/cs5500-final-project-saleh-vidhi/client/src/components/fakestackoverflow.js": {"lines":{"total":39,"covered":34,"skipped":0,"pct":87.17},"functions":{"total":11,"covered":8,"skipped":0,"pct":72.72},"statements":{"total":41,"covered":35,"skipped":0,"pct":85.36},"branches":{"total":18,"covered":14,"skipped":0,"pct":77.77}}
,"/Users/alkhalifas/Documents/Github/cs5500-final-project-saleh-vidhi/client/src/components/header/header.js": {"lines":{"total":28,"covered":25,"skipped":0,"pct":89.28},"functions":{"total":13,"covered":10,"skipped":0,"pct":76.92},"statements":{"total":28,"covered":25,"skipped":0,"pct":89.28},"branches":{"total":11,"covered":11,"skipped":0,"pct":100}}
,"/Users/alkhalifas/Documents/Github/cs5500-final-project-saleh-vidhi/client/src/components/login/login.js": {"lines":{"total":14,"covered":14,"skipped":0,"pct":100},"functions":{"total":3,"covered":3,"skipped":0,"pct":100},"statements":{"total":14,"covered":14,"skipped":0,"pct":100},"branches":{"total":6,"covered":4,"skipped":0,"pct":66.66}}
,"/Users/alkhalifas/Documents/Github/cs5500-final-project-saleh-vidhi/client/src/components/main/utils.js": {"lines":{"total":5,"covered":5,"skipped":0,"pct":100},"functions":{"total":1,"covered":1,"skipped":0,"pct":100},"statements":{"total":5,"covered":5,"skipped":0,"pct":100},"branches":{"total":2,"covered":1,"skipped":0,"pct":50}}
,"/Users/alkhalifas/Documents/Github/cs5500-final-project-saleh-vidhi/client/src/components/main/Answers/AnswerCardTiming.js": {"lines":{"total":31,"covered":9,"skipped":0,"pct":29.03},"functions":{"total":3,"covered":1,"skipped":0,"pct":33.33},"statements":{"total":31,"covered":9,"skipped":0,"pct":29.03},"branches":{"total":17,"covered":1,"skipped":0,"pct":5.88}}
,"/Users/alkhalifas/Documents/Github/cs5500-final-project-saleh-vidhi/client/src/components/main/Answers/AnswersPage.js": {"lines":{"total":101,"covered":89,"skipped":0,"pct":88.11},"functions":{"total":29,"covered":24,"skipped":0,"pct":82.75},"statements":{"total":101,"covered":89,"skipped":0,"pct":88.11},"branches":{"total":50,"covered":43,"skipped":0,"pct":86}}
,"/Users/alkhalifas/Documents/Github/cs5500-final-project-saleh-vidhi/client/src/components/main/TagQuestionsList/TagQuestionsList.js": {"lines":{"total":31,"covered":22,"skipped":0,"pct":70.96},"functions":{"total":9,"covered":5,"skipped":0,"pct":55.55},"statements":{"total":31,"covered":22,"skipped":0,"pct":70.96},"branches":{"total":16,"covered":4,"skipped":0,"pct":25}}
,"/Users/alkhalifas/Documents/Github/cs5500-final-project-saleh-vidhi/client/src/components/main/answerForm/answerForm.js": {"lines":{"total":42,"covered":40,"skipped":0,"pct":95.23},"functions":{"total":6,"covered":6,"skipped":0,"pct":100},"statements":{"total":42,"covered":40,"skipped":0,"pct":95.23},"branches":{"total":13,"covered":11,"skipped":0,"pct":84.61}}
,"/Users/alkhalifas/Documents/Github/cs5500-final-project-saleh-vidhi/client/src/components/main/comments/commentsSection.js": {"lines":{"total":77,"covered":58,"skipped":0,"pct":75.32},"functions":{"total":12,"covered":9,"skipped":0,"pct":75},"statements":{"total":78,"covered":59,"skipped":0,"pct":75.64},"branches":{"total":38,"covered":25,"skipped":0,"pct":65.78}}
,"/Users/alkhalifas/Documents/Github/cs5500-final-project-saleh-vidhi/client/src/components/main/questionForm/questionForm.js": {"lines":{"total":69,"covered":66,"skipped":0,"pct":95.65},"functions":{"total":8,"covered":8,"skipped":0,"pct":100},"statements":{"total":70,"covered":67,"skipped":0,"pct":95.71},"branches":{"total":31,"covered":29,"skipped":0,"pct":93.54}}
,"/Users/alkhalifas/Documents/Github/cs5500-final-project-saleh-vidhi/client/src/components/main/questionList/QuestionCardTiming.js": {"lines":{"total":31,"covered":9,"skipped":0,"pct":29.03},"functions":{"total":3,"covered":1,"skipped":0,"pct":33.33},"statements":{"total":31,"covered":9,"skipped":0,"pct":29.03},"branches":{"total":17,"covered":1,"skipped":0,"pct":5.88}}
,"/Users/alkhalifas/Documents/Github/cs5500-final-project-saleh-vidhi/client/src/components/main/questionList/questionsList.js": {"lines":{"total":63,"covered":56,"skipped":0,"pct":88.88},"functions":{"total":17,"covered":16,"skipped":0,"pct":94.11},"statements":{"total":63,"covered":56,"skipped":0,"pct":88.88},"branches":{"total":28,"covered":21,"skipped":0,"pct":75}}
,"/Users/alkhalifas/Documents/Github/cs5500-final-project-saleh-vidhi/client/src/components/main/searchResults/searchResultsList.js": {"lines":{"total":46,"covered":26,"skipped":0,"pct":56.52},"functions":{"total":15,"covered":5,"skipped":0,"pct":33.33},"statements":{"total":46,"covered":26,"skipped":0,"pct":56.52},"branches":{"total":20,"covered":7,"skipped":0,"pct":35}}
,"/Users/alkhalifas/Documents/Github/cs5500-final-project-saleh-vidhi/client/src/components/main/tagsList/tagsList.js": {"lines":{"total":24,"covered":21,"skipped":0,"pct":87.5},"functions":{"total":10,"covered":8,"skipped":0,"pct":80},"statements":{"total":24,"covered":21,"skipped":0,"pct":87.5},"branches":{"total":6,"covered":6,"skipped":0,"pct":100}}
,"/Users/alkhalifas/Documents/Github/cs5500-final-project-saleh-vidhi/client/src/components/menubar/menubar.js": {"lines":{"total":9,"covered":9,"skipped":0,"pct":100},"functions":{"total":5,"covered":5,"skipped":0,"pct":100},"statements":{"total":9,"covered":9,"skipped":0,"pct":100},"branches":{"total":8,"covered":8,"skipped":0,"pct":100}}
,"/Users/alkhalifas/Documents/Github/cs5500-final-project-saleh-vidhi/client/src/components/profile/profile.js": {"lines":{"total":35,"covered":32,"skipped":0,"pct":91.42},"functions":{"total":10,"covered":10,"skipped":0,"pct":100},"statements":{"total":37,"covered":34,"skipped":0,"pct":91.89},"branches":{"total":16,"covered":14,"skipped":0,"pct":87.5}}
,"/Users/alkhalifas/Documents/Github/cs5500-final-project-saleh-vidhi/client/src/components/profile/answerForm/answerForm.js": {"lines":{"total":32,"covered":25,"skipped":0,"pct":78.12},"functions":{"total":6,"covered":6,"skipped":0,"pct":100},"statements":{"total":32,"covered":25,"skipped":0,"pct":78.12},"branches":{"total":15,"covered":5,"skipped":0,"pct":33.33}}
,"/Users/alkhalifas/Documents/Github/cs5500-final-project-saleh-vidhi/client/src/components/profile/answers/answersList.js": {"lines":{"total":36,"covered":31,"skipped":0,"pct":86.11},"functions":{"total":9,"covered":9,"skipped":0,"pct":100},"statements":{"total":36,"covered":31,"skipped":0,"pct":86.11},"branches":{"total":8,"covered":6,"skipped":0,"pct":75}}
,"/Users/alkhalifas/Documents/Github/cs5500-final-project-saleh-vidhi/client/src/components/profile/questionForm/questionForm.js": {"lines":{"total":71,"covered":51,"skipped":0,"pct":71.83},"functions":{"total":10,"covered":10,"skipped":0,"pct":100},"statements":{"total":72,"covered":52,"skipped":0,"pct":72.22},"branches":{"total":39,"covered":16,"skipped":0,"pct":41.02}}
,"/Users/alkhalifas/Documents/Github/cs5500-final-project-saleh-vidhi/client/src/components/profile/questions/questionsList.js": {"lines":{"total":47,"covered":37,"skipped":0,"pct":78.72},"functions":{"total":10,"covered":8,"skipped":0,"pct":80},"statements":{"total":47,"covered":37,"skipped":0,"pct":78.72},"branches":{"total":18,"covered":6,"skipped":0,"pct":33.33}}
,"/Users/alkhalifas/Documents/Github/cs5500-final-project-saleh-vidhi/client/src/components/profile/tags/tagsList.js": {"lines":{"total":40,"covered":36,"skipped":0,"pct":90},"functions":{"total":12,"covered":12,"skipped":0,"pct":100},"statements":{"total":41,"covered":37,"skipped":0,"pct":90.24},"branches":{"total":6,"covered":4,"skipped":0,"pct":66.66}}
,"/Users/alkhalifas/Documents/Github/cs5500-final-project-saleh-vidhi/client/src/components/register/register.js": {"lines":{"total":18,"covered":16,"skipped":0,"pct":88.88},"functions":{"total":3,"covered":3,"skipped":0,"pct":100},"statements":{"total":18,"covered":16,"skipped":0,"pct":88.88},"branches":{"total":12,"covered":9,"skipped":0,"pct":75}}
,"/Users/alkhalifas/Documents/Github/cs5500-final-project-saleh-vidhi/client/src/components/welcome/welcome.js": {"lines":{"total":11,"covered":10,"skipped":0,"pct":90.9},"functions":{"total":6,"covered":5,"skipped":0,"pct":83.33},"statements":{"total":11,"covered":10,"skipped":0,"pct":90.9},"branches":{"total":4,"covered":4,"skipped":0,"pct":100}}
}
