{"/Users/alkhalifas/Documents/Github/cs5500-final-project-saleh-vidhi/client/src/App.js": {"path":"/Users/alkhalifas/Documents/Github/cs5500-final-project-saleh-vidhi/client/src/App.js","statementMap":{"0":{"start":{"line":8,"column":2},"end":{"line":12,"column":4}}},"fnMap":{"0":{"name":"App","decl":{"start":{"line":7,"column":9},"end":{"line":7,"column":12}},"loc":{"start":{"line":7,"column":15},"end":{"line":13,"column":1}},"line":7}},"branchMap":{},"s":{"0":179},"f":{"0":179},"b":{},"_coverageSchema":"1a1c01bbd47fc00a2c39e90264f33305004495a9","hash":"7380eb0f716a9dc65b014c97c218910a20fafd81"}
,"/Users/alkhalifas/Documents/Github/cs5500-final-project-saleh-vidhi/client/src/index.js": {"path":"/Users/alkhalifas/Documents/Github/cs5500-final-project-saleh-vidhi/client/src/index.js","statementMap":{"0":{"start":{"line":5,"column":13},"end":{"line":5,"column":65}},"1":{"start":{"line":6,"column":0},"end":{"line":10,"column":2}}},"fnMap":{},"branchMap":{},"s":{"0":86,"1":86},"f":{},"b":{},"_coverageSchema":"1a1c01bbd47fc00a2c39e90264f33305004495a9","hash":"ca35b4daa111e519056de1dbb982cae52b42b76e"}
,"/Users/alkhalifas/Documents/Github/cs5500-final-project-saleh-vidhi/client/src/components/fakestackoverflow.js": {"path":"/Users/alkhalifas/Documents/Github/cs5500-final-project-saleh-vidhi/client/src/components/fakestackoverflow.js","statementMap":{"0":{"start":{"line":14,"column":54},"end":{"line":14,"column":75}},"1":{"start":{"line":15,"column":42},"end":{"line":15,"column":56}},"2":{"start":{"line":16,"column":42},"end":{"line":16,"column":54}},"3":{"start":{"line":17,"column":44},"end":{"line":17,"column":59}},"4":{"start":{"line":18,"column":44},"end":{"line":18,"column":55}},"5":{"start":{"line":19,"column":40},"end":{"line":19,"column":55}},"6":{"start":{"line":20,"column":34},"end":{"line":20,"column":49}},"7":{"start":{"line":21,"column":36},"end":{"line":21,"column":50}},"8":{"start":{"line":24,"column":31},"end":{"line":38,"column":5}},"9":{"start":{"line":25,"column":8},"end":{"line":37,"column":15}},"10":{"start":{"line":27,"column":16},"end":{"line":33,"column":17}},"11":{"start":{"line":28,"column":20},"end":{"line":28,"column":40}},"12":{"start":{"line":29,"column":20},"end":{"line":29,"column":52}},"13":{"start":{"line":31,"column":20},"end":{"line":31,"column":41}},"14":{"start":{"line":32,"column":20},"end":{"line":32,"column":38}},"15":{"start":{"line":36,"column":16},"end":{"line":36,"column":71}},"16":{"start":{"line":40,"column":25},"end":{"line":43,"column":5}},"17":{"start":{"line":41,"column":8},"end":{"line":41,"column":26}},"18":{"start":{"line":42,"column":8},"end":{"line":42,"column":29}},"19":{"start":{"line":45,"column":4},"end":{"line":47,"column":11}},"20":{"start":{"line":46,"column":8},"end":{"line":46,"column":29}},"21":{"start":{"line":49,"column":34},"end":{"line":56,"column":5}},"22":{"start":{"line":50,"column":8},"end":{"line":53,"column":9}},"23":{"start":{"line":51,"column":12},"end":{"line":51,"column":44}},"24":{"start":{"line":52,"column":12},"end":{"line":52,"column":34}},"25":{"start":{"line":54,"column":8},"end":{"line":54,"column":31}},"26":{"start":{"line":55,"column":8},"end":{"line":55,"column":48}},"27":{"start":{"line":55,"column":35},"end":{"line":55,"column":46}},"28":{"start":{"line":58,"column":36},"end":{"line":71,"column":5}},"29":{"start":{"line":59,"column":8},"end":{"line":70,"column":9}},"30":{"start":{"line":61,"column":16},"end":{"line":61,"column":60}},"31":{"start":{"line":63,"column":16},"end":{"line":63,"column":138}},"32":{"start":{"line":63,"column":71},"end":{"line":63,"column":115}},"33":{"start":{"line":65,"column":16},"end":{"line":65,"column":98}},"34":{"start":{"line":67,"column":16},"end":{"line":67,"column":35}},"35":{"start":{"line":69,"column":16},"end":{"line":69,"column":28}},"36":{"start":{"line":73,"column":26},"end":{"line":87,"column":5}},"37":{"start":{"line":74,"column":8},"end":{"line":86,"column":9}},"38":{"start":{"line":75,"column":12},"end":{"line":83,"column":14}},"39":{"start":{"line":85,"column":12},"end":{"line":85,"column":85}},"40":{"start":{"line":89,"column":4},"end":{"line":105,"column":6}}},"fnMap":{"0":{"name":"FakeStackOverflow","decl":{"start":{"line":13,"column":24},"end":{"line":13,"column":41}},"loc":{"start":{"line":13,"column":44},"end":{"line":106,"column":1}},"line":13},"1":{"name":"(anonymous_1)","decl":{"start":{"line":24,"column":31},"end":{"line":24,"column":32}},"loc":{"start":{"line":24,"column":37},"end":{"line":38,"column":5}},"line":24},"2":{"name":"(anonymous_2)","decl":{"start":{"line":26,"column":18},"end":{"line":26,"column":19}},"loc":{"start":{"line":26,"column":30},"end":{"line":34,"column":13}},"line":26},"3":{"name":"(anonymous_3)","decl":{"start":{"line":35,"column":19},"end":{"line":35,"column":20}},"loc":{"start":{"line":35,"column":28},"end":{"line":37,"column":13}},"line":35},"4":{"name":"(anonymous_4)","decl":{"start":{"line":40,"column":25},"end":{"line":40,"column":26}},"loc":{"start":{"line":40,"column":31},"end":{"line":43,"column":5}},"line":40},"5":{"name":"(anonymous_5)","decl":{"start":{"line":45,"column":14},"end":{"line":45,"column":15}},"loc":{"start":{"line":45,"column":20},"end":{"line":47,"column":5}},"line":45},"6":{"name":"(anonymous_6)","decl":{"start":{"line":49,"column":34},"end":{"line":49,"column":35}},"loc":{"start":{"line":49,"column":63},"end":{"line":56,"column":5}},"line":49},"7":{"name":"(anonymous_7)","decl":{"start":{"line":55,"column":24},"end":{"line":55,"column":25}},"loc":{"start":{"line":55,"column":35},"end":{"line":55,"column":46}},"line":55},"8":{"name":"(anonymous_8)","decl":{"start":{"line":58,"column":36},"end":{"line":58,"column":37}},"loc":{"start":{"line":58,"column":42},"end":{"line":71,"column":5}},"line":58},"9":{"name":"(anonymous_9)","decl":{"start":{"line":63,"column":62},"end":{"line":63,"column":63}},"loc":{"start":{"line":63,"column":71},"end":{"line":63,"column":115}},"line":63},"10":{"name":"(anonymous_10)","decl":{"start":{"line":73,"column":26},"end":{"line":73,"column":27}},"loc":{"start":{"line":73,"column":32},"end":{"line":87,"column":5}},"line":73}},"branchMap":{"0":{"loc":{"start":{"line":27,"column":16},"end":{"line":33,"column":17}},"type":"if","locations":[{"start":{"line":27,"column":16},"end":{"line":33,"column":17}},{"start":{"line":27,"column":16},"end":{"line":33,"column":17}}],"line":27},"1":{"loc":{"start":{"line":49,"column":46},"end":{"line":49,"column":58}},"type":"default-arg","locations":[{"start":{"line":49,"column":54},"end":{"line":49,"column":58}}],"line":49},"2":{"loc":{"start":{"line":50,"column":8},"end":{"line":53,"column":9}},"type":"if","locations":[{"start":{"line":50,"column":8},"end":{"line":53,"column":9}},{"start":{"line":50,"column":8},"end":{"line":53,"column":9}}],"line":50},"3":{"loc":{"start":{"line":59,"column":8},"end":{"line":70,"column":9}},"type":"switch","locations":[{"start":{"line":60,"column":12},"end":{"line":61,"column":60}},{"start":{"line":62,"column":12},"end":{"line":63,"column":138}},{"start":{"line":64,"column":12},"end":{"line":65,"column":98}},{"start":{"line":66,"column":12},"end":{"line":67,"column":35}},{"start":{"line":68,"column":12},"end":{"line":69,"column":28}}],"line":59},"4":{"loc":{"start":{"line":65,"column":23},"end":{"line":65,"column":97}},"type":"binary-expr","locations":[{"start":{"line":65,"column":23},"end":{"line":65,"column":34}},{"start":{"line":65,"column":38},"end":{"line":65,"column":97}}],"line":65},"5":{"loc":{"start":{"line":74,"column":8},"end":{"line":86,"column":9}},"type":"if","locations":[{"start":{"line":74,"column":8},"end":{"line":86,"column":9}},{"start":{"line":74,"column":8},"end":{"line":86,"column":9}}],"line":74},"6":{"loc":{"start":{"line":74,"column":12},"end":{"line":74,"column":33}},"type":"binary-expr","locations":[{"start":{"line":74,"column":12},"end":{"line":74,"column":22}},{"start":{"line":74,"column":26},"end":{"line":74,"column":33}}],"line":74},"7":{"loc":{"start":{"line":79,"column":25},"end":{"line":80,"column":55}},"type":"cond-expr","locations":[{"start":{"line":79,"column":40},"end":{"line":79,"column":106}},{"start":{"line":80,"column":30},"end":{"line":80,"column":55}}],"line":79}},"s":{"0":471,"1":464,"2":464,"3":464,"4":464,"5":464,"6":464,"7":464,"8":464,"9":172,"10":172,"11":4,"12":4,"13":168,"14":168,"15":0,"16":464,"17":0,"18":0,"19":464,"20":172,"21":464,"22":39,"23":31,"24":31,"25":39,"26":39,"27":70,"28":464,"29":266,"30":192,"31":22,"32":0,"33":0,"34":52,"35":0,"36":464,"37":464,"38":274,"39":190,"40":464},"f":{"0":471,"1":172,"2":172,"3":0,"4":0,"5":172,"6":39,"7":70,"8":266,"9":0,"10":464},"b":{"0":[4,168],"1":[39],"2":[31,8],"3":[192,22,0,52,0],"4":[0,0],"5":[274,190],"6":[464,234],"7":[8,266]},"_coverageSchema":"1a1c01bbd47fc00a2c39e90264f33305004495a9","hash":"99b43fad593b65d13c02a945f44d3e93c9b8b662"}
,"/Users/alkhalifas/Documents/Github/cs5500-final-project-saleh-vidhi/client/src/components/header/header.js": {"path":"/Users/alkhalifas/Documents/Github/cs5500-final-project-saleh-vidhi/client/src/components/header/header.js","statementMap":{"0":{"start":{"line":13,"column":47},"end":{"line":13,"column":59}},"1":{"start":{"line":14,"column":35},"end":{"line":14,"column":47}},"2":{"start":{"line":17,"column":31},"end":{"line":33,"column":5}},"3":{"start":{"line":18,"column":8},"end":{"line":32,"column":15}},"4":{"start":{"line":20,"column":16},"end":{"line":28,"column":17}},"5":{"start":{"line":21,"column":20},"end":{"line":21,"column":40}},"6":{"start":{"line":22,"column":20},"end":{"line":22,"column":54}},"7":{"start":{"line":23,"column":20},"end":{"line":23,"column":55}},"8":{"start":{"line":26,"column":20},"end":{"line":26,"column":41}},"9":{"start":{"line":27,"column":20},"end":{"line":27,"column":36}},"10":{"start":{"line":31,"column":16},"end":{"line":31,"column":71}},"11":{"start":{"line":36,"column":25},"end":{"line":39,"column":5}},"12":{"start":{"line":37,"column":8},"end":{"line":37,"column":36}},"13":{"start":{"line":38,"column":8},"end":{"line":38,"column":30}},"14":{"start":{"line":41,"column":25},"end":{"line":50,"column":5}},"15":{"start":{"line":42,"column":8},"end":{"line":49,"column":15}},"16":{"start":{"line":44,"column":16},"end":{"line":44,"column":37}},"17":{"start":{"line":45,"column":16},"end":{"line":45,"column":55}},"18":{"start":{"line":48,"column":16},"end":{"line":48,"column":54}},"19":{"start":{"line":52,"column":4},"end":{"line":54,"column":11}},"20":{"start":{"line":53,"column":8},"end":{"line":53,"column":29}},"21":{"start":{"line":56,"column":4},"end":{"line":93,"column":6}},"22":{"start":{"line":68,"column":45},"end":{"line":68,"column":80}},"23":{"start":{"line":70,"column":32},"end":{"line":72,"column":33}},"24":{"start":{"line":71,"column":36},"end":{"line":71,"column":51}},"25":{"start":{"line":81,"column":74},"end":{"line":81,"column":88}},"26":{"start":{"line":88,"column":74},"end":{"line":88,"column":88}},"27":{"start":{"line":96,"column":0},"end":{"line":103,"column":2}}},"fnMap":{"0":{"name":"Header","decl":{"start":{"line":5,"column":24},"end":{"line":5,"column":30}},"loc":{"start":{"line":12,"column":3},"end":{"line":94,"column":1}},"line":12},"1":{"name":"(anonymous_1)","decl":{"start":{"line":17,"column":31},"end":{"line":17,"column":32}},"loc":{"start":{"line":17,"column":37},"end":{"line":33,"column":5}},"line":17},"2":{"name":"(anonymous_2)","decl":{"start":{"line":19,"column":18},"end":{"line":19,"column":19}},"loc":{"start":{"line":19,"column":30},"end":{"line":29,"column":13}},"line":19},"3":{"name":"(anonymous_3)","decl":{"start":{"line":30,"column":19},"end":{"line":30,"column":20}},"loc":{"start":{"line":30,"column":28},"end":{"line":32,"column":13}},"line":30},"4":{"name":"(anonymous_4)","decl":{"start":{"line":36,"column":25},"end":{"line":36,"column":26}},"loc":{"start":{"line":36,"column":31},"end":{"line":39,"column":5}},"line":36},"5":{"name":"(anonymous_5)","decl":{"start":{"line":41,"column":25},"end":{"line":41,"column":26}},"loc":{"start":{"line":41,"column":31},"end":{"line":50,"column":5}},"line":41},"6":{"name":"(anonymous_6)","decl":{"start":{"line":43,"column":18},"end":{"line":43,"column":19}},"loc":{"start":{"line":43,"column":24},"end":{"line":46,"column":13}},"line":43},"7":{"name":"(anonymous_7)","decl":{"start":{"line":47,"column":19},"end":{"line":47,"column":20}},"loc":{"start":{"line":47,"column":28},"end":{"line":49,"column":13}},"line":47},"8":{"name":"(anonymous_8)","decl":{"start":{"line":52,"column":14},"end":{"line":52,"column":15}},"loc":{"start":{"line":52,"column":20},"end":{"line":54,"column":5}},"line":52},"9":{"name":"(anonymous_9)","decl":{"start":{"line":68,"column":38},"end":{"line":68,"column":39}},"loc":{"start":{"line":68,"column":45},"end":{"line":68,"column":80}},"line":68},"10":{"name":"(anonymous_10)","decl":{"start":{"line":69,"column":40},"end":{"line":69,"column":41}},"loc":{"start":{"line":69,"column":47},"end":{"line":73,"column":29}},"line":69},"11":{"name":"(anonymous_11)","decl":{"start":{"line":81,"column":68},"end":{"line":81,"column":69}},"loc":{"start":{"line":81,"column":74},"end":{"line":81,"column":88}},"line":81},"12":{"name":"(anonymous_12)","decl":{"start":{"line":88,"column":68},"end":{"line":88,"column":69}},"loc":{"start":{"line":88,"column":74},"end":{"line":88,"column":88}},"line":88}},"branchMap":{"0":{"loc":{"start":{"line":20,"column":16},"end":{"line":28,"column":17}},"type":"if","locations":[{"start":{"line":20,"column":16},"end":{"line":28,"column":17}},{"start":{"line":20,"column":16},"end":{"line":28,"column":17}}],"line":20},"1":{"loc":{"start":{"line":61,"column":20},"end":{"line":75,"column":26}},"type":"binary-expr","locations":[{"start":{"line":61,"column":21},"end":{"line":61,"column":28}},{"start":{"line":61,"column":32},"end":{"line":61,"column":42}},{"start":{"line":62,"column":20},"end":{"line":75,"column":26}}],"line":61},"2":{"loc":{"start":{"line":70,"column":32},"end":{"line":72,"column":33}},"type":"if","locations":[{"start":{"line":70,"column":32},"end":{"line":72,"column":33}},{"start":{"line":70,"column":32},"end":{"line":72,"column":33}}],"line":70},"3":{"loc":{"start":{"line":79,"column":20},"end":{"line":82,"column":23}},"type":"binary-expr","locations":[{"start":{"line":79,"column":20},"end":{"line":79,"column":30}},{"start":{"line":80,"column":20},"end":{"line":82,"column":23}}],"line":79},"4":{"loc":{"start":{"line":85,"column":20},"end":{"line":89,"column":23}},"type":"binary-expr","locations":[{"start":{"line":85,"column":20},"end":{"line":85,"column":27}},{"start":{"line":86,"column":20},"end":{"line":89,"column":23}}],"line":85}},"s":{"0":546,"1":546,"2":546,"3":176,"4":176,"5":8,"6":8,"7":8,"8":168,"9":168,"10":0,"11":546,"12":4,"13":4,"14":546,"15":9,"16":9,"17":9,"18":0,"19":546,"20":176,"21":546,"22":41,"23":45,"24":4,"25":9,"26":0,"27":86},"f":{"0":546,"1":176,"2":176,"3":0,"4":4,"5":9,"6":9,"7":0,"8":176,"9":41,"10":45,"11":9,"12":0},"b":{"0":[8,168],"1":[546,502,356],"2":[4,41],"3":[546,312],"4":[546,44]},"_coverageSchema":"1a1c01bbd47fc00a2c39e90264f33305004495a9","hash":"1c1b55f83b816c388db77ac5f41b14a6f64d1d06"}
,"/Users/alkhalifas/Documents/Github/cs5500-final-project-saleh-vidhi/client/src/components/login/login.js": {"path":"/Users/alkhalifas/Documents/Github/cs5500-final-project-saleh-vidhi/client/src/components/login/login.js","statementMap":{"0":{"start":{"line":7,"column":42},"end":{"line":10,"column":6}},"1":{"start":{"line":11,"column":50},"end":{"line":11,"column":62}},"2":{"start":{"line":13,"column":25},"end":{"line":15,"column":5}},"3":{"start":{"line":14,"column":8},"end":{"line":14,"column":76}},"4":{"start":{"line":17,"column":25},"end":{"line":27,"column":5}},"5":{"start":{"line":18,"column":8},"end":{"line":18,"column":27}},"6":{"start":{"line":19,"column":8},"end":{"line":26,"column":9}},"7":{"start":{"line":20,"column":29},"end":{"line":20,"column":116}},"8":{"start":{"line":21,"column":12},"end":{"line":21,"column":57}},"9":{"start":{"line":22,"column":12},"end":{"line":22,"column":31}},"10":{"start":{"line":24,"column":12},"end":{"line":24,"column":97}},"11":{"start":{"line":25,"column":12},"end":{"line":25,"column":90}},"12":{"start":{"line":29,"column":4},"end":{"line":43,"column":6}},"13":{"start":{"line":46,"column":0},"end":{"line":49,"column":2}}},"fnMap":{"0":{"name":"Login","decl":{"start":{"line":6,"column":24},"end":{"line":6,"column":29}},"loc":{"start":{"line":6,"column":64},"end":{"line":44,"column":1}},"line":6},"1":{"name":"(anonymous_1)","decl":{"start":{"line":13,"column":25},"end":{"line":13,"column":26}},"loc":{"start":{"line":13,"column":32},"end":{"line":15,"column":5}},"line":13},"2":{"name":"(anonymous_2)","decl":{"start":{"line":17,"column":25},"end":{"line":17,"column":26}},"loc":{"start":{"line":17,"column":38},"end":{"line":27,"column":5}},"line":17}},"branchMap":{"0":{"loc":{"start":{"line":24,"column":31},"end":{"line":24,"column":95}},"type":"binary-expr","locations":[{"start":{"line":24,"column":31},"end":{"line":24,"column":60}},{"start":{"line":24,"column":64},"end":{"line":24,"column":95}}],"line":24},"1":{"loc":{"start":{"line":25,"column":42},"end":{"line":25,"column":88}},"type":"binary-expr","locations":[{"start":{"line":25,"column":42},"end":{"line":25,"column":71}},{"start":{"line":25,"column":75},"end":{"line":25,"column":88}}],"line":25},"2":{"loc":{"start":{"line":37,"column":20},"end":{"line":38,"column":86}},"type":"binary-expr","locations":[{"start":{"line":37,"column":20},"end":{"line":37,"column":35}},{"start":{"line":38,"column":20},"end":{"line":38,"column":86}}],"line":37}},"s":{"0":3030,"1":3030,"2":3030,"3":1417,"4":3030,"5":70,"6":70,"7":70,"8":68,"9":68,"10":2,"11":2,"12":3030,"13":86},"f":{"0":3030,"1":1417,"2":70},"b":{"0":[2,0],"1":[2,0],"2":[3030,40]},"_coverageSchema":"1a1c01bbd47fc00a2c39e90264f33305004495a9","hash":"2ff33044fb44d69e13457513757e814b0408a6b2"}
,"/Users/alkhalifas/Documents/Github/cs5500-final-project-saleh-vidhi/client/src/components/main/utils.js": {"path":"/Users/alkhalifas/Documents/Github/cs5500-final-project-saleh-vidhi/client/src/components/main/utils.js","statementMap":{"0":{"start":{"line":1,"column":28},"end":{"line":5,"column":1}},"1":{"start":{"line":2,"column":18},"end":{"line":2,"column":39}},"2":{"start":{"line":3,"column":26},"end":{"line":3,"column":92}},"3":{"start":{"line":4,"column":4},"end":{"line":4,"column":37}},"4":{"start":{"line":7,"column":1},"end":{"line":7,"column":37}}},"fnMap":{"0":{"name":"(anonymous_0)","decl":{"start":{"line":1,"column":28},"end":{"line":1,"column":29}},"loc":{"start":{"line":1,"column":38},"end":{"line":5,"column":1}},"line":1}},"branchMap":{"0":{"loc":{"start":{"line":3,"column":27},"end":{"line":3,"column":37}},"type":"binary-expr","locations":[{"start":{"line":3,"column":27},"end":{"line":3,"column":31}},{"start":{"line":3,"column":35},"end":{"line":3,"column":37}}],"line":3}},"s":{"0":86,"1":3848,"2":3848,"3":3848,"4":86},"f":{"0":3848},"b":{"0":[3848,0]},"_coverageSchema":"1a1c01bbd47fc00a2c39e90264f33305004495a9","hash":"761150558476594d2ba153b12053376d11d6834f"}
,"/Users/alkhalifas/Documents/Github/cs5500-final-project-saleh-vidhi/client/src/components/main/Answers/AnswerCardTiming.js": {"path":"/Users/alkhalifas/Documents/Github/cs5500-final-project-saleh-vidhi/client/src/components/main/Answers/AnswerCardTiming.js","statementMap":{"0":{"start":{"line":4,"column":15},"end":{"line":7,"column":1}},"1":{"start":{"line":10,"column":16},"end":{"line":10,"column":55}},"2":{"start":{"line":11,"column":18},"end":{"line":11,"column":41}},"3":{"start":{"line":13,"column":4},"end":{"line":13,"column":29}},"4":{"start":{"line":17,"column":18},"end":{"line":17,"column":61}},"5":{"start":{"line":18,"column":20},"end":{"line":18,"column":65}},"6":{"start":{"line":19,"column":4},"end":{"line":19,"column":33}},"7":{"start":{"line":23,"column":20},"end":{"line":23,"column":50}},"8":{"start":{"line":24,"column":16},"end":{"line":24,"column":26}},"9":{"start":{"line":26,"column":27},"end":{"line":26,"column":61}},"10":{"start":{"line":28,"column":19},"end":{"line":28,"column":21}},"11":{"start":{"line":29,"column":4},"end":{"line":48,"column":5}},"12":{"start":{"line":30,"column":8},"end":{"line":30,"column":60}},"13":{"start":{"line":31,"column":11},"end":{"line":48,"column":5}},"14":{"start":{"line":32,"column":24},"end":{"line":32,"column":55}},"15":{"start":{"line":33,"column":8},"end":{"line":33,"column":77}},"16":{"start":{"line":34,"column":11},"end":{"line":48,"column":5}},"17":{"start":{"line":35,"column":22},"end":{"line":35,"column":55}},"18":{"start":{"line":36,"column":8},"end":{"line":36,"column":71}},"19":{"start":{"line":37,"column":11},"end":{"line":48,"column":5}},"20":{"start":{"line":38,"column":30},"end":{"line":38,"column":49}},"21":{"start":{"line":39,"column":8},"end":{"line":39,"column":56}},"22":{"start":{"line":40,"column":11},"end":{"line":48,"column":5}},"23":{"start":{"line":41,"column":30},"end":{"line":41,"column":49}},"24":{"start":{"line":42,"column":30},"end":{"line":42,"column":49}},"25":{"start":{"line":43,"column":8},"end":{"line":43,"column":67}},"26":{"start":{"line":45,"column":30},"end":{"line":45,"column":49}},"27":{"start":{"line":46,"column":30},"end":{"line":46,"column":49}},"28":{"start":{"line":47,"column":8},"end":{"line":47,"column":93}},"29":{"start":{"line":50,"column":4},"end":{"line":54,"column":6}},"30":{"start":{"line":57,"column":0},"end":{"line":59,"column":2}}},"fnMap":{"0":{"name":"formatDate","decl":{"start":{"line":9,"column":9},"end":{"line":9,"column":19}},"loc":{"start":{"line":9,"column":26},"end":{"line":14,"column":1}},"line":9},"1":{"name":"formatTime","decl":{"start":{"line":16,"column":9},"end":{"line":16,"column":19}},"loc":{"start":{"line":16,"column":26},"end":{"line":20,"column":1}},"line":16},"2":{"name":"AnswerCardTiming","decl":{"start":{"line":22,"column":24},"end":{"line":22,"column":40}},"loc":{"start":{"line":22,"column":53},"end":{"line":55,"column":1}},"line":22}},"branchMap":{"0":{"loc":{"start":{"line":29,"column":4},"end":{"line":48,"column":5}},"type":"if","locations":[{"start":{"line":29,"column":4},"end":{"line":48,"column":5}},{"start":{"line":29,"column":4},"end":{"line":48,"column":5}}],"line":29},"1":{"loc":{"start":{"line":31,"column":11},"end":{"line":48,"column":5}},"type":"if","locations":[{"start":{"line":31,"column":11},"end":{"line":48,"column":5}},{"start":{"line":31,"column":11},"end":{"line":48,"column":5}}],"line":31},"2":{"loc":{"start":{"line":33,"column":48},"end":{"line":33,"column":70}},"type":"cond-expr","locations":[{"start":{"line":33,"column":62},"end":{"line":33,"column":65}},{"start":{"line":33,"column":68},"end":{"line":33,"column":70}}],"line":33},"3":{"loc":{"start":{"line":34,"column":11},"end":{"line":48,"column":5}},"type":"if","locations":[{"start":{"line":34,"column":11},"end":{"line":48,"column":5}},{"start":{"line":34,"column":11},"end":{"line":48,"column":5}}],"line":34},"4":{"loc":{"start":{"line":36,"column":44},"end":{"line":36,"column":64}},"type":"cond-expr","locations":[{"start":{"line":36,"column":56},"end":{"line":36,"column":59}},{"start":{"line":36,"column":62},"end":{"line":36,"column":64}}],"line":36},"5":{"loc":{"start":{"line":37,"column":11},"end":{"line":48,"column":5}},"type":"if","locations":[{"start":{"line":37,"column":11},"end":{"line":48,"column":5}},{"start":{"line":37,"column":11},"end":{"line":48,"column":5}}],"line":37},"6":{"loc":{"start":{"line":37,"column":15},"end":{"line":37,"column":138}},"type":"binary-expr","locations":[{"start":{"line":37,"column":15},"end":{"line":37,"column":50}},{"start":{"line":37,"column":54},"end":{"line":37,"column":91}},{"start":{"line":37,"column":95},"end":{"line":37,"column":138}}],"line":37},"7":{"loc":{"start":{"line":40,"column":11},"end":{"line":48,"column":5}},"type":"if","locations":[{"start":{"line":40,"column":11},"end":{"line":48,"column":5}},{"start":{"line":40,"column":11},"end":{"line":48,"column":5}}],"line":40}},"s":{"0":86,"1":0,"2":0,"3":0,"4":0,"5":0,"6":0,"7":570,"8":570,"9":570,"10":570,"11":570,"12":570,"13":0,"14":0,"15":0,"16":0,"17":0,"18":0,"19":0,"20":0,"21":0,"22":0,"23":0,"24":0,"25":0,"26":0,"27":0,"28":0,"29":570,"30":86},"f":{"0":0,"1":0,"2":570},"b":{"0":[570,0],"1":[0,0],"2":[0,0],"3":[0,0],"4":[0,0],"5":[0,0],"6":[0,0,0],"7":[0,0]},"_coverageSchema":"1a1c01bbd47fc00a2c39e90264f33305004495a9","hash":"26f6dee943af856c91a722bc7d8aa1aa99dd711a"}
,"/Users/alkhalifas/Documents/Github/cs5500-final-project-saleh-vidhi/client/src/components/main/Answers/AnswersPage.js": {"path":"/Users/alkhalifas/Documents/Github/cs5500-final-project-saleh-vidhi/client/src/components/main/Answers/AnswersPage.js","statementMap":{"0":{"start":{"line":12,"column":34},"end":{"line":12,"column":46}},"1":{"start":{"line":13,"column":40},"end":{"line":13,"column":50}},"2":{"start":{"line":14,"column":30},"end":{"line":14,"column":41}},"3":{"start":{"line":15,"column":30},"end":{"line":15,"column":40}},"4":{"start":{"line":16,"column":48},"end":{"line":16,"column":63}},"5":{"start":{"line":17,"column":44},"end":{"line":17,"column":54}},"6":{"start":{"line":18,"column":40},"end":{"line":18,"column":50}},"7":{"start":{"line":19,"column":42},"end":{"line":19,"column":53}},"8":{"start":{"line":20,"column":36},"end":{"line":20,"column":102}},"9":{"start":{"line":21,"column":34},"end":{"line":21,"column":48}},"10":{"start":{"line":23,"column":26},"end":{"line":44,"column":5}},"11":{"start":{"line":24,"column":8},"end":{"line":43,"column":9}},"12":{"start":{"line":25,"column":29},"end":{"line":31,"column":14}},"13":{"start":{"line":33,"column":12},"end":{"line":35,"column":13}},"14":{"start":{"line":34,"column":16},"end":{"line":34,"column":74}},"15":{"start":{"line":37,"column":25},"end":{"line":37,"column":46}},"16":{"start":{"line":38,"column":12},"end":{"line":38,"column":30}},"17":{"start":{"line":39,"column":12},"end":{"line":39,"column":30}},"18":{"start":{"line":41,"column":12},"end":{"line":41,"column":29}},"19":{"start":{"line":42,"column":12},"end":{"line":42,"column":62}},"20":{"start":{"line":46,"column":32},"end":{"line":58,"column":22}},"21":{"start":{"line":47,"column":26},"end":{"line":47,"column":96}},"22":{"start":{"line":48,"column":8},"end":{"line":57,"column":15}},"23":{"start":{"line":50,"column":16},"end":{"line":50,"column":50}},"24":{"start":{"line":51,"column":16},"end":{"line":51,"column":58}},"25":{"start":{"line":52,"column":16},"end":{"line":52,"column":60}},"26":{"start":{"line":53,"column":16},"end":{"line":53,"column":56}},"27":{"start":{"line":56,"column":16},"end":{"line":56,"column":64}},"28":{"start":{"line":60,"column":33},"end":{"line":69,"column":22}},"29":{"start":{"line":61,"column":26},"end":{"line":61,"column":91}},"30":{"start":{"line":62,"column":8},"end":{"line":68,"column":15}},"31":{"start":{"line":64,"column":16},"end":{"line":64,"column":49}},"32":{"start":{"line":67,"column":16},"end":{"line":67,"column":72}},"33":{"start":{"line":71,"column":4},"end":{"line":88,"column":60}},"34":{"start":{"line":73,"column":24},"end":{"line":73,"column":89}},"35":{"start":{"line":74,"column":8},"end":{"line":82,"column":15}},"36":{"start":{"line":76,"column":16},"end":{"line":76,"column":78}},"37":{"start":{"line":77,"column":16},"end":{"line":77,"column":45}},"38":{"start":{"line":78,"column":16},"end":{"line":78,"column":41}},"39":{"start":{"line":81,"column":16},"end":{"line":81,"column":66}},"40":{"start":{"line":84,"column":8},"end":{"line":84,"column":31}},"41":{"start":{"line":85,"column":8},"end":{"line":85,"column":31}},"42":{"start":{"line":86,"column":8},"end":{"line":86,"column":24}},"43":{"start":{"line":90,"column":33},"end":{"line":92,"column":5}},"44":{"start":{"line":91,"column":8},"end":{"line":91,"column":32}},"45":{"start":{"line":94,"column":29},"end":{"line":105,"column":5}},"46":{"start":{"line":95,"column":23},"end":{"line":95,"column":80}},"47":{"start":{"line":96,"column":8},"end":{"line":104,"column":9}},"48":{"start":{"line":97,"column":29},"end":{"line":97,"column":63}},"49":{"start":{"line":98,"column":12},"end":{"line":98,"column":69}},"50":{"start":{"line":100,"column":12},"end":{"line":100,"column":41}},"51":{"start":{"line":101,"column":12},"end":{"line":101,"column":37}},"52":{"start":{"line":103,"column":12},"end":{"line":103,"column":57}},"53":{"start":{"line":107,"column":27},"end":{"line":113,"column":5}},"54":{"start":{"line":108,"column":8},"end":{"line":112,"column":9}},"55":{"start":{"line":109,"column":12},"end":{"line":109,"column":59}},"56":{"start":{"line":110,"column":15},"end":{"line":112,"column":9}},"57":{"start":{"line":111,"column":12},"end":{"line":111,"column":35}},"58":{"start":{"line":115,"column":27},"end":{"line":119,"column":5}},"59":{"start":{"line":116,"column":8},"end":{"line":118,"column":9}},"60":{"start":{"line":117,"column":12},"end":{"line":117,"column":59}},"61":{"start":{"line":121,"column":31},"end":{"line":133,"column":5}},"62":{"start":{"line":122,"column":23},"end":{"line":122,"column":60}},"63":{"start":{"line":123,"column":8},"end":{"line":132,"column":9}},"64":{"start":{"line":124,"column":29},"end":{"line":127,"column":14}},"65":{"start":{"line":128,"column":12},"end":{"line":128,"column":71}},"66":{"start":{"line":129,"column":12},"end":{"line":129,"column":45}},"67":{"start":{"line":131,"column":12},"end":{"line":131,"column":63}},"68":{"start":{"line":135,"column":29},"end":{"line":146,"column":5}},"69":{"start":{"line":136,"column":31},"end":{"line":144,"column":10}},"70":{"start":{"line":137,"column":12},"end":{"line":142,"column":13}},"71":{"start":{"line":138,"column":16},"end":{"line":141,"column":18}},"72":{"start":{"line":143,"column":12},"end":{"line":143,"column":26}},"73":{"start":{"line":145,"column":8},"end":{"line":145,"column":35}},"74":{"start":{"line":148,"column":29},"end":{"line":161,"column":5}},"75":{"start":{"line":149,"column":23},"end":{"line":149,"column":58}},"76":{"start":{"line":150,"column":8},"end":{"line":160,"column":9}},"77":{"start":{"line":151,"column":29},"end":{"line":154,"column":14}},"78":{"start":{"line":155,"column":12},"end":{"line":155,"column":69}},"79":{"start":{"line":156,"column":12},"end":{"line":156,"column":73}},"80":{"start":{"line":157,"column":12},"end":{"line":157,"column":35}},"81":{"start":{"line":159,"column":12},"end":{"line":159,"column":61}},"82":{"start":{"line":163,"column":32},"end":{"line":177,"column":6}},"83":{"start":{"line":164,"column":24},"end":{"line":164,"column":61}},"84":{"start":{"line":165,"column":9},"end":{"line":176,"column":10}},"85":{"start":{"line":166,"column":30},"end":{"line":169,"column":15}},"86":{"start":{"line":170,"column":13},"end":{"line":170,"column":73}},"87":{"start":{"line":172,"column":13},"end":{"line":172,"column":42}},"88":{"start":{"line":173,"column":13},"end":{"line":173,"column":42}},"89":{"start":{"line":175,"column":13},"end":{"line":175,"column":65}},"90":{"start":{"line":179,"column":4},"end":{"line":344,"column":6}},"91":{"start":{"line":206,"column":36},"end":{"line":208,"column":43}},"92":{"start":{"line":224,"column":67},"end":{"line":224,"column":95}},"93":{"start":{"line":225,"column":67},"end":{"line":225,"column":97}},"94":{"start":{"line":259,"column":83},"end":{"line":259,"column":121}},"95":{"start":{"line":260,"column":83},"end":{"line":260,"column":123}},"96":{"start":{"line":277,"column":28},"end":{"line":318,"column":34}},"97":{"start":{"line":300,"column":103},"end":{"line":300,"column":141}},"98":{"start":{"line":301,"column":105},"end":{"line":301,"column":145}},"99":{"start":{"line":306,"column":83},"end":{"line":306,"column":113}},"100":{"start":{"line":347,"column":0},"end":{"line":349,"column":1}}},"fnMap":{"0":{"name":"AnswersPage","decl":{"start":{"line":11,"column":24},"end":{"line":11,"column":35}},"loc":{"start":{"line":11,"column":48},"end":{"line":345,"column":1}},"line":11},"1":{"name":"(anonymous_1)","decl":{"start":{"line":23,"column":26},"end":{"line":23,"column":27}},"loc":{"start":{"line":23,"column":38},"end":{"line":44,"column":5}},"line":23},"2":{"name":"(anonymous_2)","decl":{"start":{"line":46,"column":44},"end":{"line":46,"column":45}},"loc":{"start":{"line":46,"column":54},"end":{"line":58,"column":5}},"line":46},"3":{"name":"(anonymous_3)","decl":{"start":{"line":49,"column":18},"end":{"line":49,"column":19}},"loc":{"start":{"line":49,"column":30},"end":{"line":54,"column":13}},"line":49},"4":{"name":"(anonymous_4)","decl":{"start":{"line":55,"column":19},"end":{"line":55,"column":20}},"loc":{"start":{"line":55,"column":28},"end":{"line":57,"column":13}},"line":55},"5":{"name":"(anonymous_5)","decl":{"start":{"line":60,"column":45},"end":{"line":60,"column":46}},"loc":{"start":{"line":60,"column":51},"end":{"line":69,"column":5}},"line":60},"6":{"name":"(anonymous_6)","decl":{"start":{"line":63,"column":18},"end":{"line":63,"column":19}},"loc":{"start":{"line":63,"column":30},"end":{"line":65,"column":13}},"line":63},"7":{"name":"(anonymous_7)","decl":{"start":{"line":66,"column":19},"end":{"line":66,"column":20}},"loc":{"start":{"line":66,"column":28},"end":{"line":68,"column":13}},"line":66},"8":{"name":"(anonymous_8)","decl":{"start":{"line":71,"column":14},"end":{"line":71,"column":15}},"loc":{"start":{"line":71,"column":20},"end":{"line":88,"column":5}},"line":71},"9":{"name":"(anonymous_9)","decl":{"start":{"line":75,"column":18},"end":{"line":75,"column":19}},"loc":{"start":{"line":75,"column":30},"end":{"line":79,"column":13}},"line":75},"10":{"name":"(anonymous_10)","decl":{"start":{"line":80,"column":19},"end":{"line":80,"column":20}},"loc":{"start":{"line":80,"column":28},"end":{"line":82,"column":13}},"line":80},"11":{"name":"(anonymous_11)","decl":{"start":{"line":90,"column":33},"end":{"line":90,"column":34}},"loc":{"start":{"line":90,"column":39},"end":{"line":92,"column":5}},"line":90},"12":{"name":"(anonymous_12)","decl":{"start":{"line":94,"column":29},"end":{"line":94,"column":30}},"loc":{"start":{"line":94,"column":49},"end":{"line":105,"column":5}},"line":94},"13":{"name":"(anonymous_13)","decl":{"start":{"line":107,"column":27},"end":{"line":107,"column":28}},"loc":{"start":{"line":107,"column":33},"end":{"line":113,"column":5}},"line":107},"14":{"name":"(anonymous_14)","decl":{"start":{"line":115,"column":27},"end":{"line":115,"column":28}},"loc":{"start":{"line":115,"column":33},"end":{"line":119,"column":5}},"line":115},"15":{"name":"(anonymous_15)","decl":{"start":{"line":121,"column":31},"end":{"line":121,"column":32}},"loc":{"start":{"line":121,"column":51},"end":{"line":133,"column":5}},"line":121},"16":{"name":"(anonymous_16)","decl":{"start":{"line":135,"column":29},"end":{"line":135,"column":30}},"loc":{"start":{"line":135,"column":63},"end":{"line":146,"column":5}},"line":135},"17":{"name":"(anonymous_17)","decl":{"start":{"line":136,"column":43},"end":{"line":136,"column":44}},"loc":{"start":{"line":136,"column":55},"end":{"line":144,"column":9}},"line":136},"18":{"name":"(anonymous_18)","decl":{"start":{"line":148,"column":29},"end":{"line":148,"column":30}},"loc":{"start":{"line":148,"column":59},"end":{"line":161,"column":5}},"line":148},"19":{"name":"(anonymous_19)","decl":{"start":{"line":163,"column":32},"end":{"line":163,"column":33}},"loc":{"start":{"line":163,"column":52},"end":{"line":177,"column":6}},"line":163},"20":{"name":"(anonymous_20)","decl":{"start":{"line":205,"column":51},"end":{"line":205,"column":52}},"loc":{"start":{"line":206,"column":36},"end":{"line":208,"column":43}},"line":206},"21":{"name":"(anonymous_21)","decl":{"start":{"line":224,"column":61},"end":{"line":224,"column":62}},"loc":{"start":{"line":224,"column":67},"end":{"line":224,"column":95}},"line":224},"22":{"name":"(anonymous_22)","decl":{"start":{"line":225,"column":61},"end":{"line":225,"column":62}},"loc":{"start":{"line":225,"column":67},"end":{"line":225,"column":97}},"line":225},"23":{"name":"(anonymous_23)","decl":{"start":{"line":259,"column":77},"end":{"line":259,"column":78}},"loc":{"start":{"line":259,"column":83},"end":{"line":259,"column":121}},"line":259},"24":{"name":"(anonymous_24)","decl":{"start":{"line":260,"column":77},"end":{"line":260,"column":78}},"loc":{"start":{"line":260,"column":83},"end":{"line":260,"column":123}},"line":260},"25":{"name":"(anonymous_25)","decl":{"start":{"line":276,"column":37},"end":{"line":276,"column":38}},"loc":{"start":{"line":277,"column":28},"end":{"line":318,"column":34}},"line":277},"26":{"name":"(anonymous_26)","decl":{"start":{"line":300,"column":97},"end":{"line":300,"column":98}},"loc":{"start":{"line":300,"column":103},"end":{"line":300,"column":141}},"line":300},"27":{"name":"(anonymous_27)","decl":{"start":{"line":301,"column":99},"end":{"line":301,"column":100}},"loc":{"start":{"line":301,"column":105},"end":{"line":301,"column":145}},"line":301},"28":{"name":"(anonymous_28)","decl":{"start":{"line":306,"column":77},"end":{"line":306,"column":78}},"loc":{"start":{"line":306,"column":83},"end":{"line":306,"column":113}},"line":306}},"branchMap":{"0":{"loc":{"start":{"line":33,"column":12},"end":{"line":35,"column":13}},"type":"if","locations":[{"start":{"line":33,"column":12},"end":{"line":35,"column":13}},{"start":{"line":33,"column":12},"end":{"line":35,"column":13}}],"line":33},"1":{"loc":{"start":{"line":108,"column":8},"end":{"line":112,"column":9}},"type":"if","locations":[{"start":{"line":108,"column":8},"end":{"line":112,"column":9}},{"start":{"line":108,"column":8},"end":{"line":112,"column":9}}],"line":108},"2":{"loc":{"start":{"line":110,"column":15},"end":{"line":112,"column":9}},"type":"if","locations":[{"start":{"line":110,"column":15},"end":{"line":112,"column":9}},{"start":{"line":110,"column":15},"end":{"line":112,"column":9}}],"line":110},"3":{"loc":{"start":{"line":116,"column":8},"end":{"line":118,"column":9}},"type":"if","locations":[{"start":{"line":116,"column":8},"end":{"line":118,"column":9}},{"start":{"line":116,"column":8},"end":{"line":118,"column":9}}],"line":116},"4":{"loc":{"start":{"line":137,"column":12},"end":{"line":142,"column":13}},"type":"if","locations":[{"start":{"line":137,"column":12},"end":{"line":142,"column":13}},{"start":{"line":137,"column":12},"end":{"line":142,"column":13}}],"line":137},"5":{"loc":{"start":{"line":181,"column":13},"end":{"line":342,"column":13}},"type":"cond-expr","locations":[{"start":{"line":182,"column":16},"end":{"line":339,"column":19}},{"start":{"line":341,"column":16},"end":{"line":341,"column":58}}],"line":181},"6":{"loc":{"start":{"line":185,"column":29},"end":{"line":187,"column":46}},"type":"cond-expr","locations":[{"start":{"line":186,"column":34},"end":{"line":186,"column":50}},{"start":{"line":187,"column":34},"end":{"line":187,"column":46}}],"line":185},"7":{"loc":{"start":{"line":207,"column":41},"end":{"line":207,"column":81}},"type":"cond-expr","locations":[{"start":{"line":207,"column":67},"end":{"line":207,"column":70}},{"start":{"line":207,"column":73},"end":{"line":207,"column":81}}],"line":207},"8":{"loc":{"start":{"line":214,"column":29},"end":{"line":229,"column":29}},"type":"binary-expr","locations":[{"start":{"line":214,"column":29},"end":{"line":214,"column":37}},{"start":{"line":215,"column":32},"end":{"line":228,"column":38}}],"line":214},"9":{"loc":{"start":{"line":216,"column":37},"end":{"line":221,"column":37}},"type":"binary-expr","locations":[{"start":{"line":216,"column":37},"end":{"line":216,"column":61}},{"start":{"line":217,"column":40},"end":{"line":220,"column":43}}],"line":216},"10":{"loc":{"start":{"line":222,"column":37},"end":{"line":227,"column":37}},"type":"binary-expr","locations":[{"start":{"line":222,"column":37},"end":{"line":222,"column":61}},{"start":{"line":223,"column":40},"end":{"line":226,"column":43}}],"line":222},"11":{"loc":{"start":{"line":235,"column":25},"end":{"line":272,"column":25}},"type":"binary-expr","locations":[{"start":{"line":235,"column":25},"end":{"line":235,"column":31}},{"start":{"line":236,"column":28},"end":{"line":271,"column":34}}],"line":235},"12":{"loc":{"start":{"line":249,"column":45},"end":{"line":264,"column":45}},"type":"binary-expr","locations":[{"start":{"line":249,"column":45},"end":{"line":249,"column":53}},{"start":{"line":250,"column":48},"end":{"line":263,"column":54}}],"line":249},"13":{"loc":{"start":{"line":251,"column":53},"end":{"line":256,"column":53}},"type":"binary-expr","locations":[{"start":{"line":251,"column":53},"end":{"line":251,"column":77}},{"start":{"line":252,"column":56},"end":{"line":255,"column":59}}],"line":251},"14":{"loc":{"start":{"line":257,"column":53},"end":{"line":262,"column":53}},"type":"binary-expr","locations":[{"start":{"line":257,"column":53},"end":{"line":257,"column":77}},{"start":{"line":258,"column":56},"end":{"line":261,"column":59}}],"line":257},"15":{"loc":{"start":{"line":273,"column":25},"end":{"line":273,"column":66}},"type":"binary-expr","locations":[{"start":{"line":273,"column":25},"end":{"line":273,"column":31}},{"start":{"line":273,"column":35},"end":{"line":273,"column":66}}],"line":273},"16":{"loc":{"start":{"line":290,"column":45},"end":{"line":310,"column":45}},"type":"binary-expr","locations":[{"start":{"line":290,"column":45},"end":{"line":290,"column":53}},{"start":{"line":291,"column":48},"end":{"line":309,"column":54}}],"line":290},"17":{"loc":{"start":{"line":292,"column":53},"end":{"line":297,"column":53}},"type":"binary-expr","locations":[{"start":{"line":292,"column":53},"end":{"line":292,"column":77}},{"start":{"line":293,"column":56},"end":{"line":296,"column":59}}],"line":292},"18":{"loc":{"start":{"line":298,"column":53},"end":{"line":303,"column":53}},"type":"binary-expr","locations":[{"start":{"line":298,"column":53},"end":{"line":298,"column":77}},{"start":{"line":299,"column":56},"end":{"line":302,"column":59}}],"line":298},"19":{"loc":{"start":{"line":304,"column":53},"end":{"line":308,"column":53}},"type":"binary-expr","locations":[{"start":{"line":304,"column":53},"end":{"line":304,"column":92}},{"start":{"line":305,"column":56},"end":{"line":307,"column":59}}],"line":304},"20":{"loc":{"start":{"line":317,"column":33},"end":{"line":317,"column":96}},"type":"binary-expr","locations":[{"start":{"line":317,"column":33},"end":{"line":317,"column":61}},{"start":{"line":317,"column":65},"end":{"line":317,"column":96}}],"line":317},"21":{"loc":{"start":{"line":321,"column":21},"end":{"line":333,"column":21}},"type":"binary-expr","locations":[{"start":{"line":321,"column":21},"end":{"line":321,"column":35}},{"start":{"line":322,"column":24},"end":{"line":332,"column":30}}],"line":321},"22":{"loc":{"start":{"line":324,"column":32},"end":{"line":325,"column":93}},"type":"binary-expr","locations":[{"start":{"line":324,"column":33},"end":{"line":324,"column":60}},{"start":{"line":325,"column":32},"end":{"line":325,"column":93}}],"line":324},"23":{"loc":{"start":{"line":328,"column":32},"end":{"line":329,"column":102}},"type":"binary-expr","locations":[{"start":{"line":328,"column":33},"end":{"line":328,"column":59}},{"start":{"line":329,"column":32},"end":{"line":329,"column":102}}],"line":328},"24":{"loc":{"start":{"line":334,"column":21},"end":{"line":338,"column":21}},"type":"binary-expr","locations":[{"start":{"line":334,"column":21},"end":{"line":334,"column":29}},{"start":{"line":335,"column":24},"end":{"line":337,"column":30}}],"line":334}},"s":{"0":342,"1":342,"2":342,"3":342,"4":342,"5":342,"6":342,"7":342,"8":342,"9":342,"10":342,"11":54,"12":54,"13":54,"14":4,"15":50,"16":50,"17":50,"18":4,"19":4,"20":342,"21":64,"22":64,"23":64,"24":64,"25":64,"26":64,"27":0,"28":342,"29":59,"30":59,"31":1,"32":58,"33":342,"34":54,"35":54,"36":54,"37":54,"38":54,"39":0,"40":54,"41":54,"42":54,"43":342,"44":12,"45":342,"46":8,"47":8,"48":8,"49":8,"50":8,"51":8,"52":0,"53":342,"54":1,"55":1,"56":0,"57":0,"58":342,"59":0,"60":0,"61":342,"62":3,"63":3,"64":3,"65":3,"66":3,"67":0,"68":342,"69":4,"70":8,"71":4,"72":4,"73":4,"74":342,"75":4,"76":4,"77":4,"78":4,"79":4,"80":4,"81":0,"82":342,"83":1,"84":1,"85":1,"86":1,"87":1,"88":1,"89":0,"90":342,"91":636,"92":2,"93":1,"94":0,"95":0,"96":566,"97":3,"98":1,"99":1,"100":86},"f":{"0":342,"1":54,"2":64,"3":64,"4":0,"5":59,"6":1,"7":58,"8":54,"9":54,"10":0,"11":12,"12":8,"13":1,"14":0,"15":3,"16":4,"17":8,"18":4,"19":1,"20":636,"21":2,"22":1,"23":0,"24":0,"25":566,"26":3,"27":1,"28":1},"b":{"0":[4,50],"1":[1,0],"2":[0,0],"3":[0,0],"4":[4,4],"5":[318,24],"6":[4,314],"7":[636,0],"8":[318,152],"9":[152,8],"10":[152,144],"11":[318,4],"12":[4,4],"13":[4,0],"14":[4,4],"15":[318,4],"16":[566,370],"17":[370,16],"18":[370,354],"19":[370,148],"20":[566,316],"21":[318,16],"22":[16,12],"23":[16,4],"24":[318,152]},"_coverageSchema":"1a1c01bbd47fc00a2c39e90264f33305004495a9","hash":"3141f50dca3db54130bd4a3497ab602fd630f68c"}
,"/Users/alkhalifas/Documents/Github/cs5500-final-project-saleh-vidhi/client/src/components/main/TagQuestionsList/TagQuestionsList.js": {"path":"/Users/alkhalifas/Documents/Github/cs5500-final-project-saleh-vidhi/client/src/components/main/TagQuestionsList/TagQuestionsList.js","statementMap":{"0":{"start":{"line":9,"column":52},"end":{"line":9,"column":66}},"1":{"start":{"line":10,"column":38},"end":{"line":10,"column":50}},"2":{"start":{"line":11,"column":44},"end":{"line":11,"column":56}},"3":{"start":{"line":12,"column":40},"end":{"line":12,"column":50}},"4":{"start":{"line":13,"column":42},"end":{"line":13,"column":53}},"5":{"start":{"line":15,"column":32},"end":{"line":17,"column":5}},"6":{"start":{"line":16,"column":8},"end":{"line":16,"column":38}},"7":{"start":{"line":19,"column":27},"end":{"line":30,"column":5}},"8":{"start":{"line":20,"column":23},"end":{"line":20,"column":87}},"9":{"start":{"line":21,"column":8},"end":{"line":29,"column":9}},"10":{"start":{"line":22,"column":29},"end":{"line":22,"column":52}},"11":{"start":{"line":23,"column":12},"end":{"line":23,"column":50}},"12":{"start":{"line":24,"column":12},"end":{"line":24,"column":54}},"13":{"start":{"line":25,"column":12},"end":{"line":25,"column":58}},"14":{"start":{"line":26,"column":12},"end":{"line":26,"column":52}},"15":{"start":{"line":28,"column":12},"end":{"line":28,"column":62}},"16":{"start":{"line":32,"column":27},"end":{"line":38,"column":5}},"17":{"start":{"line":33,"column":8},"end":{"line":37,"column":9}},"18":{"start":{"line":34,"column":12},"end":{"line":34,"column":54}},"19":{"start":{"line":35,"column":15},"end":{"line":37,"column":9}},"20":{"start":{"line":36,"column":12},"end":{"line":36,"column":30}},"21":{"start":{"line":40,"column":27},"end":{"line":44,"column":5}},"22":{"start":{"line":41,"column":8},"end":{"line":43,"column":9}},"23":{"start":{"line":42,"column":12},"end":{"line":42,"column":54}},"24":{"start":{"line":46,"column":4},"end":{"line":48,"column":18}},"25":{"start":{"line":47,"column":8},"end":{"line":47,"column":26}},"26":{"start":{"line":50,"column":4},"end":{"line":114,"column":6}},"27":{"start":{"line":68,"column":28},"end":{"line":95,"column":34}},"28":{"start":{"line":79,"column":59},"end":{"line":79,"column":88}},"29":{"start":{"line":85,"column":48},"end":{"line":85,"column":102}},"30":{"start":{"line":117,"column":0},"end":{"line":119,"column":2}}},"fnMap":{"0":{"name":"TagQuestionsList","decl":{"start":{"line":8,"column":24},"end":{"line":8,"column":40}},"loc":{"start":{"line":8,"column":50},"end":{"line":115,"column":1}},"line":8},"1":{"name":"(anonymous_1)","decl":{"start":{"line":15,"column":32},"end":{"line":15,"column":33}},"loc":{"start":{"line":15,"column":46},"end":{"line":17,"column":5}},"line":15},"2":{"name":"(anonymous_2)","decl":{"start":{"line":19,"column":27},"end":{"line":19,"column":28}},"loc":{"start":{"line":19,"column":43},"end":{"line":30,"column":5}},"line":19},"3":{"name":"(anonymous_3)","decl":{"start":{"line":32,"column":27},"end":{"line":32,"column":28}},"loc":{"start":{"line":32,"column":33},"end":{"line":38,"column":5}},"line":32},"4":{"name":"(anonymous_4)","decl":{"start":{"line":40,"column":27},"end":{"line":40,"column":28}},"loc":{"start":{"line":40,"column":33},"end":{"line":44,"column":5}},"line":40},"5":{"name":"(anonymous_5)","decl":{"start":{"line":46,"column":14},"end":{"line":46,"column":15}},"loc":{"start":{"line":46,"column":20},"end":{"line":48,"column":5}},"line":46},"6":{"name":"(anonymous_6)","decl":{"start":{"line":67,"column":39},"end":{"line":67,"column":40}},"loc":{"start":{"line":68,"column":28},"end":{"line":95,"column":34}},"line":68},"7":{"name":"(anonymous_7)","decl":{"start":{"line":79,"column":53},"end":{"line":79,"column":54}},"loc":{"start":{"line":79,"column":59},"end":{"line":79,"column":88}},"line":79},"8":{"name":"(anonymous_8)","decl":{"start":{"line":84,"column":63},"end":{"line":84,"column":64}},"loc":{"start":{"line":85,"column":48},"end":{"line":85,"column":102}},"line":85}},"branchMap":{"0":{"loc":{"start":{"line":33,"column":8},"end":{"line":37,"column":9}},"type":"if","locations":[{"start":{"line":33,"column":8},"end":{"line":37,"column":9}},{"start":{"line":33,"column":8},"end":{"line":37,"column":9}}],"line":33},"1":{"loc":{"start":{"line":35,"column":15},"end":{"line":37,"column":9}},"type":"if","locations":[{"start":{"line":35,"column":15},"end":{"line":37,"column":9}},{"start":{"line":35,"column":15},"end":{"line":37,"column":9}}],"line":35},"2":{"loc":{"start":{"line":41,"column":8},"end":{"line":43,"column":9}},"type":"if","locations":[{"start":{"line":41,"column":8},"end":{"line":43,"column":9}},{"start":{"line":41,"column":8},"end":{"line":43,"column":9}}],"line":41},"3":{"loc":{"start":{"line":57,"column":13},"end":{"line":112,"column":13}},"type":"cond-expr","locations":[{"start":{"line":58,"column":16},"end":{"line":63,"column":22}},{"start":{"line":65,"column":16},"end":{"line":111,"column":19}}],"line":57},"4":{"loc":{"start":{"line":94,"column":33},"end":{"line":94,"column":98}},"type":"binary-expr","locations":[{"start":{"line":94,"column":33},"end":{"line":94,"column":63}},{"start":{"line":94,"column":67},"end":{"line":94,"column":98}}],"line":94},"5":{"loc":{"start":{"line":98,"column":21},"end":{"line":110,"column":21}},"type":"binary-expr","locations":[{"start":{"line":98,"column":21},"end":{"line":98,"column":35}},{"start":{"line":99,"column":24},"end":{"line":109,"column":30}}],"line":98},"6":{"loc":{"start":{"line":101,"column":32},"end":{"line":102,"column":93}},"type":"binary-expr","locations":[{"start":{"line":101,"column":33},"end":{"line":101,"column":60}},{"start":{"line":102,"column":32},"end":{"line":102,"column":93}}],"line":101},"7":{"loc":{"start":{"line":105,"column":32},"end":{"line":106,"column":102}},"type":"binary-expr","locations":[{"start":{"line":105,"column":33},"end":{"line":105,"column":59}},{"start":{"line":106,"column":32},"end":{"line":106,"column":102}}],"line":105}},"s":{"0":24,"1":24,"2":24,"3":24,"4":24,"5":24,"6":0,"7":24,"8":8,"9":8,"10":8,"11":8,"12":8,"13":8,"14":8,"15":0,"16":24,"17":0,"18":0,"19":0,"20":0,"21":24,"22":0,"23":0,"24":24,"25":8,"26":24,"27":48,"28":0,"29":96,"30":86},"f":{"0":24,"1":0,"2":8,"3":0,"4":0,"5":8,"6":48,"7":0,"8":96},"b":{"0":[0,0],"1":[0,0],"2":[0,0],"3":[0,24],"4":[48,32],"5":[24,0],"6":[0,0],"7":[0,0]},"_coverageSchema":"1a1c01bbd47fc00a2c39e90264f33305004495a9","hash":"dbfedf6d8b20f458b7e8be9990c121a272bb10bd"}
,"/Users/alkhalifas/Documents/Github/cs5500-final-project-saleh-vidhi/client/src/components/main/answerForm/answerForm.js": {"path":"/Users/alkhalifas/Documents/Github/cs5500-final-project-saleh-vidhi/client/src/components/main/answerForm/answerForm.js","statementMap":{"0":{"start":{"line":7,"column":28},"end":{"line":10,"column":5}},"1":{"start":{"line":12,"column":36},"end":{"line":12,"column":102}},"2":{"start":{"line":13,"column":36},"end":{"line":13,"column":61}},"3":{"start":{"line":14,"column":52},"end":{"line":14,"column":64}},"4":{"start":{"line":16,"column":30},"end":{"line":21,"column":5}},"5":{"start":{"line":17,"column":32},"end":{"line":17,"column":40}},"6":{"start":{"line":18,"column":8},"end":{"line":18,"column":52}},"7":{"start":{"line":20,"column":8},"end":{"line":20,"column":67}},"8":{"start":{"line":23,"column":4},"end":{"line":47,"column":11}},"9":{"start":{"line":24,"column":30},"end":{"line":44,"column":9}},"10":{"start":{"line":25,"column":12},"end":{"line":43,"column":13}},"11":{"start":{"line":26,"column":33},"end":{"line":32,"column":18}},"12":{"start":{"line":34,"column":16},"end":{"line":36,"column":17}},"13":{"start":{"line":35,"column":20},"end":{"line":35,"column":78}},"14":{"start":{"line":38,"column":29},"end":{"line":38,"column":50}},"15":{"start":{"line":39,"column":16},"end":{"line":39,"column":34}},"16":{"start":{"line":40,"column":16},"end":{"line":40,"column":43}},"17":{"start":{"line":42,"column":16},"end":{"line":42,"column":66}},"18":{"start":{"line":46,"column":8},"end":{"line":46,"column":24}},"19":{"start":{"line":49,"column":25},"end":{"line":60,"column":5}},"20":{"start":{"line":50,"column":8},"end":{"line":50,"column":27}},"21":{"start":{"line":51,"column":23},"end":{"line":51,"column":45}},"22":{"start":{"line":52,"column":8},"end":{"line":59,"column":9}},"23":{"start":{"line":54,"column":37},"end":{"line":54,"column":79}},"24":{"start":{"line":55,"column":12},"end":{"line":55,"column":39}},"25":{"start":{"line":56,"column":12},"end":{"line":56,"column":41}},"26":{"start":{"line":58,"column":12},"end":{"line":58,"column":40}},"27":{"start":{"line":62,"column":25},"end":{"line":83,"column":5}},"28":{"start":{"line":63,"column":23},"end":{"line":63,"column":25}},"29":{"start":{"line":66,"column":8},"end":{"line":81,"column":9}},"30":{"start":{"line":67,"column":12},"end":{"line":67,"column":56}},"31":{"start":{"line":70,"column":26},"end":{"line":70,"column":47}},"32":{"start":{"line":71,"column":25},"end":{"line":71,"column":34}},"33":{"start":{"line":73,"column":12},"end":{"line":80,"column":13}},"34":{"start":{"line":74,"column":38},"end":{"line":74,"column":46}},"35":{"start":{"line":75,"column":37},"end":{"line":75,"column":45}},"36":{"start":{"line":76,"column":16},"end":{"line":79,"column":17}},"37":{"start":{"line":77,"column":20},"end":{"line":77,"column":66}},"38":{"start":{"line":78,"column":20},"end":{"line":78,"column":26}},"39":{"start":{"line":82,"column":8},"end":{"line":82,"column":22}},"40":{"start":{"line":85,"column":4},"end":{"line":108,"column":6}},"41":{"start":{"line":111,"column":0},"end":{"line":113,"column":2}}},"fnMap":{"0":{"name":"AnswerForm","decl":{"start":{"line":5,"column":24},"end":{"line":5,"column":34}},"loc":{"start":{"line":5,"column":49},"end":{"line":109,"column":1}},"line":5},"1":{"name":"(anonymous_1)","decl":{"start":{"line":16,"column":30},"end":{"line":16,"column":31}},"loc":{"start":{"line":16,"column":37},"end":{"line":21,"column":5}},"line":16},"2":{"name":"(anonymous_2)","decl":{"start":{"line":23,"column":14},"end":{"line":23,"column":15}},"loc":{"start":{"line":23,"column":20},"end":{"line":47,"column":5}},"line":23},"3":{"name":"(anonymous_3)","decl":{"start":{"line":24,"column":30},"end":{"line":24,"column":31}},"loc":{"start":{"line":24,"column":42},"end":{"line":44,"column":9}},"line":24},"4":{"name":"(anonymous_4)","decl":{"start":{"line":49,"column":25},"end":{"line":49,"column":26}},"loc":{"start":{"line":49,"column":32},"end":{"line":60,"column":5}},"line":49},"5":{"name":"(anonymous_5)","decl":{"start":{"line":62,"column":25},"end":{"line":62,"column":26}},"loc":{"start":{"line":62,"column":35},"end":{"line":83,"column":5}},"line":62}},"branchMap":{"0":{"loc":{"start":{"line":34,"column":16},"end":{"line":36,"column":17}},"type":"if","locations":[{"start":{"line":34,"column":16},"end":{"line":36,"column":17}},{"start":{"line":34,"column":16},"end":{"line":36,"column":17}}],"line":34},"1":{"loc":{"start":{"line":52,"column":8},"end":{"line":59,"column":9}},"type":"if","locations":[{"start":{"line":52,"column":8},"end":{"line":59,"column":9}},{"start":{"line":52,"column":8},"end":{"line":59,"column":9}}],"line":52},"2":{"loc":{"start":{"line":66,"column":8},"end":{"line":81,"column":9}},"type":"if","locations":[{"start":{"line":66,"column":8},"end":{"line":81,"column":9}},{"start":{"line":66,"column":8},"end":{"line":81,"column":9}}],"line":66},"3":{"loc":{"start":{"line":76,"column":16},"end":{"line":79,"column":17}},"type":"if","locations":[{"start":{"line":76,"column":16},"end":{"line":79,"column":17}},{"start":{"line":76,"column":16},"end":{"line":79,"column":17}}],"line":76},"4":{"loc":{"start":{"line":76,"column":20},"end":{"line":76,"column":105}},"type":"binary-expr","locations":[{"start":{"line":76,"column":20},"end":{"line":76,"column":41}},{"start":{"line":76,"column":45},"end":{"line":76,"column":65}},{"start":{"line":76,"column":69},"end":{"line":76,"column":105}}],"line":76},"5":{"loc":{"start":{"line":97,"column":17},"end":{"line":99,"column":17}},"type":"binary-expr","locations":[{"start":{"line":97,"column":17},"end":{"line":97,"column":38}},{"start":{"line":98,"column":20},"end":{"line":98,"column":80}}],"line":97}},"s":{"0":496,"1":496,"2":496,"3":496,"4":496,"5":203,"6":203,"7":203,"8":496,"9":24,"10":24,"11":24,"12":24,"13":0,"14":24,"15":24,"16":24,"17":0,"18":24,"19":496,"20":10,"21":10,"22":10,"23":8,"24":8,"25":8,"26":2,"27":496,"28":10,"29":10,"30":1,"31":9,"32":9,"33":9,"34":1,"35":1,"36":1,"37":1,"38":1,"39":10,"40":496,"41":86},"f":{"0":496,"1":203,"2":24,"3":24,"4":10,"5":10},"b":{"0":[0,24],"1":[8,2],"2":[1,9],"3":[1,0],"4":[1,1,1],"5":[496,4]},"_coverageSchema":"1a1c01bbd47fc00a2c39e90264f33305004495a9","hash":"ec7b0223d1444ffd87278e9ac6aae176e2012b78"}
,"/Users/alkhalifas/Documents/Github/cs5500-final-project-saleh-vidhi/client/src/components/main/comments/commentsSection.js": {"path":"/Users/alkhalifas/Documents/Github/cs5500-final-project-saleh-vidhi/client/src/components/main/comments/commentsSection.js","statementMap":{"0":{"start":{"line":5,"column":24},"end":{"line":193,"column":1}},"1":{"start":{"line":6,"column":36},"end":{"line":6,"column":48}},"2":{"start":{"line":7,"column":48},"end":{"line":7,"column":60}},"3":{"start":{"line":8,"column":42},"end":{"line":8,"column":53}},"4":{"start":{"line":9,"column":40},"end":{"line":9,"column":50}},"5":{"start":{"line":10,"column":38},"end":{"line":10,"column":53}},"6":{"start":{"line":11,"column":34},"end":{"line":11,"column":48}},"7":{"start":{"line":12,"column":44},"end":{"line":12,"column":56}},"8":{"start":{"line":14,"column":26},"end":{"line":27,"column":5}},"9":{"start":{"line":15,"column":8},"end":{"line":15,"column":27}},"10":{"start":{"line":16,"column":8},"end":{"line":26,"column":9}},"11":{"start":{"line":17,"column":29},"end":{"line":17,"column":112}},"12":{"start":{"line":18,"column":25},"end":{"line":18,"column":46}},"13":{"start":{"line":19,"column":12},"end":{"line":19,"column":39}},"14":{"start":{"line":20,"column":12},"end":{"line":20,"column":45}},"15":{"start":{"line":21,"column":12},"end":{"line":21,"column":43}},"16":{"start":{"line":23,"column":12},"end":{"line":23,"column":61}},"17":{"start":{"line":25,"column":12},"end":{"line":25,"column":32}},"18":{"start":{"line":29,"column":27},"end":{"line":34,"column":5}},"19":{"start":{"line":30,"column":8},"end":{"line":33,"column":9}},"20":{"start":{"line":31,"column":12},"end":{"line":31,"column":31}},"21":{"start":{"line":32,"column":12},"end":{"line":32,"column":34}},"22":{"start":{"line":36,"column":26},"end":{"line":55,"column":5}},"23":{"start":{"line":37,"column":8},"end":{"line":54,"column":9}},"24":{"start":{"line":38,"column":29},"end":{"line":44,"column":14}},"25":{"start":{"line":46,"column":12},"end":{"line":48,"column":13}},"26":{"start":{"line":47,"column":16},"end":{"line":47,"column":74}},"27":{"start":{"line":50,"column":12},"end":{"line":50,"column":29}},"28":{"start":{"line":52,"column":12},"end":{"line":52,"column":28}},"29":{"start":{"line":53,"column":12},"end":{"line":53,"column":62}},"30":{"start":{"line":57,"column":4},"end":{"line":60,"column":36}},"31":{"start":{"line":58,"column":8},"end":{"line":58,"column":24}},"32":{"start":{"line":59,"column":8},"end":{"line":59,"column":24}},"33":{"start":{"line":64,"column":25},"end":{"line":87,"column":5}},"34":{"start":{"line":65,"column":8},"end":{"line":86,"column":9}},"35":{"start":{"line":66,"column":29},"end":{"line":73,"column":14}},"36":{"start":{"line":75,"column":25},"end":{"line":75,"column":46}},"37":{"start":{"line":77,"column":12},"end":{"line":79,"column":13}},"38":{"start":{"line":78,"column":16},"end":{"line":78,"column":80}},"39":{"start":{"line":82,"column":12},"end":{"line":82,"column":28}},"40":{"start":{"line":84,"column":12},"end":{"line":84,"column":60}},"41":{"start":{"line":85,"column":12},"end":{"line":85,"column":81}},"42":{"start":{"line":89,"column":32},"end":{"line":133,"column":5}},"43":{"start":{"line":91,"column":8},"end":{"line":91,"column":28}},"44":{"start":{"line":93,"column":8},"end":{"line":96,"column":9}},"45":{"start":{"line":94,"column":12},"end":{"line":94,"column":61}},"46":{"start":{"line":95,"column":12},"end":{"line":95,"column":19}},"47":{"start":{"line":98,"column":8},"end":{"line":101,"column":9}},"48":{"start":{"line":99,"column":12},"end":{"line":99,"column":73}},"49":{"start":{"line":100,"column":12},"end":{"line":100,"column":19}},"50":{"start":{"line":103,"column":8},"end":{"line":106,"column":9}},"51":{"start":{"line":104,"column":12},"end":{"line":104,"column":69}},"52":{"start":{"line":105,"column":12},"end":{"line":105,"column":19}},"53":{"start":{"line":108,"column":8},"end":{"line":132,"column":9}},"54":{"start":{"line":109,"column":28},"end":{"line":112,"column":13}},"55":{"start":{"line":114,"column":29},"end":{"line":120,"column":14}},"56":{"start":{"line":122,"column":12},"end":{"line":124,"column":13}},"57":{"start":{"line":123,"column":16},"end":{"line":123,"column":63}},"58":{"start":{"line":126,"column":12},"end":{"line":126,"column":30}},"59":{"start":{"line":127,"column":12},"end":{"line":127,"column":34}},"60":{"start":{"line":128,"column":12},"end":{"line":128,"column":34}},"61":{"start":{"line":130,"column":12},"end":{"line":130,"column":63}},"62":{"start":{"line":131,"column":12},"end":{"line":131,"column":59}},"63":{"start":{"line":135,"column":27},"end":{"line":141,"column":5}},"64":{"start":{"line":136,"column":8},"end":{"line":140,"column":9}},"65":{"start":{"line":137,"column":12},"end":{"line":137,"column":54}},"66":{"start":{"line":138,"column":15},"end":{"line":140,"column":9}},"67":{"start":{"line":139,"column":12},"end":{"line":139,"column":30}},"68":{"start":{"line":143,"column":27},"end":{"line":147,"column":5}},"69":{"start":{"line":144,"column":8},"end":{"line":146,"column":9}},"70":{"start":{"line":145,"column":12},"end":{"line":145,"column":54}},"71":{"start":{"line":149,"column":4},"end":{"line":149,"column":57}},"72":{"start":{"line":149,"column":19},"end":{"line":149,"column":57}},"73":{"start":{"line":151,"column":4},"end":{"line":192,"column":6}},"74":{"start":{"line":157,"column":20},"end":{"line":166,"column":26}},"75":{"start":{"line":161,"column":75},"end":{"line":161,"column":100}},"76":{"start":{"line":181,"column":45},"end":{"line":181,"column":78}},"77":{"start":{"line":195,"column":0},"end":{"line":199,"column":2}}},"fnMap":{"0":{"name":"(anonymous_0)","decl":{"start":{"line":5,"column":24},"end":{"line":5,"column":25}},"loc":{"start":{"line":5,"column":56},"end":{"line":193,"column":1}},"line":5},"1":{"name":"(anonymous_1)","decl":{"start":{"line":14,"column":26},"end":{"line":14,"column":27}},"loc":{"start":{"line":14,"column":38},"end":{"line":27,"column":5}},"line":14},"2":{"name":"(anonymous_2)","decl":{"start":{"line":29,"column":27},"end":{"line":29,"column":28}},"loc":{"start":{"line":29,"column":34},"end":{"line":34,"column":5}},"line":29},"3":{"name":"(anonymous_3)","decl":{"start":{"line":36,"column":26},"end":{"line":36,"column":27}},"loc":{"start":{"line":36,"column":38},"end":{"line":55,"column":5}},"line":36},"4":{"name":"(anonymous_4)","decl":{"start":{"line":57,"column":14},"end":{"line":57,"column":15}},"loc":{"start":{"line":57,"column":20},"end":{"line":60,"column":5}},"line":57},"5":{"name":"(anonymous_5)","decl":{"start":{"line":64,"column":25},"end":{"line":64,"column":26}},"loc":{"start":{"line":64,"column":46},"end":{"line":87,"column":5}},"line":64},"6":{"name":"(anonymous_6)","decl":{"start":{"line":89,"column":32},"end":{"line":89,"column":33}},"loc":{"start":{"line":89,"column":44},"end":{"line":133,"column":5}},"line":89},"7":{"name":"(anonymous_7)","decl":{"start":{"line":135,"column":27},"end":{"line":135,"column":28}},"loc":{"start":{"line":135,"column":33},"end":{"line":141,"column":5}},"line":135},"8":{"name":"(anonymous_8)","decl":{"start":{"line":143,"column":27},"end":{"line":143,"column":28}},"loc":{"start":{"line":143,"column":33},"end":{"line":147,"column":5}},"line":143},"9":{"name":"(anonymous_9)","decl":{"start":{"line":156,"column":30},"end":{"line":156,"column":31}},"loc":{"start":{"line":157,"column":20},"end":{"line":166,"column":26}},"line":157},"10":{"name":"(anonymous_10)","decl":{"start":{"line":161,"column":69},"end":{"line":161,"column":70}},"loc":{"start":{"line":161,"column":75},"end":{"line":161,"column":100}},"line":161},"11":{"name":"(anonymous_11)","decl":{"start":{"line":181,"column":38},"end":{"line":181,"column":39}},"loc":{"start":{"line":181,"column":45},"end":{"line":181,"column":78}},"line":181}},"branchMap":{"0":{"loc":{"start":{"line":30,"column":8},"end":{"line":33,"column":9}},"type":"if","locations":[{"start":{"line":30,"column":8},"end":{"line":33,"column":9}},{"start":{"line":30,"column":8},"end":{"line":33,"column":9}}],"line":30},"1":{"loc":{"start":{"line":30,"column":12},"end":{"line":30,"column":44}},"type":"binary-expr","locations":[{"start":{"line":30,"column":12},"end":{"line":30,"column":29}},{"start":{"line":30,"column":33},"end":{"line":30,"column":44}}],"line":30},"2":{"loc":{"start":{"line":46,"column":12},"end":{"line":48,"column":13}},"type":"if","locations":[{"start":{"line":46,"column":12},"end":{"line":48,"column":13}},{"start":{"line":46,"column":12},"end":{"line":48,"column":13}}],"line":46},"3":{"loc":{"start":{"line":77,"column":12},"end":{"line":79,"column":13}},"type":"if","locations":[{"start":{"line":77,"column":12},"end":{"line":79,"column":13}},{"start":{"line":77,"column":12},"end":{"line":79,"column":13}}],"line":77},"4":{"loc":{"start":{"line":78,"column":32},"end":{"line":78,"column":78}},"type":"binary-expr","locations":[{"start":{"line":78,"column":32},"end":{"line":78,"column":44}},{"start":{"line":78,"column":48},"end":{"line":78,"column":78}}],"line":78},"5":{"loc":{"start":{"line":85,"column":18},"end":{"line":85,"column":79}},"type":"binary-expr","locations":[{"start":{"line":85,"column":18},"end":{"line":85,"column":31}},{"start":{"line":85,"column":35},"end":{"line":85,"column":79}}],"line":85},"6":{"loc":{"start":{"line":93,"column":8},"end":{"line":96,"column":9}},"type":"if","locations":[{"start":{"line":93,"column":8},"end":{"line":96,"column":9}},{"start":{"line":93,"column":8},"end":{"line":96,"column":9}}],"line":93},"7":{"loc":{"start":{"line":98,"column":8},"end":{"line":101,"column":9}},"type":"if","locations":[{"start":{"line":98,"column":8},"end":{"line":101,"column":9}},{"start":{"line":98,"column":8},"end":{"line":101,"column":9}}],"line":98},"8":{"loc":{"start":{"line":103,"column":8},"end":{"line":106,"column":9}},"type":"if","locations":[{"start":{"line":103,"column":8},"end":{"line":106,"column":9}},{"start":{"line":103,"column":8},"end":{"line":106,"column":9}}],"line":103},"9":{"loc":{"start":{"line":122,"column":12},"end":{"line":124,"column":13}},"type":"if","locations":[{"start":{"line":122,"column":12},"end":{"line":124,"column":13}},{"start":{"line":122,"column":12},"end":{"line":124,"column":13}}],"line":122},"10":{"loc":{"start":{"line":136,"column":8},"end":{"line":140,"column":9}},"type":"if","locations":[{"start":{"line":136,"column":8},"end":{"line":140,"column":9}},{"start":{"line":136,"column":8},"end":{"line":140,"column":9}}],"line":136},"11":{"loc":{"start":{"line":138,"column":15},"end":{"line":140,"column":9}},"type":"if","locations":[{"start":{"line":138,"column":15},"end":{"line":140,"column":9}},{"start":{"line":138,"column":15},"end":{"line":140,"column":9}}],"line":138},"12":{"loc":{"start":{"line":144,"column":8},"end":{"line":146,"column":9}},"type":"if","locations":[{"start":{"line":144,"column":8},"end":{"line":146,"column":9}},{"start":{"line":144,"column":8},"end":{"line":146,"column":9}}],"line":144},"13":{"loc":{"start":{"line":149,"column":4},"end":{"line":149,"column":57}},"type":"if","locations":[{"start":{"line":149,"column":4},"end":{"line":149,"column":57}},{"start":{"line":149,"column":4},"end":{"line":149,"column":57}}],"line":149},"14":{"loc":{"start":{"line":155,"column":17},"end":{"line":155,"column":68}},"type":"binary-expr","locations":[{"start":{"line":155,"column":17},"end":{"line":155,"column":38}},{"start":{"line":155,"column":42},"end":{"line":155,"column":68}}],"line":155},"15":{"loc":{"start":{"line":160,"column":28},"end":{"line":161,"column":115}},"type":"binary-expr","locations":[{"start":{"line":160,"column":28},"end":{"line":160,"column":36}},{"start":{"line":161,"column":28},"end":{"line":161,"column":115}}],"line":160},"16":{"loc":{"start":{"line":168,"column":17},"end":{"line":173,"column":17}},"type":"binary-expr","locations":[{"start":{"line":168,"column":17},"end":{"line":168,"column":31}},{"start":{"line":169,"column":20},"end":{"line":172,"column":26}}],"line":168},"17":{"loc":{"start":{"line":175,"column":20},"end":{"line":185,"column":26}},"type":"binary-expr","locations":[{"start":{"line":175,"column":20},"end":{"line":175,"column":28}},{"start":{"line":176,"column":20},"end":{"line":185,"column":26}}],"line":175},"18":{"loc":{"start":{"line":188,"column":20},"end":{"line":188,"column":111}},"type":"binary-expr","locations":[{"start":{"line":188,"column":20},"end":{"line":188,"column":32}},{"start":{"line":188,"column":36},"end":{"line":188,"column":111}}],"line":188}},"s":{"0":86,"1":2598,"2":2598,"3":2598,"4":2598,"5":2598,"6":2598,"7":2598,"8":2598,"9":278,"10":278,"11":278,"12":278,"13":278,"14":278,"15":278,"16":0,"17":278,"18":2598,"19":486,"20":13,"21":13,"22":2598,"23":267,"24":267,"25":267,"26":12,"27":255,"28":12,"29":12,"30":2598,"31":267,"32":267,"33":2598,"34":0,"35":0,"36":0,"37":0,"38":0,"39":0,"40":0,"41":0,"42":2598,"43":13,"44":13,"45":0,"46":0,"47":13,"48":1,"49":1,"50":12,"51":1,"52":1,"53":11,"54":11,"55":11,"56":11,"57":0,"58":11,"59":11,"60":11,"61":0,"62":0,"63":2598,"64":1,"65":1,"66":0,"67":0,"68":2598,"69":0,"70":0,"71":2598,"72":716,"73":1882,"74":696,"75":0,"76":473,"77":86},"f":{"0":2598,"1":278,"2":486,"3":267,"4":267,"5":0,"6":13,"7":1,"8":0,"9":696,"10":0,"11":473},"b":{"0":[13,473],"1":[486,13],"2":[12,255],"3":[0,0],"4":[0,0],"5":[0,0],"6":[0,13],"7":[1,12],"8":[1,11],"9":[0,11],"10":[1,0],"11":[0,0],"12":[0,0],"13":[716,1882],"14":[1882,1390],"15":[696,696],"16":[1882,8],"17":[1882,1574],"18":[1882,4]},"_coverageSchema":"1a1c01bbd47fc00a2c39e90264f33305004495a9","hash":"e605b14f1bebaa5a388627f36a89b96a81f429dc"}
,"/Users/alkhalifas/Documents/Github/cs5500-final-project-saleh-vidhi/client/src/components/main/questionForm/questionForm.js": {"path":"/Users/alkhalifas/Documents/Github/cs5500-final-project-saleh-vidhi/client/src/components/main/questionForm/questionForm.js","statementMap":{"0":{"start":{"line":8,"column":28},"end":{"line":13,"column":5}},"1":{"start":{"line":14,"column":36},"end":{"line":14,"column":102}},"2":{"start":{"line":15,"column":36},"end":{"line":15,"column":61}},"3":{"start":{"line":16,"column":52},"end":{"line":16,"column":64}},"4":{"start":{"line":17,"column":44},"end":{"line":17,"column":56}},"5":{"start":{"line":19,"column":4},"end":{"line":44,"column":11}},"6":{"start":{"line":20,"column":30},"end":{"line":40,"column":9}},"7":{"start":{"line":21,"column":12},"end":{"line":39,"column":13}},"8":{"start":{"line":22,"column":33},"end":{"line":28,"column":18}},"9":{"start":{"line":30,"column":16},"end":{"line":32,"column":17}},"10":{"start":{"line":31,"column":20},"end":{"line":31,"column":78}},"11":{"start":{"line":34,"column":29},"end":{"line":34,"column":50}},"12":{"start":{"line":35,"column":16},"end":{"line":35,"column":34}},"13":{"start":{"line":36,"column":16},"end":{"line":36,"column":43}},"14":{"start":{"line":38,"column":16},"end":{"line":38,"column":66}},"15":{"start":{"line":42,"column":8},"end":{"line":42,"column":24}},"16":{"start":{"line":43,"column":8},"end":{"line":43,"column":28}},"17":{"start":{"line":46,"column":30},"end":{"line":51,"column":5}},"18":{"start":{"line":47,"column":32},"end":{"line":47,"column":40}},"19":{"start":{"line":48,"column":8},"end":{"line":48,"column":52}},"20":{"start":{"line":50,"column":8},"end":{"line":50,"column":67}},"21":{"start":{"line":53,"column":25},"end":{"line":64,"column":5}},"22":{"start":{"line":54,"column":8},"end":{"line":54,"column":27}},"23":{"start":{"line":55,"column":23},"end":{"line":55,"column":45}},"24":{"start":{"line":56,"column":8},"end":{"line":63,"column":9}},"25":{"start":{"line":58,"column":37},"end":{"line":58,"column":81}},"26":{"start":{"line":59,"column":12},"end":{"line":59,"column":39}},"27":{"start":{"line":60,"column":12},"end":{"line":60,"column":41}},"28":{"start":{"line":62,"column":12},"end":{"line":62,"column":40}},"29":{"start":{"line":66,"column":30},"end":{"line":75,"column":5}},"30":{"start":{"line":67,"column":23},"end":{"line":67,"column":51}},"31":{"start":{"line":68,"column":8},"end":{"line":74,"column":9}},"32":{"start":{"line":69,"column":29},"end":{"line":69,"column":52}},"33":{"start":{"line":70,"column":29},"end":{"line":70,"column":63}},"34":{"start":{"line":70,"column":54},"end":{"line":70,"column":62}},"35":{"start":{"line":71,"column":12},"end":{"line":71,"column":38}},"36":{"start":{"line":73,"column":12},"end":{"line":73,"column":57}},"37":{"start":{"line":77,"column":25},"end":{"line":131,"column":5}},"38":{"start":{"line":78,"column":23},"end":{"line":78,"column":25}},"39":{"start":{"line":81,"column":8},"end":{"line":85,"column":9}},"40":{"start":{"line":82,"column":12},"end":{"line":82,"column":51}},"41":{"start":{"line":83,"column":15},"end":{"line":85,"column":9}},"42":{"start":{"line":84,"column":12},"end":{"line":84,"column":70}},"43":{"start":{"line":88,"column":8},"end":{"line":103,"column":9}},"44":{"start":{"line":89,"column":12},"end":{"line":89,"column":58}},"45":{"start":{"line":92,"column":26},"end":{"line":92,"column":47}},"46":{"start":{"line":93,"column":25},"end":{"line":93,"column":34}},"47":{"start":{"line":95,"column":12},"end":{"line":102,"column":13}},"48":{"start":{"line":96,"column":38},"end":{"line":96,"column":46}},"49":{"start":{"line":97,"column":37},"end":{"line":97,"column":45}},"50":{"start":{"line":98,"column":16},"end":{"line":101,"column":17}},"51":{"start":{"line":99,"column":20},"end":{"line":99,"column":54}},"52":{"start":{"line":100,"column":20},"end":{"line":100,"column":26}},"53":{"start":{"line":106,"column":8},"end":{"line":129,"column":9}},"54":{"start":{"line":107,"column":12},"end":{"line":107,"column":49}},"55":{"start":{"line":109,"column":29},"end":{"line":109,"column":58}},"56":{"start":{"line":110,"column":12},"end":{"line":112,"column":13}},"57":{"start":{"line":111,"column":16},"end":{"line":111,"column":61}},"58":{"start":{"line":114,"column":12},"end":{"line":128,"column":13}},"59":{"start":{"line":115,"column":16},"end":{"line":120,"column":17}},"60":{"start":{"line":116,"column":20},"end":{"line":119,"column":21}},"61":{"start":{"line":117,"column":24},"end":{"line":117,"column":103}},"62":{"start":{"line":118,"column":24},"end":{"line":118,"column":30}},"63":{"start":{"line":122,"column":16},"end":{"line":127,"column":17}},"64":{"start":{"line":123,"column":20},"end":{"line":126,"column":21}},"65":{"start":{"line":124,"column":24},"end":{"line":124,"column":74}},"66":{"start":{"line":125,"column":24},"end":{"line":125,"column":30}},"67":{"start":{"line":130,"column":8},"end":{"line":130,"column":22}},"68":{"start":{"line":133,"column":4},"end":{"line":182,"column":6}},"69":{"start":{"line":185,"column":0},"end":{"line":187,"column":2}}},"fnMap":{"0":{"name":"QuestionForm","decl":{"start":{"line":6,"column":24},"end":{"line":6,"column":36}},"loc":{"start":{"line":6,"column":51},"end":{"line":183,"column":1}},"line":6},"1":{"name":"(anonymous_1)","decl":{"start":{"line":19,"column":14},"end":{"line":19,"column":15}},"loc":{"start":{"line":19,"column":20},"end":{"line":44,"column":5}},"line":19},"2":{"name":"(anonymous_2)","decl":{"start":{"line":20,"column":30},"end":{"line":20,"column":31}},"loc":{"start":{"line":20,"column":42},"end":{"line":40,"column":9}},"line":20},"3":{"name":"(anonymous_3)","decl":{"start":{"line":46,"column":30},"end":{"line":46,"column":31}},"loc":{"start":{"line":46,"column":37},"end":{"line":51,"column":5}},"line":46},"4":{"name":"(anonymous_4)","decl":{"start":{"line":53,"column":25},"end":{"line":53,"column":26}},"loc":{"start":{"line":53,"column":32},"end":{"line":64,"column":5}},"line":53},"5":{"name":"(anonymous_5)","decl":{"start":{"line":66,"column":30},"end":{"line":66,"column":31}},"loc":{"start":{"line":66,"column":42},"end":{"line":75,"column":5}},"line":66},"6":{"name":"(anonymous_6)","decl":{"start":{"line":70,"column":47},"end":{"line":70,"column":48}},"loc":{"start":{"line":70,"column":54},"end":{"line":70,"column":62}},"line":70},"7":{"name":"(anonymous_7)","decl":{"start":{"line":77,"column":25},"end":{"line":77,"column":26}},"loc":{"start":{"line":77,"column":35},"end":{"line":131,"column":5}},"line":77}},"branchMap":{"0":{"loc":{"start":{"line":30,"column":16},"end":{"line":32,"column":17}},"type":"if","locations":[{"start":{"line":30,"column":16},"end":{"line":32,"column":17}},{"start":{"line":30,"column":16},"end":{"line":32,"column":17}}],"line":30},"1":{"loc":{"start":{"line":56,"column":8},"end":{"line":63,"column":9}},"type":"if","locations":[{"start":{"line":56,"column":8},"end":{"line":63,"column":9}},{"start":{"line":56,"column":8},"end":{"line":63,"column":9}}],"line":56},"2":{"loc":{"start":{"line":81,"column":8},"end":{"line":85,"column":9}},"type":"if","locations":[{"start":{"line":81,"column":8},"end":{"line":85,"column":9}},{"start":{"line":81,"column":8},"end":{"line":85,"column":9}}],"line":81},"3":{"loc":{"start":{"line":83,"column":15},"end":{"line":85,"column":9}},"type":"if","locations":[{"start":{"line":83,"column":15},"end":{"line":85,"column":9}},{"start":{"line":83,"column":15},"end":{"line":85,"column":9}}],"line":83},"4":{"loc":{"start":{"line":88,"column":8},"end":{"line":103,"column":9}},"type":"if","locations":[{"start":{"line":88,"column":8},"end":{"line":103,"column":9}},{"start":{"line":88,"column":8},"end":{"line":103,"column":9}}],"line":88},"5":{"loc":{"start":{"line":98,"column":16},"end":{"line":101,"column":17}},"type":"if","locations":[{"start":{"line":98,"column":16},"end":{"line":101,"column":17}},{"start":{"line":98,"column":16},"end":{"line":101,"column":17}}],"line":98},"6":{"loc":{"start":{"line":98,"column":20},"end":{"line":98,"column":105}},"type":"binary-expr","locations":[{"start":{"line":98,"column":20},"end":{"line":98,"column":41}},{"start":{"line":98,"column":45},"end":{"line":98,"column":65}},{"start":{"line":98,"column":69},"end":{"line":98,"column":105}}],"line":98},"7":{"loc":{"start":{"line":106,"column":8},"end":{"line":129,"column":9}},"type":"if","locations":[{"start":{"line":106,"column":8},"end":{"line":129,"column":9}},{"start":{"line":106,"column":8},"end":{"line":129,"column":9}}],"line
[...]
12},"end":{"line":26,"column":64}},"15":{"start":{"line":30,"column":33},"end":{"line":41,"column":5}},"16":{"start":{"line":31,"column":23},"end":{"line":31,"column":80}},"17":{"start":{"line":32,"column":8},"end":{"line":40,"column":9}},"18":{"start":{"line":33,"column":29},"end":{"line":33,"column":80}},"19":{"start":{"line":34,"column":12},"end":{"line":34,"column":73}},"20":{"start":{"line":36,"column":12},"end":{"line":36,"column":30}},"21":{"start":{"line":37,"column":12},"end":{"line":37,"column":38}},"22":{"start":{"line":39,"column":12},"end":{"line":39,"column":65}},"23":{"start":{"line":43,"column":27},"end":{"line":65,"column":5}},"24":{"start":{"line":44,"column":8},"end":{"line":64,"column":9}},"25":{"start":{"line":45,"column":29},"end":{"line":51,"column":14}},"26":{"start":{"line":53,"column":12},"end":{"line":55,"column":13}},"27":{"start":{"line":54,"column":16},"end":{"line":54,"column":74}},"28":{"start":{"line":57,"column":33},"end":{"line":57,"column":54}},"29":{"start":{"line":58,"column":12},"end":{"line":58,"column":57}},"30":{"start":{"line":59,"column":12},"end":{"line":59,"column":55}},"31":{"start":{"line":60,"column":12},"end":{"line":60,"column":53}},"32":{"start":{"line":61,"column":12},"end":{"line":61,"column":51}},"33":{"start":{"line":63,"column":12},"end":{"line":63,"column":62}},"34":{"start":{"line":67,"column":27},"end":{"line":73,"column":5}},"35":{"start":{"line":68,"column":8},"end":{"line":72,"column":9}},"36":{"start":{"line":69,"column":12},"end":{"line":69,"column":54}},"37":{"start":{"line":70,"column":15},"end":{"line":72,"column":9}},"38":{"start":{"line":71,"column":12},"end":{"line":71,"column":30}},"39":{"start":{"line":75,"column":27},"end":{"line":79,"column":5}},"40":{"start":{"line":76,"column":8},"end":{"line":78,"column":9}},"41":{"start":{"line":77,"column":12},"end":{"line":77,"column":54}},"42":{"start":{"line":81,"column":4},"end":{"line":83,"column":11}},"43":{"start":{"line":82,"column":8},"end":{"line":82,"column":26}},"44":{"start":{"line":85,"column":4},"end":{"line":130,"column":6}},"45":{"start":{"line":98,"column":28},"end":{"line":111,"column":34}},"46":{"start":{"line":105,"column":59},"end":{"line":105,"column":88}}},"fnMap":{"0":{"name":"QuestionsList","decl":{"start":{"line":6,"column":24},"end":{"line":6,"column":37}},"loc":{"start":{"line":6,"column":40},"end":{"line":131,"column":1}},"line":6},"1":{"name":"(anonymous_1)","decl":{"start":{"line":13,"column":32},"end":{"line":13,"column":33}},"loc":{"start":{"line":13,"column":46},"end":{"line":15,"column":5}},"line":13},"2":{"name":"(anonymous_2)","decl":{"start":{"line":17,"column":31},"end":{"line":17,"column":32}},"loc":{"start":{"line":17,"column":51},"end":{"line":28,"column":5}},"line":17},"3":{"name":"(anonymous_3)","decl":{"start":{"line":30,"column":33},"end":{"line":30,"column":34}},"loc":{"start":{"line":30,"column":45},"end":{"line":41,"column":5}},"line":30},"4":{"name":"(anonymous_4)","decl":{"start":{"line":43,"column":27},"end":{"line":43,"column":28}},"loc":{"start":{"line":43,"column":43},"end":{"line":65,"column":5}},"line":43},"5":{"name":"(anonymous_5)","decl":{"start":{"line":67,"column":27},"end":{"line":67,"column":28}},"loc":{"start":{"line":67,"column":33},"end":{"line":73,"column":5}},"line":67},"6":{"name":"(anonymous_6)","decl":{"start":{"line":75,"column":27},"end":{"line":75,"column":28}},"loc":{"start":{"line":75,"column":33},"end":{"line":79,"column":5}},"line":75},"7":{"name":"(anonymous_7)","decl":{"start":{"line":81,"column":14},"end":{"line":81,"column":15}},"loc":{"start":{"line":81,"column":20},"end":{"line":83,"column":5}},"line":81},"8":{"name":"(anonymous_8)","decl":{"start":{"line":97,"column":45},"end":{"line":97,"column":46}},"loc":{"start":{"line":98,"column":28},"end":{"line":111,"column":34}},"line":98},"9":{"name":"(anonymous_9)","decl":{"start":{"line":105,"column":53},"end":{"line":105,"column":54}},"loc":{"start":{"line":105,"column":59},"end":{"line":105,"column":88}},"line":105}},"branchMap":{"0":{"loc":{"start":{"line":53,"column":12},"end":{"line":55,"column":13}},"type":"if","locations":[{"start":{"line":53,"column":12},"end":{"line":55,"column":13}},{"start":{"line":53,"column":12},"end":{"line":55,"column":13}}],"line":53},"1":{"loc":{"start":{"line":68,"column":8},"end":{"line":72,"column":9}},"type":"if","locations":[{"start":{"line":68,"column":8},"end":{"line":72,"column":9}},{"start":{"line":68,"column":8},"end":{"line":72,"column":9}}],"line":68},"2":{"loc":{"start":{"line":70,"column":15},"end":{"line":72,"column":9}},"type":"if","locations":[{"start":{"line":70,"column":15},"end":{"line":72,"column":9}},{"start":{"line":70,"column":15},"end":{"line":72,"column":9}}],"line":70},"3":{"loc":{"start":{"line":76,"column":8},"end":{"line":78,"column":9}},"type":"if","locations":[{"start":{"line":76,"column":8},"end":{"line":78,"column":9}},{"start":{"line":76,"column":8},"end":{"line":78,"column":9}}],"line":76},"4":{"loc":{"start":{"line":87,"column":13},"end":{"line":128,"column":13}},"type":"cond-expr","locations":[{"start":{"line":88,"column":16},"end":{"line":90,"column":22}},{"start":{"line":92,"column":16},"end":{"line":127,"column":19}}],"line":87},"5":{"loc":{"start":{"line":110,"column":33},"end":{"line":110,"column":104}},"type":"binary-expr","locations":[{"start":{"line":110,"column":33},"end":{"line":110,"column":69}},{"start":{"line":110,"column":73},"end":{"line":110,"column":104}}],"line":110},"6":{"loc":{"start":{"line":114,"column":21},"end":{"line":126,"column":21}},"type":"binary-expr","locations":[{"start":{"line":114,"column":21},"end":{"line":114,"column":35}},{"start":{"line":115,"column":24},"end":{"line":125,"column":30}}],"line":114},"7":{"loc":{"start":{"line":117,"column":32},"end":{"line":118,"column":93}},"type":"binary-expr","locations":[{"start":{"line":117,"column":33},"end":{"line":117,"column":60}},{"start":{"line":118,"column":32},"end":{"line":118,"column":93}}],"line":117},"8":{"loc":{"start":{"line":121,"column":32},"end":{"line":122,"column":102}},"type":"binary-expr","locations":[{"start":{"line":121,"column":33},"end":{"line":121,"column":59}},{"start":{"line":122,"column":32},"end":{"line":122,"column":102}}],"line":121}},"s":{"0":230,"1":230,"2":230,"3":230,"4":230,"5":230,"6":4,"7":230,"8":2,"9":2,"10":2,"11":2,"12":2,"13":2,"14":0,"15":230,"16":1,"17":1,"18":1,"19":1,"20":1,"21":1,"22":0,"23":230,"24":53,"25":53,"26":53,"27":0,"28":53,"29":53,"30":53,"31":53,"32":53,"33":0,"34":230,"35":0,"36":0,"37":0,"38":0,"39":230,"40":0,"41":0,"42":230,"43":50,"44":230,"45":266,"46":4},"f":{"0":230,"1":4,"2":2,"3":1,"4":53,"5":0,"6":0,"7":50,"8":266,"9":4},"b":{"0":[0,53],"1":[0,0],"2":[0,0],"3":[0,0],"4":[8,222],"5":[266,132],"6":[222,0],"7":[0,0],"8":[0,0]},"_coverageSchema":"1a1c01bbd47fc00a2c39e90264f33305004495a9","hash":"dc2bd4e5a65bdf01533e0f63d7fb9a331c719262"}
,"/Users/alkhalifas/Documents/Github/cs5500-final-project-saleh-vidhi/client/src/components/profile/tags/tagsList.js": {"path":"/Users/alkhalifas/Documents/Github/cs5500-final-project-saleh-vidhi/client/src/components/profile/tags/tagsList.js","statementMap":{"0":{"start":{"line":6,"column":28},"end":{"line":6,"column":40}},"1":{"start":{"line":7,"column":44},"end":{"line":7,"column":58}},"2":{"start":{"line":8,"column":46},"end":{"line":8,"column":58}},"3":{"start":{"line":10,"column":22},"end":{"line":29,"column":5}},"4":{"start":{"line":11,"column":8},"end":{"line":28,"column":9}},"5":{"start":{"line":12,"column":29},"end":{"line":18,"column":14}},"6":{"start":{"line":20,"column":12},"end":{"line":22,"column":13}},"7":{"start":{"line":21,"column":16},"end":{"line":21,"column":74}},"8":{"start":{"line":24,"column":33},"end":{"line":24,"column":54}},"9":{"start":{"line":25,"column":12},"end":{"line":25,"column":34}},"10":{"start":{"line":27,"column":12},"end":{"line":27,"column":57}},"11":{"start":{"line":31,"column":25},"end":{"line":41,"column":5}},"12":{"start":{"line":32,"column":23},"end":{"line":32,"column":60}},"13":{"start":{"line":33,"column":8},"end":{"line":40,"column":9}},"14":{"start":{"line":34,"column":29},"end":{"line":34,"column":80}},"15":{"start":{"line":35,"column":12},"end":{"line":35,"column":68}},"16":{"start":{"line":37,"column":12},"end":{"line":37,"column":24}},"17":{"start":{"line":39,"column":12},"end":{"line":39,"column":60}},"18":{"start":{"line":43,"column":23},"end":{"line":47,"column":5}},"19":{"start":{"line":44,"column":8},"end":{"line":44,"column":31}},"20":{"start":{"line":45,"column":26},"end":{"line":45,"column":61}},"21":{"start":{"line":45,"column":43},"end":{"line":45,"column":60}},"22":{"start":{"line":46,"column":8},"end":{"line":46,"column":41}},"23":{"start":{"line":49,"column":27},"end":{"line":66,"column":5}},"24":{"start":{"line":50,"column":23},"end":{"line":50,"column":67}},"25":{"start":{"line":51,"column":8},"end":{"line":65,"column":9}},"26":{"start":{"line":52,"column":29},"end":{"line":52,"column":100}},"27":{"start":{"line":53,"column":12},"end":{"line":53,"column":67}},"28":{"start":{"line":56,"column":32},"end":{"line":58,"column":13}},"29":{"start":{"line":57,"column":16},"end":{"line":57,"column":80}},"30":{"start":{"line":60,"column":12},"end":{"line":60,"column":33}},"31":{"start":{"line":61,"column":12},"end":{"line":61,"column":34}},"32":{"start":{"line":62,"column":12},"end":{"line":62,"column":33}},"33":{"start":{"line":64,"column":12},"end":{"line":64,"column":59}},"34":{"start":{"line":68,"column":4},"end":{"line":70,"column":11}},"35":{"start":{"line":69,"column":8},"end":{"line":69,"column":20}},"36":{"start":{"line":72,"column":4},"end":{"line":102,"column":6}},"37":{"start":{"line":79,"column":20},"end":{"line":98,"column":26}},"38":{"start":{"line":86,"column":53},"end":{"line":86,"column":85}},"39":{"start":{"line":94,"column":55},"end":{"line":94,"column":76}},"40":{"start":{"line":95,"column":55},"end":{"line":95,"column":74}}},"fnMap":{"0":{"name":"TagsList","decl":{"start":{"line":5,"column":24},"end":{"line":5,"column":32}},"loc":{"start":{"line":5,"column":35},"end":{"line":103,"column":1}},"line":5},"1":{"name":"(anonymous_1)","decl":{"start":{"line":10,"column":22},"end":{"line":10,"column":23}},"loc":{"start":{"line":10,"column":34},"end":{"line":29,"column":5}},"line":10},"2":{"name":"(anonymous_2)","decl":{"start":{"line":31,"column":25},"end":{"line":31,"column":26}},"loc":{"start":{"line":31,"column":42},"end":{"line":41,"column":5}},"line":31},"3":{"name":"(anonymous_3)","decl":{"start":{"line":43,"column":23},"end":{"line":43,"column":24}},"loc":{"start":{"line":43,"column":34},"end":{"line":47,"column":5}},"line":43},"4":{"name":"(anonymous_4)","decl":{"start":{"line":45,"column":36},"end":{"line":45,"column":37}},"loc":{"start":{"line":45,"column":43},"end":{"line":45,"column":60}},"line":45},"5":{"name":"(anonymous_5)","decl":{"start":{"line":49,"column":27},"end":{"line":49,"column":28}},"loc":{"start":{"line":49,"column":39},"end":{"line":66,"column":5}},"line":49},"6":{"name":"(anonymous_6)","decl":{"start":{"line":56,"column":41},"end":{"line":56,"column":42}},"loc":{"start":{"line":57,"column":16},"end":{"line":57,"column":80}},"line":57},"7":{"name":"(anonymous_7)","decl":{"start":{"line":68,"column":14},"end":{"line":68,"column":15}},"loc":{"start":{"line":68,"column":20},"end":{"line":70,"column":5}},"line":68},"8":{"name":"(anonymous_8)","decl":{"start":{"line":78,"column":26},"end":{"line":78,"column":27}},"loc":{"start":{"line":79,"column":20},"end":{"line":98,"column":26}},"line":79},"9":{"name":"(anonymous_9)","decl":{"start":{"line":86,"column":46},"end":{"line":86,"column":47}},"loc":{"start":{"line":86,"column":53},"end":{"line":86,"column":85}},"line":86},"10":{"name":"(anonymous_10)","decl":{"start":{"line":94,"column":49},"end":{"line":94,"column":50}},"loc":{"start":{"line":94,"column":55},"end":{"line":94,"column":76}},"line":94},"11":{"name":"(anonymous_11)","decl":{"start":{"line":95,"column":49},"end":{"line":95,"column":50}},"loc":{"start":{"line":95,"column":55},"end":{"line":95,"column":74}},"line":95}},"branchMap":{"0":{"loc":{"start":{"line":20,"column":12},"end":{"line":22,"column":13}},"type":"if","locations":[{"start":{"line":20,"column":12},"end":{"line":22,"column":13}},{"start":{"line":20,"column":12},"end":{"line":22,"column":13}}],"line":20},"1":{"loc":{"start":{"line":57,"column":16},"end":{"line":57,"column":80}},"type":"cond-expr","locations":[{"start":{"line":57,"column":43},"end":{"line":57,"column":74}},{"start":{"line":57,"column":77},"end":{"line":57,"column":80}}],"line":57},"2":{"loc":{"start":{"line":80,"column":25},"end":{"line":97,"column":25}},"type":"cond-expr","locations":[{"start":{"line":81,"column":28},"end":{"line":89,"column":31}},{"start":{"line":91,"column":28},"end":{"line":96,"column":31}}],"line":80}},"s":{"0":30,"1":30,"2":30,"3":30,"4":7,"5":7,"6":7,"7":0,"8":7,"9":7,"10":0,"11":30,"12":1,"13":1,"14":1,"15":1,"16":1,"17":0,"18":30,"19":1,"20":1,"21":1,"22":1,"23":30,"24":1,"25":1,"26":1,"27":1,"28":1,"29":1,"30":1,"31":1,"32":1,"33":0,"34":30,"35":6,"36":30,"37":22,"38":3,"39":1,"40":1},"f":{"0":30,"1":7,"2":1,"3":1,"4":1,"5":1,"6":1,"7":6,"8":22,"9":3,"10":1,"11":1},"b":{"0":[0,7],"1":[1,0],"2":[8,14]},"_coverageSchema":"1a1c01bbd47fc00a2c39e90264f33305004495a9","hash":"3664372706831bbdc226e4b105f7204afc73a7a2"}
,"/Users/alkhalifas/Documents/Github/cs5500-final-project-saleh-vidhi/client/src/components/register/register.js": {"path":"/Users/alkhalifas/Documents/Github/cs5500-final-project-saleh-vidhi/client/src/components/register/register.js","statementMap":{"0":{"start":{"line":7,"column":52},"end":{"line":12,"column":6}},"1":{"start":{"line":13,"column":50},"end":{"line":13,"column":62}},"2":{"start":{"line":16,"column":25},"end":{"line":18,"column":5}},"3":{"start":{"line":17,"column":8},"end":{"line":17,"column":86}},"4":{"start":{"line":21,"column":25},"end":{"line":38,"column":5}},"5":{"start":{"line":22,"column":8},"end":{"line":22,"column":27}},"6":{"start":{"line":24,"column":8},"end":{"line":27,"column":9}},"7":{"start":{"line":25,"column":12},"end":{"line":25,"column":52}},"8":{"start":{"line":26,"column":12},"end":{"line":26,"column":19}},"9":{"start":{"line":29,"column":8},"end":{"line":37,"column":9}},"10":{"start":{"line":30,"column":29},"end":{"line":30,"column":97}},"11":{"start":{"line":31,"column":12},"end":{"line":31,"column":39}},"12":{"start":{"line":32,"column":12},"end":{"line":32,"column":36}},"13":{"start":{"line":33,"column":12},"end":{"line":33,"column":38}},"14":{"start":{"line":35,"column":12},"end":{"line":35,"column":87}},"15":{"start":{"line":36,"column":12},"end":{"line":36,"column":97}},"16":{"start":{"line":40,"column":4},"end":{"line":67,"column":6}},"17":{"start":{"line":70,"column":0},"end":{"line":73,"column":2}}},"fnMap":{"0":{"name":"Register","decl":{"start":{"line":6,"column":24},"end":{"line":6,"column":32}},"loc":{"start":{"line":6,"column":74},"end":{"line":68,"column":1}},"line":6},"1":{"name":"(anonymous_1)","decl":{"start":{"line":16,"column":25},"end":{"line":16,"column":26}},"loc":{"start":{"line":16,"column":32},"end":{"line":18,"column":5}},"line":16},"2":{"name":"(anonymous_2)","decl":{"start":{"line":21,"column":25},"end":{"line":21,"column":26}},"loc":{"start":{"line":21,"column":38},"end":{"line":38,"column":5}},"line":21}},"branchMap":{"0":{"loc":{"start":{"line":24,"column":8},"end":{"line":27,"column":9}},"type":"if","locations":[{"start":{"line":24,"column":8},"end":{"line":27,"column":9}},{"start":{"line":24,"column":8},"end":{"line":27,"column":9}}],"line":24},"1":{"loc":{"start":{"line":35,"column":31},"end":{"line":35,"column":85}},"type":"binary-expr","locations":[{"start":{"line":35,"column":31},"end":{"line":35,"column":60}},{"start":{"line":35,"column":64},"end":{"line":35,"column":85}}],"line":35},"2":{"loc":{"start":{"line":36,"column":49},"end":{"line":36,"column":95}},"type":"binary-expr","locations":[{"start":{"line":36,"column":49},"end":{"line":36,"column":78}},{"start":{"line":36,"column":82},"end":{"line":36,"column":95}}],"line":36},"3":{"loc":{"start":{"line":58,"column":20},"end":{"line":59,"column":135}},"type":"binary-expr","locations":[{"start":{"line":58,"column":21},"end":{"line":58,"column":83}},{"start":{"line":58,"column":87},"end":{"line":58,"column":124}},{"start":{"line":59,"column":20},"end":{"line":59,"column":135}}],"line":58},"4":{"loc":{"start":{"line":62,"column":20},"end":{"line":63,"column":82}},"type":"binary-expr","locations":[{"start":{"line":62,"column":21},"end":{"line":62,"column":83}},{"start":{"line":62,"column":87},"end":{"line":62,"column":123}},{"start":{"line":63,"column":20},"end":{"line":63,"column":82}}],"line":62}},"s":{"0":630,"1":630,"2":630,"3":306,"4":630,"5":5,"6":5,"7":0,"8":0,"9":5,"10":5,"11":1,"12":1,"13":1,"14":2,"15":2,"16":630,"17":86},"f":{"0":630,"1":306,"2":5},"b":{"0":[0,5],"1":[2,0],"2":[2,0],"3":[630,362,614],"4":[630,362,16]},"_coverageSchema":"1a1c01bbd47fc00a2c39e90264f33305004495a9","hash":"f2ff07c177771cf048e4e2a0d4a73500d16a65d5"}
,"/Users/alkhalifas/Documents/Github/cs5500-final-project-saleh-vidhi/client/src/components/welcome/welcome.js": {"path":"/Users/alkhalifas/Documents/Github/cs5500-final-project-saleh-vidhi/client/src/components/welcome/welcome.js","statementMap":{"0":{"start":{"line":8,"column":46},"end":{"line":8,"column":64}},"1":{"start":{"line":9,"column":50},"end":{"line":9,"column":65}},"2":{"start":{"line":11,"column":29},"end":{"line":13,"column":5}},"3":{"start":{"line":12,"column":8},"end":{"line":12,"column":33}},"4":{"start":{"line":15,"column":28},"end":{"line":17,"column":5}},"5":{"start":{"line":16,"column":8},"end":{"line":16,"column":24}},"6":{"start":{"line":19,"column":4},"end":{"line":44,"column":6}},"7":{"start":{"line":38,"column":66},"end":{"line":38,"column":92}},"8":{"start":{"line":39,"column":66},"end":{"line":39,"column":94}},"9":{"start":{"line":40,"column":66},"end":{"line":40,"column":83}},"10":{"start":{"line":47,"column":0},"end":{"line":50,"column":2}}},"fnMap":{"0":{"name":"Welcome","decl":{"start":{"line":7,"column":24},"end":{"line":7,"column":31}},"loc":{"start":{"line":7,"column":61},"end":{"line":45,"column":1}},"line":7},"1":{"name":"(anonymous_1)","decl":{"start":{"line":11,"column":29},"end":{"line":11,"column":30}},"loc":{"start":{"line":11,"column":41},"end":{"line":13,"column":5}},"line":11},"2":{"name":"(anonymous_2)","decl":{"start":{"line":15,"column":28},"end":{"line":15,"column":29}},"loc":{"start":{"line":15,"column":34},"end":{"line":17,"column":5}},"line":15},"3":{"name":"(anonymous_3)","decl":{"start":{"line":38,"column":60},"end":{"line":38,"column":61}},"loc":{"start":{"line":38,"column":66},"end":{"line":38,"column":92}},"line":38},"4":{"name":"(anonymous_4)","decl":{"start":{"line":39,"column":60},"end":{"line":39,"column":61}},"loc":{"start":{"line":39,"column":66},"end":{"line":39,"column":94}},"line":39},"5":{"name":"(anonymous_5)","decl":{"start":{"line":40,"column":60},"end":{"line":40,"column":61}},"loc":{"start":{"line":40,"column":66},"end":{"line":40,"column":83}},"line":40}},"branchMap":{"0":{"loc":{"start":{"line":25,"column":16},"end":{"line":28,"column":19}},"type":"binary-expr","locations":[{"start":{"line":25,"column":16},"end":{"line":25,"column":40}},{"start":{"line":26,"column":16},"end":{"line":28,"column":19}}],"line":25},"1":{"loc":{"start":{"line":31,"column":16},"end":{"line":34,"column":19}},"type":"binary-expr","locations":[{"start":{"line":31,"column":16},"end":{"line":31,"column":42}},{"start":{"line":32,"column":16},"end":{"line":34,"column":19}}],"line":31}},"s":{"0":206,"1":206,"2":206,"3":7,"4":206,"5":10,"6":206,"7":0,"8":7,"9":10,"10":86},"f":{"0":206,"1":7,"2":10,"3":0,"4":7,"5":10},"b":{"0":[206,192],"1":[206,14]},"_coverageSchema":"1a1c01bbd47fc00a2c39e90264f33305004495a9","hash":"a7b18a66cc91a7fdcb03cb29eb1f6e3f110e3ab3"}
}
