TN:
SF:../client/src/App.js
FN:7,App
FNF:1
FNH:1
FNDA:179,App
DA:8,179
LF:1
LH:1
BRF:0
BRH:0
end_of_record
TN:
SF:../client/src/index.js
FNF:0
FNH:0
DA:5,86
DA:6,86
LF:2
LH:2
BRF:0
BRH:0
end_of_record
TN:
SF:../client/src/components/fakestackoverflow.js
FN:13,FakeStackOverflow
FN:24,(anonymous_1)
FN:26,(anonymous_2)
FN:35,(anonymous_3)
FN:40,(anonymous_4)
FN:45,(anonymous_5)
FN:49,(anonymous_6)
FN:55,(anonymous_7)
FN:58,(anonymous_8)
FN:63,(anonymous_9)
FN:73,(anonymous_10)
FNF:11
FNH:8
FNDA:471,FakeStackOverflow
FNDA:172,(anonymous_1)
FNDA:172,(anonymous_2)
FNDA:0,(anonymous_3)
FNDA:0,(anonymous_4)
FNDA:172,(anonymous_5)
FNDA:39,(anonymous_6)
FNDA:70,(anonymous_7)
FNDA:266,(anonymous_8)
FNDA:0,(anonymous_9)
FNDA:464,(anonymous_10)
DA:14,471
DA:15,464
DA:16,464
DA:17,464
DA:18,464
DA:19,464
DA:20,464
DA:21,464
DA:24,464
DA:25,172
DA:27,172
DA:28,4
DA:29,4
DA:31,168
DA:32,168
DA:36,0
DA:40,464
DA:41,0
DA:42,0
DA:45,464
DA:46,172
DA:49,464
DA:50,39
DA:51,31
DA:52,31
DA:54,39
DA:55,70
DA:58,464
DA:59,266
DA:61,192
DA:63,22
DA:65,0
DA:67,52
DA:69,0
DA:73,464
DA:74,464
DA:75,274
DA:85,190
DA:89,464
LF:39
LH:34
BRDA:27,0,0,4
BRDA:27,0,1,168
BRDA:49,1,0,39
BRDA:50,2,0,31
BRDA:50,2,1,8
BRDA:59,3,0,192
BRDA:59,3,1,22
BRDA:59,3,2,0
BRDA:59,3,3,52
BRDA:59,3,4,0
BRDA:65,4,0,0
BRDA:65,4,1,0
BRDA:74,5,0,274
BRDA:74,5,1,190
BRDA:74,6,0,464
BRDA:74,6,1,234
BRDA:79,7,0,8
BRDA:79,7,1,266
BRF:18
BRH:14
end_of_record
TN:
SF:../client/src/components/header/header.js
FN:5,Header
FN:17,(anonymous_1)
FN:19,(anonymous_2)
FN:30,(anonymous_3)
FN:36,(anonymous_4)
FN:41,(anonymous_5)
FN:43,(anonymous_6)
FN:47,(anonymous_7)
FN:52,(anonymous_8)
FN:68,(anonymous_9)
FN:69,(anonymous_10)
FN:81,(anonymous_11)
FN:88,(anonymous_12)
FNF:13
FNH:10
FNDA:546,Header
FNDA:176,(anonymous_1)
FNDA:176,(anonymous_2)
FNDA:0,(anonymous_3)
FNDA:4,(anonymous_4)
FNDA:9,(anonymous_5)
FNDA:9,(anonymous_6)
FNDA:0,(anonymous_7)
FNDA:176,(anonymous_8)
FNDA:41,(anonymous_9)
FNDA:45,(anonymous_10)
FNDA:9,(anonymous_11)
FNDA:0,(anonymous_12)
DA:13,546
DA:14,546
DA:17,546
DA:18,176
DA:20,176
DA:21,8
DA:22,8
DA:23,8
DA:26,168
DA:27,168
DA:31,0
DA:36,546
DA:37,4
DA:38,4
DA:41,546
DA:42,9
DA:44,9
DA:45,9
DA:48,0
DA:52,546
DA:53,176
DA:56,546
DA:68,41
DA:70,45
DA:71,4
DA:81,9
DA:88,0
DA:96,86
LF:28
LH:25
BRDA:20,0,0,8
BRDA:20,0,1,168
BRDA:61,1,0,546
BRDA:61,1,1,502
BRDA:61,1,2,356
BRDA:70,2,0,4
BRDA:70,2,1,41
BRDA:79,3,0,546
BRDA:79,3,1,312
BRDA:85,4,0,546
BRDA:85,4,1,44
BRF:11
BRH:11
end_of_record
TN:
SF:../client/src/components/login/login.js
FN:6,Login
FN:13,(anonymous_1)
FN:17,(anonymous_2)
FNF:3
FNH:3
FNDA:3030,Login
FNDA:1417,(anonymous_1)
FNDA:70,(anonymous_2)
DA:7,3030
DA:11,3030
DA:13,3030
DA:14,1417
DA:17,3030
DA:18,70
DA:19,70
DA:20,70
DA:21,68
DA:22,68
DA:24,2
DA:25,2
DA:29,3030
DA:46,86
LF:14
LH:14
BRDA:24,0,0,2
BRDA:24,0,1,0
BRDA:25,1,0,2
BRDA:25,1,1,0
BRDA:37,2,0,3030
BRDA:37,2,1,40
BRF:6
BRH:4
end_of_record
TN:
SF:../client/src/components/main/utils.js
FN:1,(anonymous_0)
FNF:1
FNH:1
FNDA:3848,(anonymous_0)
DA:1,86
DA:2,3848
DA:3,3848
DA:4,3848
DA:7,86
LF:5
LH:5
BRDA:3,0,0,3848
BRDA:3,0,1,0
BRF:2
BRH:1
end_of_record
TN:
SF:../client/src/components/main/Answers/AnswerCardTiming.js
FN:9,formatDate
FN:16,formatTime
FN:22,AnswerCardTiming
FNF:3
FNH:1
FNDA:0,formatDate
FNDA:0,formatTime
FNDA:570,AnswerCardTiming
DA:4,86
DA:10,0
DA:11,0
DA:13,0
DA:17,0
DA:18,0
DA:19,0
DA:23,570
DA:24,570
DA:26,570
DA:28,570
DA:29,570
DA:30,570
DA:31,0
DA:32,0
DA:33,0
DA:34,0
DA:35,0
DA:36,0
DA:37,0
DA:38,0
DA:39,0
DA:40,0
DA:41,0
DA:42,0
DA:43,0
DA:45,0
DA:46,0
DA:47,0
DA:50,570
DA:57,86
LF:31
LH:9
BRDA:29,0,0,570
BRDA:29,0,1,0
BRDA:31,1,0,0
BRDA:31,1,1,0
BRDA:33,2,0,0
BRDA:33,2,1,0
BRDA:34,3,0,0
BRDA:34,3,1,0
BRDA:36,4,0,0
BRDA:36,4,1,0
BRDA:37,5,0,0
BRDA:37,5,1,0
BRDA:37,6,0,0
BRDA:37,6,1,0
BRDA:37,6,2,0
BRDA:40,7,0,0
BRDA:40,7,1,0
BRF:17
BRH:1
end_of_record
TN:
SF:../client/src/components/main/Answers/AnswersPage.js
FN:11,AnswersPage
FN:23,(anonymous_1)
FN:46,(anonymous_2)
FN:49,(anonymous_3)
FN:55,(anonymous_4)
FN:60,(anonymous_5)
FN:63,(anonymous_6)
FN:66,(anonymous_7)
FN:71,(anonymous_8)
FN:75,(anonymous_9)
FN:80,(anonymous_10)
FN:90,(anonymous_11)
FN:94,(anonymous_12)
FN:107,(anonymous_13)
FN:115,(anonymous_14)
FN:121,(anonymous_15)
FN:135,(anonymous_16)
FN:136,(anonymous_17)
FN:148,(anonymous_18)
FN:163,(anonymous_19)
FN:205,(anonymous_20)
FN:224,(anonymous_21)
FN:225,(anonymous_22)
FN:259,(anonymous_23)
FN:260,(anonymous_24)
FN:276,(anonymous_25)
FN:300,(anonymous_26)
FN:301,(anonymous_27)
FN:306,(anonymous_28)
FNF:29
FNH:24
FNDA:342,AnswersPage
FNDA:54,(anonymous_1)
FNDA:64,(anonymous_2)
FNDA:64,(anonymous_3)
FNDA:0,(anonymous_4)
FNDA:59,(anonymous_5)
FNDA:1,(anonymous_6)
FNDA:58,(anonymous_7)
FNDA:54,(anonymous_8)
FNDA:54,(anonymous_9)
FNDA:0,(anonymous_10)
FNDA:12,(anonymous_11)
FNDA:8,(anonymous_12)
FNDA:1,(anonymous_13)
FNDA:0,(anonymous_14)
FNDA:3,(anonymous_15)
FNDA:4,(anonymous_16)
FNDA:8,(anonymous_17)
FNDA:4,(anonymous_18)
FNDA:1,(anonymous_19)
FNDA:636,(anonymous_20)
FNDA:2,(anonymous_21)
FNDA:1,(anonymous_22)
FNDA:0,(anonymous_23)
FNDA:0,(anonymous_24)
FNDA:566,(anonymous_25)
FNDA:3,(anonymous_26)
FNDA:1,(anonymous_27)
FNDA:1,(anonymous_28)
DA:12,342
DA:13,342
DA:14,342
DA:15,342
DA:16,342
DA:17,342
DA:18,342
DA:19,342
DA:20,342
DA:21,342
DA:23,342
DA:24,54
DA:25,54
DA:33,54
DA:34,4
DA:37,50
DA:38,50
DA:39,50
DA:41,4
DA:42,4
DA:46,342
DA:47,64
DA:48,64
DA:50,64
DA:51,64
DA:52,64
DA:53,64
DA:56,0
DA:60,342
DA:61,59
DA:62,59
DA:64,1
DA:67,58
DA:71,342
DA:73,54
DA:74,54
DA:76,54
DA:77,54
DA:78,54
DA:81,0
DA:84,54
DA:85,54
DA:86,54
DA:90,342
DA:91,12
DA:94,342
DA:95,8
DA:96,8
DA:97,8
DA:98,8
DA:100,8
DA:101,8
DA:103,0
DA:107,342
DA:108,1
DA:109,1
DA:110,0
DA:111,0
DA:115,342
DA:116,0
DA:117,0
DA:121,342
DA:122,3
DA:123,3
DA:124,3
DA:128,3
DA:129,3
DA:131,0
DA:135,342
DA:136,4
DA:137,8
DA:138,4
DA:143,4
DA:145,4
DA:148,342
DA:149,4
DA:150,4
DA:151,4
DA:155,4
DA:156,4
DA:157,4
DA:159,0
DA:163,342
DA:164,1
DA:165,1
DA:166,1
DA:170,1
DA:172,1
DA:173,1
DA:175,0
DA:179,342
DA:206,636
DA:224,2
DA:225,1
DA:259,0
DA:260,0
DA:277,566
DA:300,3
DA:301,1
DA:306,1
DA:347,86
LF:101
LH:89
BRDA:33,0,0,4
BRDA:33,0,1,50
BRDA:108,1,0,1
BRDA:108,1,1,0
BRDA:110,2,0,0
BRDA:110,2,1,0
BRDA:116,3,0,0
BRDA:116,3,1,0
BRDA:137,4,0,4
BRDA:137,4,1,4
BRDA:181,5,0,318
BRDA:181,5,1,24
BRDA:185,6,0,4
BRDA:185,6,1,314
BRDA:207,7,0,636
BRDA:207,7,1,0
BRDA:214,8,0,318
BRDA:214,8,1,152
BRDA:216,9,0,152
BRDA:216,9,1,8
BRDA:222,10,0,152
BRDA:222,10,1,144
BRDA:235,11,0,318
BRDA:235,11,1,4
BRDA:249,12,0,4
BRDA:249,12,1,4
BRDA:251,13,0,4
BRDA:251,13,1,0
BRDA:257,14,0,4
BRDA:257,14,1,4
BRDA:273,15,0,318
BRDA:273,15,1,4
BRDA:290,16,0,566
BRDA:290,16,1,370
BRDA:292,17,0,370
BRDA:292,17,1,16
BRDA:298,18,0,370
BRDA:298,18,1,354
BRDA:304,19,0,370
BRDA:304,19,1,148
BRDA:317,20,0,566
BRDA:317,20,1,316
BRDA:321,21,0,318
BRDA:321,21,1,16
BRDA:324,22,0,16
BRDA:324,22,1,12
BRDA:328,23,0,16
BRDA:328,23,1,4
BRDA:334,24,0,318
BRDA:334,24,1,152
BRF:50
BRH:43
end_of_record
TN:
SF:../client/src/components/main/TagQuestionsList/TagQuestionsList.js
FN:8,TagQuestionsList
FN:15,(anonymous_1)
FN:19,(anonymous_2)
FN:32,(anonymous_3)
FN:40,(anonymous_4)
FN:46,(anonymous_5)
FN:67,(anonymous_6)
FN:79,(anonymous_7)
FN:84,(anonymous_8)
FNF:9
FNH:5
FNDA:24,TagQuestionsList
FNDA:0,(anonymous_1)
FNDA:8,(anonymous_2)
FNDA:0,(anonymous_3)
FNDA:0,(anonymous_4)
FNDA:8,(anonymous_5)
FNDA:48,(anonymous_6)
FNDA:0,(anonymous_7)
FNDA:96,(anonymous_8)
DA:9,24
DA:10,24
DA:11,24
DA:12,24
DA:13,24
DA:15,24
DA:16,0
DA:19,24
DA:20,8
DA:21,8
DA:22,8
DA:23,8
DA:24,8
DA:25,8
DA:26,8
DA:28,0
DA:32,24
DA:33,0
DA:34,0
DA:35,0
DA:36,0
DA:40,24
DA:41,0
DA:42,0
DA:46,24
DA:47,8
DA:50,24
DA:68,48
DA:79,0
DA:85,96
DA:117,86
LF:31
LH:22
BRDA:33,0,0,0
BRDA:33,0,1,0
BRDA:35,1,0,0
BRDA:35,1,1,0
BRDA:41,2,0,0
BRDA:41,2,1,0
BRDA:57,3,0,0
BRDA:57,3,1,24
BRDA:94,4,0,48
BRDA:94,4,1,32
BRDA:98,5,0,24
BRDA:98,5,1,0
BRDA:101,6,0,0
BRDA:101,6,1,0
BRDA:105,7,0,0
BRDA:105,7,1,0
BRF:16
BRH:4
end_of_record
TN:
SF:../client/src/components/main/answerForm/answerForm.js
FN:5,AnswerForm
FN:16,(anonymous_1)
FN:23,(anonymous_2)
FN:24,(anonymous_3)
FN:49,(anonymous_4)
FN:62,(anonymous_5)
FNF:6
FNH:6
FNDA:496,AnswerForm
FNDA:203,(anonymous_1)
FNDA:24,(anonymous_2)
FNDA:24,(anonymous_3)
FNDA:10,(anonymous_4)
FNDA:10,(anonymous_5)
DA:7,496
DA:12,496
DA:13,496
DA:14,496
DA:16,496
DA:17,203
DA:18,203
DA:20,203
DA:23,496
DA:24,24
DA:25,24
DA:26,24
DA:34,24
DA:35,0
DA:38,24
DA:39,24
DA:40,24
DA:42,0
DA:46,24
DA:49,496
DA:50,10
DA:51,10
DA:52,10
DA:54,8
DA:55,8
DA:56,8
DA:58,2
DA:62,496
DA:63,10
DA:66,10
DA:67,1
DA:70,9
DA:71,9
DA:73,9
DA:74,1
DA:75,1
DA:76,1
DA:77,1
DA:78,1
DA:82,10
DA:85,496
DA:111,86
LF:42
LH:40
BRDA:34,0,0,0
BRDA:34,0,1,24
BRDA:52,1,0,8
BRDA:52,1,1,2
BRDA:66,2,0,1
BRDA:66,2,1,9
BRDA:76,3,0,1
BRDA:76,3,1,0
BRDA:76,4,0,1
BRDA:76,4,1,1
BRDA:76,4,2,1
BRDA:97,5,0,496
BRDA:97,5,1,4
BRF:13
BRH:11
end_of_record
TN:
SF:../client/src/components/main/comments/commentsSection.js
FN:5,(anonymous_0)
FN:14,(anonymous_1)
FN:29,(anonymous_2)
FN:36,(anonymous_3)
FN:57,(anonymous_4)
FN:64,(anonymous_5)
FN:89,(anonymous_6)
FN:135,(anonymous_7)
FN:143,(anonymous_8)
FN:156,(anonymous_9)
FN:161,(anonymous_10)
FN:181,(anonymous_11)
FNF:12
FNH:9
FNDA:2598,(anonymous_0)
FNDA:278,(anonymous_1)
FNDA:486,(anonymous_2)
FNDA:267,(anonymous_3)
FNDA:267,(anonymous_4)
FNDA:0,(anonymous_5)
FNDA:13,(anonymous_6)
FNDA:1,(anonymous_7)
FNDA:0,(anonymous_8)
FNDA:696,(anonymous_9)
FNDA:0,(anonymous_10)
FNDA:473,(anonymous_11)
DA:5,86
DA:6,2598
DA:7,2598
DA:8,2598
DA:9,2598
DA:10,2598
DA:11,2598
DA:12,2598
DA:14,2598
DA:15,278
DA:16,278
DA:17,278
DA:18,278
DA:19,278
DA:20,278
DA:21,278
DA:23,0
DA:25,278
DA:29,2598
DA:30,486
DA:31,13
DA:32,13
DA:36,2598
DA:37,267
DA:38,267
DA:46,267
DA:47,12
DA:50,255
DA:52,12
DA:53,12
DA:57,2598
DA:58,267
DA:59,267
DA:64,2598
DA:65,0
DA:66,0
DA:75,0
DA:77,0
DA:78,0
DA:82,0
DA:84,0
DA:85,0
DA:89,2598
DA:91,13
DA:93,13
DA:94,0
DA:95,0
DA:98,13
DA:99,1
DA:100,1
DA:103,12
DA:104,1
DA:105,1
DA:108,11
DA:109,11
DA:114,11
DA:122,11
DA:123,0
DA:126,11
DA:127,11
DA:128,11
DA:130,0
DA:131,0
DA:135,2598
DA:136,1
DA:137,1
DA:138,0
DA:139,0
DA:143,2598
DA:144,0
DA:145,0
DA:149,2598
DA:151,1882
DA:157,696
DA:161,0
DA:181,473
DA:195,86
LF:77
LH:58
BRDA:30,0,0,13
BRDA:30,0,1,473
BRDA:30,1,0,486
BRDA:30,1,1,13
BRDA:46,2,0,12
BRDA:46,2,1,255
BRDA:77,3,0,0
BRDA:77,3,1,0
BRDA:78,4,0,0
BRDA:78,4,1,0
BRDA:85,5,0,0
BRDA:85,5,1,0
BRDA:93,6,0,0
BRDA:93,6,1,13
BRDA:98,7,0,1
BRDA:98,7,1,12
BRDA:103,8,0,1
BRDA:103,8,1,11
BRDA:122,9,0,0
BRDA:122,9,1,11
BRDA:136,10,0,1
BRDA:136,10,1,0
BRDA:138,11,0,0
BRDA:138,11,1,0
BRDA:144,12,0,0
BRDA:144,12,1,0
BRDA:149,13,0,716
BRDA:149,13,1,1882
BRDA:155,14,0,1882
BRDA:155,14,1,1390
BRDA:160,15,0,696
BRDA:160,15,1,696
BRDA:168,16,0,1882
BRDA:168,16,1,8
BRDA:175,17,0,1882
BRDA:175,17,1,1574
BRDA:188,18,0,1882
BRDA:188,18,1,4
BRF:38
BRH:25
end_of_record
TN:
SF:../client/src/components/main/questionForm/questionForm.js
FN:6,QuestionForm
FN:19,(anonymous_1)
FN:20,(anonymous_2)
FN:46,(anonymous_3)
FN:53,(anonymous_4)
FN:66,(anonymous_5)
FN:70,(anonymous_6)
FN:77,(anonymous_7)
FNF:8
FNH:8
FNDA:3412,QuestionForm
FNDA:48,(anonymous_1)
FNDA:48,(anonymous_2)
FNDA:1578,(anonymous_3)
FNDA:24,(anonymous_4)
FNDA:48,(anonymous_5)
FNDA:384,(anonymous_6)
FNDA:24,(anonymous_7)
DA:8,3412
DA:14,3412
DA:15,3412
DA:16,3412
DA:17,3412
DA:19,3412
DA:20,48
DA:21,48
DA:22,48
DA:30,48
DA:31,0
DA:34,48
DA:35,48
DA:36,48
DA:38,0
DA:42,48
DA:43,48
DA:46,3412
DA:47,1578
DA:48,1578
DA:50,1578
DA:53,3412
DA:54,24
DA:55,24
DA:56,24
DA:58,13
DA:59,13
DA:60,13
DA:62,11
DA:66,3412
DA:67,48
DA:68,48
DA:69,48
DA:70,384
DA:71,48
DA:73,0
DA:77,3412
DA:78,24
DA:81,24
DA:82,1
DA:83,23
DA:84,1
DA:88,24
DA:89,1
DA:92,23
DA:93,23
DA:95,23
DA:96,5
DA:97,5
DA:98,5
DA:99,4
DA:100,4
DA:106,24
DA:107,1
DA:109,23
DA:110,23
DA:111,1
DA:114,23
DA:115,1
DA:116,1
DA:117,1
DA:118,1
DA:122,22
DA:123,31
DA:124,1
DA:125,1
DA:130,24
DA:133,3412
DA:185,86
LF:69
LH:66
BRDA:30,0,0,0
BRDA:30,0,1,48
BRDA:56,1,0,13
BRDA:56,1,1,11
BRDA:81,2,0,1
BRDA:81,2,1,23
BRDA:83,3,0,1
BRDA:83,3,1,22
BRDA:88,4,0,1
BRDA:88,4,1,23
BRDA:98,5,0,4
BRDA:98,5,1,1
BRDA:98,6,0,5
BRDA:98,6,1,5
BRDA:98,6,2,5
BRDA:106,7,0,1
BRDA:106,7,1,23
BRDA:110,8,0,1
BRDA:110,8,1,22
BRDA:114,9,0,1
BRDA:114,9,1,22
BRDA:116,10,0,1
BRDA:116,10,1,0
BRDA:123,11,0,1
BRDA:123,11,1,30
BRDA:145,12,0,3412
BRDA:145,12,1,4
BRDA:159,13,0,3412
BRDA:159,13,1,10
BRDA:173,14,0,3412
BRDA:173,14,1,8
BRF:31
BRH:29
end_of_record
TN:
SF:../client/src/components/main/questionList/QuestionCardTiming.js
FN:9,formatDate
FN:16,formatTime
FN:22,QuestionCardTiming
FNF:3
FNH:1
FNDA:0,formatDate
FNDA:0,formatTime
FNDA:3176,QuestionCardTiming
DA:4,86
DA:10,0
DA:11,0
DA:13,0
DA:17,0
DA:18,0
DA:19,0
DA:23,3176
DA:24,3176
DA:26,3176
DA:28,3176
DA:29,3176
DA:30,3176
DA:31,0
DA:32,0
DA:33,0
DA:34,0
DA:35,0
DA:36,0
DA:37,0
DA:38,0
DA:39,0
DA:40,0
DA:41,0
DA:42,0
DA:43,0
DA:45,0
DA:46,0
DA:47,0
DA:50,3176
DA:57,86
LF:31
LH:9
BRDA:29,0,0,3176
BRDA:29,0,1,0
BRDA:31,1,0,0
BRDA:31,1,1,0
BRDA:33,2,0,0
BRDA:33,2,1,0
BRDA:34,3,0,0
BRDA:34,3,1,0
BRDA:36,4,0,0
BRDA:36,4,1,0
BRDA:37,5,0,0
BRDA:37,5,1,0
BRDA:37,6,0,0
BRDA:37,6,1,0
BRDA:37,6,2,0
BRDA:40,7,0,0
BRDA:40,7,1,0
BRF:17
BRH:1
end_of_record
TN:
SF:../client/src/components/main/questionList/questionsList.js
FN:9,QuestionsList
FN:19,(anonymous_1)
FN:43,(anonymous_2)
FN:47,(anonymous_3)
FN:60,(anonymous_4)
FN:64,(anonymous_5)
FN:77,(anonymous_6)
FN:81,(anonymous_7)
FN:89,(anonymous_8)
FN:95,(anonymous_9)
FN:100,truncateQuestionText
FN:135,(anonymous_11)
FN:136,(anonymous_12)
FN:137,(anonymous_13)
FN:142,(anonymous_14)
FN:160,(anonymous_15)
FN:165,(anonymous_16)
FNF:17
FNH:16
FNDA:858,QuestionsList
FNDA:168,(anonymous_1)
FNDA:23,(anonymous_2)
FNDA:12,(anonymous_3)
FNDA:27,(anonymous_4)
FNDA:194,(anonymous_5)
FNDA:24,(anonymous_6)
FNDA:2,(anonymous_7)
FNDA:0,(anonymous_8)
FNDA:168,(anonymous_9)
FNDA:2796,truncateQuestionText
FNDA:4,(anonymous_11)
FNDA:2,(anonymous_12)
FNDA:6,(anonymous_13)
FNDA:2796,(anonymous_14)
FNDA:27,(anonymous_15)
FNDA:5572,(anonymous_16)
DA:10,858
DA:11,858
DA:12,858
DA:13,858
DA:14,858
DA:15,858
DA:16,858
DA:17,858
DA:19,858
DA:20,168
DA:21,168
DA:29,168
DA:30,20
DA:33,148
DA:34,148
DA:35,148
DA:36,148
DA:38,20
DA:39,20
DA:43,858
DA:44,23
DA:47,858
DA:48,12
DA:49,12
DA:50,12
DA:51,12
DA:53,12
DA:54,12
DA:56,0
DA:60,858
DA:61,27
DA:64,858
DA:65,194
DA:66,194
DA:67,194
DA:68,194
DA:69,194
DA:70,194
DA:71,194
DA:73,0
DA:77,858
DA:78,24
DA:81,858
DA:82,2
DA:83,2
DA:84,0
DA:85,0
DA:89,858
DA:90,0
DA:91,0
DA:95,858
DA:96,168
DA:97,168
DA:101,2796
DA:102,0
DA:104,2796
DA:107,858
DA:135,4
DA:136,2
DA:137,6
DA:143,2796
DA:160,27
DA:166,5572
LF:63
LH:56
BRDA:29,0,0,20
BRDA:29,0,1,148
BRDA:82,1,0,2
BRDA:82,1,1,0
BRDA:84,2,0,0
BRDA:84,2,1,0
BRDA:90,3,0,0
BRDA:90,3,1,0
BRDA:101,4,0,0
BRDA:101,4,1,2796
BRDA:109,5,0,48
BRDA:109,5,1,810
BRDA:111,6,0,54
BRDA:111,6,1,756
BRDA:116,7,0,54
BRDA:116,7,1,50
BRDA:127,8,0,756
BRDA:127,8,1,400
BRDA:152,9,0,0
BRDA:152,9,1,2796
BRDA:174,10,0,2796
BRDA:174,10,1,2232
BRDA:178,11,0,756
BRDA:178,11,1,558
BRDA:181,12,0,558
BRDA:181,12,1,554
BRDA:185,13,0,558
BRDA:185,13,1,4
BRF:28
BRH:21
end_of_record
TN:
SF:../client/src/components/main/searchResults/searchResultsList.js
FN:9,SearchResultsList
FN:17,(anonymous_1)
FN:21,(anonymous_2)
FN:32,(anonymous_3)
FN:36,(anonymous_4)
FN:49,(anonymous_5)
FN:53,(anonymous_6)
FN:61,(anonymous_7)
FN:67,(anonymous_8)
FN:92,(anonymous_9)
FN:93,(anonymous_10)
FN:94,(anonymous_11)
FN:104,(anonymous_12)
FN:112,(anonymous_13)
FN:115,(anonymous_14)
FNF:15
FNH:5
FNDA:24,SearchResultsList
FNDA:0,(anonymous_1)
FNDA:0,(anonymous_2)
FNDA:0,(anonymous_3)
FNDA:8,(anonymous_4)
FNDA:0,(anonymous_5)
FNDA:0,(anonymous_6)
FNDA:0,(anonymous_7)
FNDA:8,(anonymous_8)
FNDA:0,(anonymous_9)
FNDA:0,(anonymous_10)
FNDA:0,(anonymous_11)
FNDA:24,(anonymous_12)
FNDA:0,(anonymous_13)
FNDA:48,(anonymous_14)
DA:10,24
DA:11,24
DA:12,24
DA:13,24
DA:14,24
DA:15,24
DA:17,24
DA:18,0
DA:21,24
DA:22,0
DA:23,0
DA:24,0
DA:25,0
DA:26,0
DA:28,0
DA:32,24
DA:33,0
DA:36,24
DA:37,8
DA:38,8
DA:39,8
DA:40,8
DA:41,8
DA:42,8
DA:43,8
DA:45,0
DA:49,24
DA:50,0
DA:53,24
DA:54,0
DA:55,0
DA:56,0
DA:57,0
DA:61,24
DA:62,0
DA:63,0
DA:67,24
DA:68,8
DA:71,24
DA:92,0
DA:93,0
DA:94,0
DA:105,24
DA:112,0
DA:116,48
DA:149,86
LF:46
LH:26
BRDA:54,0,0,0
BRDA:54,0,1,0
BRDA:56,1,0,0
BRDA:56,1,1,0
BRDA:62,2,0,0
BRDA:62,2,1,0
BRDA:73,3,0,0
BRDA:73,3,1,24
BRDA:75,4,0,0
BRDA:75,4,1,24
BRDA:97,5,0,12
BRDA:97,5,1,12
BRDA:124,6,0,24
BRDA:124,6,1,12
BRDA:128,7,0,12
BRDA:128,7,1,0
BRDA:131,8,0,0
BRDA:131,8,1,0
BRDA:135,9,0,0
BRDA:135,9,1,0
BRF:20
BRH:7
end_of_record
TN:
SF:../client/src/components/main/tagsList/tagsList.js
FN:8,TagsList
FN:13,(anonymous_1)
FN:16,(anonymous_2)
FN:19,(anonymous_3)
FN:24,(anonymous_4)
FN:28,(anonymous_5)
FN:32,(anonymous_6)
FN:47,(anonymous_7)
FN:64,(anonymous_8)
FN:67,(anonymous_9)
FNF:10
FNH:8
FNDA:78,TagsList
FNDA:22,(anonymous_1)
FNDA:22,(anonymous_2)
FNDA:0,(anonymous_3)
FNDA:1,(anonymous_4)
FNDA:4,(anonymous_5)
FNDA:1,(anonymous_6)
FNDA:0,(anonymous_7)
FNDA:376,(anonymous_8)
FNDA:4,(anonymous_9)
DA:9,78
DA:10,78
DA:11,78
DA:13,78
DA:14,22
DA:15,22
DA:17,22
DA:20,0
DA:24,78
DA:25,1
DA:28,78
DA:29,4
DA:32,78
DA:33,1
DA:34,1
DA:35,1
DA:36,1
DA:38,1
DA:40,0
DA:44,78
DA:47,0
DA:65,376
DA:67,4
DA:81,86
LF:24
LH:21
BRDA:46,0,0,2
BRDA:46,0,1,76
BRDA:49,1,0,8
BRDA:49,1,1,68
BRDA:57,2,0,68
BRDA:57,2,1,56
BRF:6
BRH:6
end_of_record
TN:
SF:../client/src/components/menubar/menubar.js
FN:5,Menubar
FN:8,(anonymous_1)
FN:17,(anonymous_2)
FN:23,(anonymous_3)
FN:31,(anonymous_4)
FNF:5
FNH:5
FNDA:250,Menubar
FNDA:39,(anonymous_1)
FNDA:6,(anonymous_2)
FNDA:11,(anonymous_3)
FNDA:22,(anonymous_4)
DA:6,250
DA:8,250
DA:9,39
DA:10,39
DA:13,250
DA:17,6
DA:23,11
DA:31,22
DA:41,86
LF:9
LH:9
BRDA:16,0,0,184
BRDA:16,0,1,66
BRDA:22,1,0,22
BRDA:22,1,1,228
BRDA:28,2,0,250
BRDA:28,2,1,226
BRDA:30,3,0,44
BRDA:30,3,1,182
BRF:8
BRH:8
end_of_record
TN:
SF:../client/src/components/profile/profile.js
FN:7,(anonymous_0)
FN:16,Profile
FN:21,(anonymous_2)
FN:43,(anonymous_3)
FN:47,(anonymous_4)
FN:51,(anonymous_5)
FN:54,(anonymous_6)
FN:106,(anonymous_7)
FN:112,(anonymous_8)
FN:118,(anonymous_9)
FNF:10
FNH:10
FNDA:152,(anonymous_0)
FNDA:152,Profile
FNDA:44,(anonymous_2)
FNDA:44,(anonymous_3)
FNDA:9,(anonymous_4)
FNDA:16,(anonymous_5)
FNDA:152,(anonymous_6)
FNDA:3,(anonymous_7)
FNDA:3,(anonymous_8)
FNDA:3,(anonymous_9)
DA:7,86
DA:8,152
DA:9,108
DA:10,108
DA:11,108
DA:12,108
DA:13,108
DA:17,152
DA:18,152
DA:19,152
DA:21,152
DA:22,44
DA:23,44
DA:31,44
DA:32,0
DA:35,44
DA:36,44
DA:37,44
DA:39,0
DA:43,152
DA:44,44
DA:47,152
DA:48,9
DA:49,6
DA:51,16
DA:54,152
DA:55,152
DA:57,140
DA:63,6
DA:71,6
DA:77,0
DA:81,152
DA:106,3
DA:112,3
DA:118,3
LF:35
LH:32
BRDA:8,0,0,44
BRDA:8,0,1,108
BRDA:31,1,0,0
BRDA:31,1,1,44
BRDA:48,2,0,6
BRDA:48,2,1,3
BRDA:55,3,0,140
BRDA:55,3,1,6
BRDA:55,3,2,6
BRDA:55,3,3,0
BRDA:105,4,0,140
BRDA:105,4,1,12
BRDA:111,5,0,6
BRDA:111,5,1,146
BRDA:117,6,0,6
BRDA:117,6,1,146
BRF:16
BRH:14
end_of_record
TN:
SF:../client/src/components/profile/answerForm/answerForm.js
FN:5,AnswerForm
FN:10,(anonymous_1)
FN:17,(anonymous_2)
FN:26,(anonymous_3)
FN:36,(anonymous_4)
FN:40,(anonymous_5)
FNF:6
FNH:6
FNDA:18,AnswerForm
FNDA:1,(anonymous_1)
FNDA:8,(anonymous_2)
FNDA:2,(anonymous_3)
FNDA:1,(anonymous_4)
FNDA:2,(anonymous_5)
DA:7,18
DA:8,18
DA:10,18
DA:11,1
DA:12,1
DA:14,1
DA:17,18
DA:19,8
DA:20,8
DA:26,18
DA:27,2
DA:28,2
DA:29,2
DA:30,2
DA:32,0
DA:36,18
DA:37,1
DA:40,18
DA:41,2
DA:44,2
DA:45,0
DA:48,2
DA:49,2
DA:51,2
DA:52,0
DA:53,0
DA:54,0
DA:55,0
DA:56,0
DA:61,2
DA:64,18
DA:91,86
LF:32
LH:25
BRDA:19,0,0,8
BRDA:19,0,1,0
BRDA:21,1,0,8
BRDA:21,1,1,0
BRDA:29,2,0,2
BRDA:29,2,1,0
BRDA:44,3,0,0
BRDA:44,3,1,2
BRDA:54,4,0,0
BRDA:54,4,1,0
BRDA:54,5,0,0
BRDA:54,5,1,0
BRDA:54,5,2,0
BRDA:76,6,0,18
BRDA:76,6,1,0
BRF:15
BRH:5
end_of_record
TN:
SF:../client/src/components/profile/answers/answersList.js
FN:7,AnswersList
FN:11,(anonymous_1)
FN:32,(anonymous_2)
FN:36,(anonymous_3)
FN:49,(anonymous_4)
FN:62,(anonymous_5)
FN:66,truncateAnswerText
FN:83,(anonymous_7)
FN:88,(anonymous_8)
FNF:9
FNH:9
FNDA:38,AnswersList
FNDA:9,(anonymous_1)
FNDA:4,(anonymous_2)
FNDA:2,(anonymous_3)
FNDA:1,(anonymous_4)
FNDA:6,(anonymous_5)
FNDA:92,truncateAnswerText
FNDA:92,(anonymous_7)
FNDA:4,(anonymous_8)
DA:8,38
DA:9,38
DA:11,38
DA:12,9
DA:13,9
DA:21,9
DA:22,0
DA:25,9
DA:26,9
DA:28,0
DA:32,38
DA:33,4
DA:36,38
DA:37,2
DA:38,2
DA:39,2
DA:40,2
DA:42,2
DA:43,2
DA:45,0
DA:49,38
DA:50,1
DA:51,1
DA:52,1
DA:53,1
DA:55,1
DA:56,1
DA:58,0
DA:62,38
DA:63,6
DA:67,92
DA:68,0
DA:70,92
DA:73,38
DA:84,92
DA:88,4
LF:36
LH:31
BRDA:21,0,0,0
BRDA:21,0,1,9
BRDA:67,1,0,0
BRDA:67,1,1,92
BRDA:75,2,0,8
BRDA:75,2,1,30
BRDA:93,3,0,92
BRDA:93,3,1,68
BRF:8
BRH:6
end_of_record
TN:
SF:../client/src/components/profile/questionForm/questionForm.js
FN:6,QuestionForm
FN:13,(anonymous_1)
FN:24,(anonymous_2)
FN:25,(anonymous_3)
FN:51,(anonymous_4)
FN:58,(anonymous_5)
FN:68,(anonymous_6)
FN:72,(anonymous_7)
FN:76,(anonymous_8)
FN:83,(anonymous_9)
FNF:10
FNH:10
FNDA:56,QuestionForm
FNDA:8,(anonymous_1)
FNDA:8,(anonymous_2)
FNDA:8,(anonymous_3)
FNDA:8,(anonymous_4)
FNDA:2,(anonymous_5)
FNDA:1,(anonymous_6)
FNDA:8,(anonymous_7)
FNDA:66,(anonymous_8)
FNDA:2,(anonymous_9)
DA:8,56
DA:9,56
DA:10,56
DA:11,56
DA:13,56
DA:15,8
DA:16,8
DA:24,56
DA:25,8
DA:26,8
DA:27,8
DA:35,8
DA:36,0
DA:39,8
DA:40,8
DA:41,8
DA:43,0
DA:47,8
DA:48,8
DA:51,56
DA:52,8
DA:53,8
DA:55,8
DA:58,56
DA:59,2
DA:60,2
DA:61,2
DA:62,2
DA:64,0
DA:68,56
DA:69,1
DA:72,56
DA:73,8
DA:74,8
DA:75,8
DA:76,66
DA:77,8
DA:79,0
DA:83,56
DA:84,2
DA:87,2
DA:88,0
DA:89,2
DA:90,0
DA:94,2
DA:95,0
DA:98,2
DA:99,2
DA:101,2
DA:102,0
DA:103,0
DA:104,0
DA:105,0
DA:106,0
DA:112,2
DA:113,0
DA:115,2
DA:116,2
DA:117,0
DA:120,2
DA:121,0
DA:122,0
DA:123,0
DA:124,0
DA:128,2
DA:129,5
DA:130,0
DA:131,0
DA:136,2
DA:139,56
DA:195,86
LF:71
LH:51
BRDA:15,0,0,8
BRDA:15,0,1,0
BRDA:17,1,0,8
BRDA:17,1,1,0
BRDA:18,2,0,8
BRDA:18,2,1,0
BRDA:19,3,0,8
BRDA:19,3,1,0
BRDA:35,4,0,0
BRDA:35,4,1,8
BRDA:61,5,0,2
BRDA:61,5,1,0
BRDA:87,6,0,0
BRDA:87,6,1,2
BRDA:89,7,0,0
BRDA:89,7,1,2
BRDA:94,8,0,0
BRDA:94,8,1,2
BRDA:104,9,0,0
BRDA:104,9,1,0
BRDA:104,10,0,0
BRDA:104,10,1,0
BRDA:104,10,2,0
BRDA:112,11,0,0
BRDA:112,11,1,2
BRDA:116,12,0,0
BRDA:116,12,1,2
BRDA:120,13,0,0
BRDA:120,13,1,2
BRDA:122,14,0,0
BRDA:122,14,1,0
BRDA:129,15,0,0
BRDA:129,15,1,5
BRDA:151,16,0,56
BRDA:151,16,1,0
BRDA:165,17,0,56
BRDA:165,17,1,0
BRDA:180,18,0,56
BRDA:180,18,1,0
BRF:39
BRH:16
end_of_record
TN:
SF:../client/src/components/profile/questions/questionsList.js
FN:6,QuestionsList
FN:13,(anonymous_1)
FN:17,(anonymous_2)
FN:30,(anonymous_3)
FN:43,(anonymous_4)
FN:67,(anonymous_5)
FN:75,(anonymous_6)
FN:81,(anonymous_7)
FN:97,(anonymous_8)
FN:105,(anonymous_9)
FNF:10
FNH:8
FNDA:230,QuestionsList
FNDA:4,(anonymous_1)
FNDA:2,(anonymous_2)
FNDA:1,(anonymous_3)
FNDA:53,(anonymous_4)
FNDA:0,(anonymous_5)
FNDA:0,(anonymous_6)
FNDA:50,(anonymous_7)
FNDA:266,(anonymous_8)
FNDA:4,(anonymous_9)
DA:7,230
DA:8,230
DA:9,230
DA:10,230
DA:11,230
DA:13,230
DA:14,4
DA:17,230
DA:18,2
DA:19,2
DA:20,2
DA:21,2
DA:23,2
DA:24,2
DA:26,0
DA:30,230
DA:31,1
DA:32,1
DA:33,1
DA:34,1
DA:36,1
DA:37,1
DA:39,0
DA:43,230
DA:44,53
DA:45,53
DA:53,53
DA:54,0
DA:57,53
DA:58,53
DA:59,53
DA:60,53
DA:61,53
DA:63,0
DA:67,230
DA:68,0
DA:69,0
DA:70,0
DA:71,0
DA:75,230
DA:76,0
DA:77,0
DA:81,230
DA:82,50
DA:85,230
DA:98,266
DA:105,4
LF:47
LH:37
BRDA:53,0,0,0
BRDA:53,0,1,53
BRDA:68,1,0,0
BRDA:68,1,1,0
BRDA:70,2,0,0
BRDA:70,2,1,0
BRDA:76,3,0,0
BRDA:76,3,1,0
BRDA:87,4,0,8
BRDA:87,4,1,222
BRDA:110,5,0,266
BRDA:110,5,1,132
BRDA:114,6,0,222
BRDA:114,6,1,0
BRDA:117,7,0,0
BRDA:117,7,1,0
BRDA:121,8,0,0
BRDA:121,8,1,0
BRF:18
BRH:6
end_of_record
TN:
SF:../client/src/components/profile/tags/tagsList.js
FN:5,TagsList
FN:10,(anonymous_1)
FN:31,(anonymous_2)
FN:43,(anonymous_3)
FN:45,(anonymous_4)
FN:49,(anonymous_5)
FN:56,(anonymous_6)
FN:68,(anonymous_7)
FN:78,(anonymous_8)
FN:86,(anonymous_9)
FN:94,(anonymous_10)
FN:95,(anonymous_11)
FNF:12
FNH:12
FNDA:30,TagsList
FNDA:7,(anonymous_1)
FNDA:1,(anonymous_2)
FNDA:1,(anonymous_3)
FNDA:1,(anonymous_4)
FNDA:1,(anonymous_5)
FNDA:1,(anonymous_6)
FNDA:6,(anonymous_7)
FNDA:22,(anonymous_8)
FNDA:3,(anonymous_9)
FNDA:1,(anonymous_10)
FNDA:1,(anonymous_11)
DA:6,30
DA:7,30
DA:8,30
DA:10,30
DA:11,7
DA:12,7
DA:20,7
DA:21,0
DA:24,7
DA:25,7
DA:27,0
DA:31,30
DA:32,1
DA:33,1
DA:34,1
DA:35,1
DA:37,1
DA:39,0
DA:43,30
DA:44,1
DA:45,1
DA:46,1
DA:49,30
DA:50,1
DA:51,1
DA:52,1
DA:53,1
DA:56,1
DA:57,1
DA:60,1
DA:61,1
DA:62,1
DA:64,0
DA:68,30
DA:69,6
DA:72,30
DA:79,22
DA:86,3
DA:94,1
DA:95,1
LF:40
LH:36
BRDA:20,0,0,0
BRDA:20,0,1,7
BRDA:57,1,0,1
BRDA:57,1,1,0
BRDA:80,2,0,8
BRDA:80,2,1,14
BRF:6
BRH:4
end_of_record
TN:
SF:../client/src/components/register/register.js
FN:6,Register
FN:16,(anonymous_1)
FN:21,(anonymous_2)
FNF:3
FNH:3
FNDA:630,Register
FNDA:306,(anonymous_1)
FNDA:5,(anonymous_2)
DA:7,630
DA:13,630
DA:16,630
DA:17,306
DA:21,630
DA:22,5
DA:24,5
DA:25,0
DA:26,0
DA:29,5
DA:30,5
DA:31,1
DA:32,1
DA:33,1
DA:35,2
DA:36,2
DA:40,630
DA:70,86
LF:18
LH:16
BRDA:24,0,0,0
BRDA:24,0,1,5
BRDA:35,1,0,2
BRDA:35,1,1,0
BRDA:36,2,0,2
BRDA:36,2,1,0
BRDA:58,3,0,630
BRDA:58,3,1,362
BRDA:58,3,2,614
BRDA:62,4,0,630
BRDA:62,4,1,362
BRDA:62,4,2,16
BRF:12
BRH:9
end_of_record
TN:
SF:../client/src/components/welcome/welcome.js
FN:7,Welcome
FN:11,(anonymous_1)
FN:15,(anonymous_2)
FN:38,(anonymous_3)
FN:39,(anonymous_4)
FN:40,(anonymous_5)
FNF:6
FNH:5
FNDA:206,Welcome
FNDA:7,(anonymous_1)
FNDA:10,(anonymous_2)
FNDA:0,(anonymous_3)
FNDA:7,(anonymous_4)
FNDA:10,(anonymous_5)
DA:8,206
DA:9,206
DA:11,206
DA:12,7
DA:15,206
DA:16,10
DA:19,206
DA:38,0
DA:39,7
DA:40,10
DA:47,86
LF:11
LH:10
BRDA:25,0,0,206
BRDA:25,0,1,192
BRDA:31,1,0,206
BRDA:31,1,1,14
BRF:4
BRH:4
end_of_record
